[2019-01-12 17:49:38] [VERSION] loading version from install dir: ./
[2019-01-12 17:49:38] [VERSION] VERSION: 0.201.346
[2019-01-12 17:49:38] [VERSION] BUILD: 20190112_202924
[2019-01-12 17:49:38] #################### StarMade #######################
[2019-01-12 17:49:38] # version 0.201.346 - build 20190112_202924 #
[2019-01-12 17:49:38] #####################################################
[2019-01-12 17:49:38] [SERIAL] "not retrieved"
[2019-01-12 17:49:38] [INSTALLATION_DIRECTORY] "/home/starmade/starmade/StarMade/."
[2019-01-12 17:49:38] [JVM-ARGUMENTS] [-Xms2g, -Xmx24g]
[2019-01-12 17:49:38] [SETTINGS] WARNING: NO SETTING FOUND: 'BLOCK_ID_OF_CARGO_SPACE_IN_BUILD_MODE = 411' (happens for example when names of settings are changed)
[2019-01-12 17:49:38] java.io.FileNotFoundException: ./keyboard.cfg (No such file or directory)
[2019-01-12 17:49:38] 	at java.io.FileInputStream.open0(Native Method)
[2019-01-12 17:49:38] 	at java.io.FileInputStream.open(FileInputStream.java:195)
[2019-01-12 17:49:38] 	at java.io.FileInputStream.<init>(FileInputStream.java:138)
[2019-01-12 17:49:38] 	at java.io.FileReader.<init>(FileReader.java:72)
[2019-01-12 17:49:38] 	at org.schema.schine.input.KeyboardMappings.a(SourceFile:656)
[2019-01-12 17:49:38] 	at org.schema.game.common.Starter.main(SourceFile:816)
[2019-01-12 17:49:38] Could not read settings file: using defaults (./keyboard.cfg (No such file or directory))
[2019-01-12 17:49:38] [STARTER] template dir exists. overwriting template with current data
[2019-01-12 17:49:38] [IO][COPY] FILE FROM /home/starmade/starmade/StarMade/./data/config/FactionConfig.xml to /home/starmade/starmade/StarMade/./customFactionConfig/FactionConfigTemplate.xml
[2019-01-12 17:49:38] [IO][COPY] FILE FROM /home/starmade/starmade/StarMade/./data/config/customFactionConfigHOWTO.txt to /home/starmade/starmade/StarMade/./customFactionConfig/customFactionConfigHOWTO.txt
[2019-01-12 17:49:38] [STARTER] template dir exists. overwriting template with current data
[2019-01-12 17:49:38] [IO][COPY] FILE FROM /home/starmade/starmade/StarMade/./data/config/customBlockBehaviorConfigTemplate.xml to /home/starmade/starmade/StarMade/./customBlockBehaviorConfig/customBlockBehaviorConfigTemplate.xml
[2019-01-12 17:49:38] [IO][COPY] FILE FROM /home/starmade/starmade/StarMade/./data/config/customBlockBehaviorConfigHOWTO.txt to /home/starmade/starmade/StarMade/./customBlockBehaviorConfig/customBlockBehaviorConfigHOWTO.txt
[2019-01-12 17:49:38] [STARTER] template dir exists. overwriting template with current data
[2019-01-12 17:49:38] [IO][COPY] FILE FROM /home/starmade/starmade/StarMade/./data/config/customConfigTemplate/customEffectConfigTemplate.xml to /home/starmade/starmade/StarMade/./customEffectConfig/customEffectConfigTemplate.xml
[2019-01-12 17:49:38] [IO][COPY] FILE FROM /home/starmade/starmade/StarMade/./data/config/customConfigTemplate/CustomEffectConfigHowto.txt to /home/starmade/starmade/StarMade/./customEffectConfig/customEffectConfigHOWTO.txt
[2019-01-12 17:49:38] [RESOURCES][CustomTextures] No need to create pack.zip. Hash matches (as rewriting a zip changes the hash on it)
[2019-01-12 17:49:38] [LANGUAGE] loading language: english; Resolved to english
[2019-01-12 17:49:38] java.io.FileNotFoundException: ./keyboard.cfg (No such file or directory)
[2019-01-12 17:49:38] 	at java.io.FileInputStream.open0(Native Method)
[2019-01-12 17:49:38] 	at java.io.FileInputStream.open(FileInputStream.java:195)
[2019-01-12 17:49:38] 	at java.io.FileInputStream.<init>(FileInputStream.java:138)
[2019-01-12 17:49:38] 	at java.io.FileReader.<init>(FileReader.java:72)
[2019-01-12 17:49:38] 	at org.schema.schine.input.KeyboardMappings.a(SourceFile:656)
[2019-01-12 17:49:38] 	at obfuscated.apG.b(SourceFile:95)
[2019-01-12 17:49:38] 	at obfuscated.apG.a(SourceFile:240)
[2019-01-12 17:49:38] 	at org.schema.game.common.Starter.main(SourceFile:840)
[2019-01-12 17:49:38] Could not read settings file: using defaults (./keyboard.cfg (No such file or directory))
[2019-01-12 17:49:38] [LANGUAGE] Loading English; Version: 0
[2019-01-12 17:49:38] [LANGUAGE] LOADED FONT PATH/NAME: font/Monda-Regular.ttf
[2019-01-12 17:49:39] [SERVER] using world: world0; ./server-database/world0/
[2019-01-12 17:49:39] [INIT] Segment Database Path: /home/starmade/starmade/StarMade/./server-database/world0/DATA; exists? true; is Dir? true; creating dir successful (gives false if exists)? false
[2019-01-12 17:49:39] [GUI] NO STARMADE-WINDOW CONFIG FOUND. Using defaults
[2019-01-12 17:49:39] [LIBLOADER] OS Linux - 4.9.124-xxxx-std-ipv6-64
[2019-01-12 17:49:39] [LIBLOADER] JAVA Oracle Corporation - 1.8.0_181 - /usr/lib/jvm/java-8-oracle/jre
[2019-01-12 17:49:39] [LIBLOADER] ARCHITECTURE amd64
[2019-01-12 17:49:39] [LIBLOADER] LOADED LINUX 64bit NATIVE LIBRARIES 
[2019-01-12 17:49:39] [LIBLOADER] FastNoiseSIMD Level: 3
[2019-01-12 17:49:39] [LIBLOADER] COMPLETE 
[2019-01-12 17:49:39] [MAIN] CHECKING IF MIGRATION NECESSARY
[2019-01-12 17:49:39] [MAIN] MIGRATION PROCESS DONE
[2019-01-12 17:49:39] [MAIN] STARTING WITH ARGUMENTS: [-server, -port:4242]
[2019-01-12 17:49:39] [MAIN] LOADED ENGINE SETTINGS
[2019-01-12 17:49:39] [INITIALIZE] REMOTE CLASSES REGISTERED
[2019-01-12 17:49:39] [INITIALIZE] RESOURCE MANAGER INITIALIZED
[2019-01-12 17:49:39] ERROR: no content in Resource: /home/starmade/starmade/StarMade/file:/home/starmade/starmade/StarMade/StarMade.jar!/org/schema/game/network/commands
[2019-01-12 17:49:39] ################# Loading from JAR #####################
[2019-01-12 17:49:39] ########################################################
[2019-01-12 17:49:39] [INITIALIZE] REMOTE COMMANDS REGISTERED
[2019-01-12 17:49:39] [INITIALIZE] SECURITY MANAGER SET
[2019-01-12 17:49:39] [INITIALIZE] COMMAND ID's ASSIGNED. NOW READING BLOCK CONFIG
[2019-01-12 17:49:39] [BLOCKCONFIG] READING TOOK 66ms
[2019-01-12 17:49:39] [INITIALIZE] BLOCK CONFIGURATION READ
[2019-01-12 17:49:39] [BLUEPRINT][MIGRATION] NO CONVERSION NEEDED: no old bb file exists: /home/starmade/starmade/StarMade/./blueprints/catalog.txt
[2019-01-12 17:49:39] [MAIN] INITIALIZATION COMPLETED
[2019-01-12 17:49:39] [RESOURCE] ENQUEING 3D MODELS -160
[2019-01-12 17:49:39] ############## LOADING RESOURCE Sky
[2019-01-12 17:49:39] ############## LOADING RESOURCE Box
[2019-01-12 17:49:39] ############## LOADING RESOURCE Sphere
[2019-01-12 17:49:39] ############## LOADING RESOURCE SphereLowPoly
[2019-01-12 17:49:39] ############## LOADING RESOURCE Cylinder
[2019-01-12 17:49:39] ############## LOADING RESOURCE GeoSphere
[2019-01-12 17:49:39] ############## LOADING RESOURCE Planet
[2019-01-12 17:49:39] ############## LOADING RESOURCE Atmosphere
[2019-01-12 17:49:39] ############## LOADING RESOURCE Asteroid
[2019-01-12 17:49:39] ############## LOADING RESOURCE ExhaustPlum
[2019-01-12 17:49:39] ############## LOADING RESOURCE SimpleBeam
[2019-01-12 17:49:39] ############## LOADING RESOURCE Arrow
[2019-01-12 17:49:39] ############## LOADING RESOURCE BlackHole
[2019-01-12 17:49:39] ############## LOADING RESOURCE Debris00
[2019-01-12 17:49:39] ############## LOADING RESOURCE Tube
[2019-01-12 17:49:39] ############## LOADING RESOURCE CameraDrone
[2019-01-12 17:49:39] ############## LOADING RESOURCE PowerSupplyBeam
[2019-01-12 17:49:40] ############## LOADING RESOURCE BuildInhibitor
[2019-01-12 17:49:40] ############## LOADING RESOURCE HealingBeam
[2019-01-12 17:49:40] ############## LOADING RESOURCE Fabricator
[2019-01-12 17:49:40] ############## LOADING RESOURCE Pistol
[2019-01-12 17:49:40] ############## LOADING RESOURCE Torch
[2019-01-12 17:49:40] ############## LOADING RESOURCE Helmet
[2019-01-12 17:49:40] ############## LOADING RESOURCE MarkerBeam
[2019-01-12 17:49:40] ############## LOADING RESOURCE GrappleBeam
[2019-01-12 17:49:40] ############## LOADING RESOURCE MineTypeA
[2019-01-12 17:49:40] [UTIL] native buffer fetch took 70 ms; invoked GC: true; new size 5616; index: 8
[2019-01-12 17:49:40] [UTIL] native buffer fetch took 41 ms; invoked GC: true; new size 3744; index: 9
[2019-01-12 17:49:40] ############## LOADING RESOURCE MineTypeA-Active
[2019-01-12 17:49:40] [UTIL] native buffer fetch took 44 ms; invoked GC: true; new size 16848; index: 8
[2019-01-12 17:49:40] [UTIL] native buffer fetch took 53 ms; invoked GC: true; new size 11232; index: 9
[2019-01-12 17:49:40] ############## LOADING RESOURCE MineTypeA-LOD-Medium
[2019-01-12 17:49:40] ############## LOADING RESOURCE MineTypeA-LOD-Medium-Active
[2019-01-12 17:49:40] ############## LOADING RESOURCE MineTypeA-LOD-Far
[2019-01-12 17:49:40] ############## LOADING RESOURCE MineTypeA-LOD-Far-Active
[2019-01-12 17:49:40] ############## LOADING RESOURCE MineTypeB
[2019-01-12 17:49:40] ############## LOADING RESOURCE MineTypeB-Active
[2019-01-12 17:49:40] ############## LOADING RESOURCE MineTypeB-LOD-Medium
[2019-01-12 17:49:40] ############## LOADING RESOURCE MineTypeB-LOD-Medium-Active
[2019-01-12 17:49:40] ############## LOADING RESOURCE MineTypeB-LOD-Far
[2019-01-12 17:49:40] ############## LOADING RESOURCE MineTypeB-LOD-Far-Active
[2019-01-12 17:49:40] ############## LOADING RESOURCE MineTypeC
[2019-01-12 17:49:40] ############## LOADING RESOURCE MineTypeC-Active
[2019-01-12 17:49:40] ############## LOADING RESOURCE MineTypeC-LOD-Medium
[2019-01-12 17:49:40] ############## LOADING RESOURCE MineTypeC-LOD-Medium-Active
[2019-01-12 17:49:40] ############## LOADING RESOURCE MineTypeC-LOD-Far
[2019-01-12 17:49:40] ############## LOADING RESOURCE MineTypeC-LOD-Far-Active
[2019-01-12 17:49:40] ############## LOADING RESOURCE Grate
[2019-01-12 17:49:40] ############## LOADING RESOURCE GrateCorner
[2019-01-12 17:49:40] ############## LOADING RESOURCE GrateSlope
[2019-01-12 17:49:40] ############## LOADING RESOURCE GrateWedge
[2019-01-12 17:49:40] ############## LOADING RESOURCE MetalBar
[2019-01-12 17:49:40] ############## LOADING RESOURCE MetalCorner
[2019-01-12 17:49:40] ############## LOADING RESOURCE MushroomLod
[2019-01-12 17:49:40] ############## LOADING RESOURCE ParseenCapsule
[2019-01-12 17:49:40] ############## LOADING RESOURCE Pipe
[2019-01-12 17:49:40] ############## LOADING RESOURCE PipeCross
[2019-01-12 17:49:40] ############## LOADING RESOURCE PipeElbow
[2019-01-12 17:49:40] ############## LOADING RESOURCE PipeTee
[2019-01-12 17:49:40] ############## LOADING RESOURCE SmallActivatorActive
[2019-01-12 17:49:40] ############## LOADING RESOURCE SmallActivatorInactive
[2019-01-12 17:49:40] ############## LOADING RESOURCE SmallButtonActive
[2019-01-12 17:49:40] ############## LOADING RESOURCE SmallButtonInactive
[2019-01-12 17:49:40] ############## LOADING RESOURCE BlackPaint
[2019-01-12 17:49:40] ############## LOADING RESOURCE BluePaint
[2019-01-12 17:49:40] ############## LOADING RESOURCE BrownPaint
[2019-01-12 17:49:40] ############## LOADING RESOURCE GreenPaint
[2019-01-12 17:49:40] ############## LOADING RESOURCE OrangePaint
[2019-01-12 17:49:40] ############## LOADING RESOURCE PurplePaint
[2019-01-12 17:49:40] ############## LOADING RESOURCE RedPaint
[2019-01-12 17:49:40] ############## LOADING RESOURCE YellowPaint
[2019-01-12 17:49:40] ############## LOADING RESOURCE WhitePaint
[2019-01-12 17:49:40] ############## LOADING RESOURCE AdvancedHardener
[2019-01-12 17:49:40] ############## LOADING RESOURCE BastynCapsule
[2019-01-12 17:49:40] ############## LOADING RESOURCE ChabazCapsule
[2019-01-12 17:49:40] ############## LOADING RESOURCE CinnabarCapsule
[2019-01-12 17:49:40] ############## LOADING RESOURCE DolomCapsule
[2019-01-12 17:49:40] ############## LOADING RESOURCE FertikeenCapsule
[2019-01-12 17:49:40] ############## LOADING RESOURCE HattelCapsule
[2019-01-12 17:49:40] ############## LOADING RESOURCE HylatCapsule
[2019-01-12 17:49:40] ############## LOADING RESOURCE JisperCapsule
[2019-01-12 17:49:40] ############## LOADING RESOURCE LarimarCapsule
[2019-01-12 17:49:40] ############## LOADING RESOURCE LukrahCapsule
[2019-01-12 17:49:40] ############## LOADING RESOURCE MacetCapsule
[2019-01-12 17:49:40] ############## LOADING RESOURCE MattiseCapsule
[2019-01-12 17:49:40] ############## LOADING RESOURCE NocxCapsule
[2019-01-12 17:49:40] ############## LOADING RESOURCE RammetCapsule
[2019-01-12 17:49:40] ############## LOADING RESOURCE SapsunCapsule
[2019-01-12 17:49:40] ############## LOADING RESOURCE SertiseCapsule
[2019-01-12 17:49:40] ############## LOADING RESOURCE SintyrCapsule
[2019-01-12 17:49:40] ############## LOADING RESOURCE StandardHardener
[2019-01-12 17:49:40] ############## LOADING RESOURCE SugilCapsule
[2019-01-12 17:49:40] ############## LOADING RESOURCE TektCapsule
[2019-01-12 17:49:40] ############## LOADING RESOURCE ThrensCapsule
[2019-01-12 17:49:40] ############## LOADING RESOURCE VaratCapsule
[2019-01-12 17:49:40] ############## LOADING RESOURCE VarisCapsule
[2019-01-12 17:49:40] ############## LOADING RESOURCE ZercanerCapsule
[2019-01-12 17:49:40] ############## LOADING RESOURCE BlueConsole
[2019-01-12 17:49:40] ############## LOADING RESOURCE BlueConsoleInnerCorner
[2019-01-12 17:49:40] ############## LOADING RESOURCE BlueConsoleOuterCorner
[2019-01-12 17:49:40] ############## LOADING RESOURCE GreenConsoleInnerCorner
[2019-01-12 17:49:40] ############## LOADING RESOURCE GreenConsole
[2019-01-12 17:49:40] ############## LOADING RESOURCE GreenConsoleOuterCorner
[2019-01-12 17:49:40] ############## LOADING RESOURCE OrangeConsole
[2019-01-12 17:49:40] ############## LOADING RESOURCE OrangeConsoleInnerCorner
[2019-01-12 17:49:40] ############## LOADING RESOURCE OrangeConsoleOuterCorner
[2019-01-12 17:49:40] ############## LOADING RESOURCE RedConsole
[2019-01-12 17:49:40] ############## LOADING RESOURCE RedConsoleInnerCorner
[2019-01-12 17:49:40] ############## LOADING RESOURCE RedConsoleOuterCorner
[2019-01-12 17:49:40] ############## LOADING RESOURCE BeaconLightBar
[2019-01-12 17:49:40] ############## LOADING RESOURCE BeaconLightCorner
[2019-01-12 17:49:40] ############## LOADING RESOURCE BlackLightBar
[2019-01-12 17:49:40] ############## LOADING RESOURCE BlackLightCorner
[2019-01-12 17:49:40] ############## LOADING RESOURCE BlueLightBar
[2019-01-12 17:49:40] ############## LOADING RESOURCE BlueLightCorner
[2019-01-12 17:49:40] ############## LOADING RESOURCE GreenLightBar
[2019-01-12 17:49:40] ############## LOADING RESOURCE GreenLightCorner
[2019-01-12 17:49:40] ############## LOADING RESOURCE OrangeLightBar
[2019-01-12 17:49:40] ############## LOADING RESOURCE OrangeLightCorner
[2019-01-12 17:49:40] ############## LOADING RESOURCE PinkLightBar
[2019-01-12 17:49:40] ############## LOADING RESOURCE PinkLightCorner
[2019-01-12 17:49:40] ############## LOADING RESOURCE PurpleLightBar
[2019-01-12 17:49:40] ############## LOADING RESOURCE PurpleLightCorner
[2019-01-12 17:49:40] ############## LOADING RESOURCE RedLightBar
[2019-01-12 17:49:40] ############## LOADING RESOURCE RedLightCorner
[2019-01-12 17:49:40] ############## LOADING RESOURCE TealLightBar
[2019-01-12 17:49:40] ############## LOADING RESOURCE TealLightCorner
[2019-01-12 17:49:40] ############## LOADING RESOURCE YellowLightBar
[2019-01-12 17:49:40] ############## LOADING RESOURCE WhiteLightBar
[2019-01-12 17:49:40] ############## LOADING RESOURCE WhiteLightCorner
[2019-01-12 17:49:40] ############## LOADING RESOURCE YellowLightCorner
[2019-01-12 17:49:40] ############## LOADING RESOURCE BeaconLightRod
[2019-01-12 17:49:40] ############## LOADING RESOURCE BlackLightRod
[2019-01-12 17:49:40] ############## LOADING RESOURCE BlueLightRod
[2019-01-12 17:49:40] ############## LOADING RESOURCE GreenLightRod
[2019-01-12 17:49:40] ############## LOADING RESOURCE OrangeLightRod
[2019-01-12 17:49:40] ############## LOADING RESOURCE PinkLightRod
[2019-01-12 17:49:40] ############## LOADING RESOURCE PurpleLightRod
[2019-01-12 17:49:40] ############## LOADING RESOURCE RedLightRod
[2019-01-12 17:49:40] ############## LOADING RESOURCE TealLightRod
[2019-01-12 17:49:40] ############## LOADING RESOURCE YellowLightRod
[2019-01-12 17:49:40] ############## LOADING RESOURCE WhiteLightRod
[2019-01-12 17:49:40] ############## LOADING RESOURCE CollisionBar
[2019-01-12 17:49:40] ############## LOADING RESOURCE CollisionBarCorner
[2019-01-12 17:49:40] ############## LOADING RESOURCE CollisionCapsule
[2019-01-12 17:49:40] ############## LOADING RESOURCE CollisionConsole
[2019-01-12 17:49:40] [UTIL] native buffer fetch took 36 ms; invoked GC: true; new size 432; index: 15
[2019-01-12 17:49:40] ############## LOADING RESOURCE CollisionConsoleInnerCorner
[2019-01-12 17:49:40] ############## LOADING RESOURCE CollisionConsoleOuterCorner
[2019-01-12 17:49:40] ############## LOADING RESOURCE CollisionGrate
[2019-01-12 17:49:40] [UTIL] native buffer fetch took 46 ms; invoked GC: true; new size 432; index: 35
[2019-01-12 17:49:40] ############## LOADING RESOURCE CollisionGrateCorner
[2019-01-12 17:49:40] ############## LOADING RESOURCE CollisionGrateSlope
[2019-01-12 17:49:40] ############## LOADING RESOURCE CollisionGrateWedge
[2019-01-12 17:49:40] ############## LOADING RESOURCE CollisionPipe
[2019-01-12 17:49:40] ############## LOADING RESOURCE CollisionPipeCross
[2019-01-12 17:49:40] ############## LOADING RESOURCE CollisionPipeElbow
[2019-01-12 17:49:40] ############## LOADING RESOURCE CollisionPipeTee
[2019-01-12 17:49:40] ############## LOADING RESOURCE CollisionRod
[2019-01-12 17:49:40] ############## LOADING RESOURCE CollisionSmallButton
[2019-01-12 17:49:40] ############## LOADING RESOURCE Konata
[2019-01-12 17:49:40] ############## LOADING RESOURCE PlayerMdl
[2019-01-12 17:49:41] ############## LOADING RESOURCE HoppyLegs
[2019-01-12 17:49:41] ############## LOADING RESOURCE HoppyBody
[2019-01-12 17:49:41] ############## LOADING RESOURCE LegsArag
[2019-01-12 17:49:41] ############## LOADING RESOURCE TorsoShell
[2019-01-12 17:49:41] ############## LOADING RESOURCE ElementDataInitialization
[2019-01-12 17:49:41] [SERVER] initializing 
[2019-01-12 17:49:41] java.lang.Exception: Server Shutdown: false
[2019-01-12 17:49:41] 	at org.schema.schine.network.server.ServerState.setShutdown(SourceFile:291)
[2019-01-12 17:49:41] 	at obfuscated.aqi.run(SourceFile:1611)
[2019-01-12 17:49:41] 	at java.lang.Thread.run(Thread.java:748)
[2019-01-12 17:49:41] java.lang.Exception: Server created: true
[2019-01-12 17:49:41] 	at org.schema.schine.network.server.ServerState.setCreated(SourceFile:299)
[2019-01-12 17:49:41] 	at org.schema.schine.network.server.ServerState.<init>(SourceFile:51)
[2019-01-12 17:49:41] 	at obfuscated.bcs.<init>(SourceFile:300)
[2019-01-12 17:49:41] 	at obfuscated.aqi.run(SourceFile:1613)
[2019-01-12 17:49:41] 	at java.lang.Thread.run(Thread.java:748)
[2019-01-12 17:49:41] [SERVER] Server State Created!
[2019-01-12 17:49:41] [INIT] Seed File: /home/starmade/starmade/StarMade/./server-database/world0/.seed
[2019-01-12 17:49:41] [SQL] Fetching connection (may take some if game crashed on the run before)
[2019-01-12 17:49:41] [SQL] connection successfull
[2019-01-12 17:49:41] [FLEETABLE] Migration check: VARBINARY
[2019-01-12 17:49:41] [DATABASE] ENTITIES UID SIZE: 128
[2019-01-12 17:49:41] [DATABASE] FTL UID SIZE: 128
[2019-01-12 17:49:41] [DATABASE] SYSTEMS UID SIZE: 128
[2019-01-12 17:49:41] Server(0) Reading CHAT CHANNEL ROUTER /home/starmade/starmade/StarMade/./server-database/world0/chatchannels.tag
[2019-01-12 17:49:41] [MINE] IDGEN = 181
[2019-01-12 17:49:41] [SERVER] Request Thread pool size is: 10
[2019-01-12 17:49:41] EXPLOSION DATA: aggregation data: dim size: 128; total Memory used: 4 MB; max memory: 21.3 GB
[2019-01-12 17:49:42] [EXPLOSION] DATA: ray info data: dim size: 16; total instances used: 4096
[2019-01-12 17:49:42] [EXPLOSION] Array init took 0 ms
[2019-01-12 17:49:42] [EXPLOSION] 'Ray' File read took 1ms
[2019-01-12 17:49:42] [EXPLOSION] DATA: sizeOrder size: 10485760 -> 40 MB
[2019-01-12 17:49:42] [EXPLOSION] 'Order' File read took 115 ms
[2019-01-12 17:49:42] [SERVER] port 4242 is open
[2019-01-12 17:49:42] [SERVER] USING TCP... 
[2019-01-12 17:49:42] [SERVER][NPCFACTIONS] Using Faction Config File /home/starmade/starmade/StarMade/./server-database/world0/npcFactions/Scavengers/npcConfig.xml
[2019-01-12 17:49:42] [SERVER] ###### READING ALL BLUEPRINTS!
[2019-01-12 17:49:42] [SERVER] ###### READING ALL 19 BLUEPRINTS FINISHED! TOOK 17ms
[2019-01-12 17:49:42] [SERVER][NPCFACTIONS] Using Faction Config File /home/starmade/starmade/StarMade/./server-database/world0/npcFactions/Trading Guild/npcConfig.xml
[2019-01-12 17:49:42] [SERVER] ###### READING ALL BLUEPRINTS!
[2019-01-12 17:49:42] [SERVER] ###### READING ALL 14 BLUEPRINTS FINISHED! TOOK 26ms
[2019-01-12 17:49:42] [SERVER][NPCFACTIONS] Using Faction Config File /home/starmade/starmade/StarMade/./server-database/world0/npcFactions/Outcasts/npcConfig.xml
[2019-01-12 17:49:42] [SERVER] ###### READING ALL BLUEPRINTS!
[2019-01-12 17:49:42] [SERVER] ###### READING ALL 13 BLUEPRINTS FINISHED! TOOK 6ms
[2019-01-12 17:49:42] [SERVER][FACTION][NPC] laoding diplomacy from tag. Entries; 51
[2019-01-12 17:49:42] [SERVER][FACTION] LOADED NPC INV: Faction [id=-9999999, name=Outcasts, description=The Outcasts is a loose organization comprised of many different alien species. The harshness of space has left these people without a home, and so they rely on each to survive. The Outcasts are not particularly strong, but treat outsiders with justifiable wariness. The Outcasts are spread thin across the stars and seek to avoid the attention of others., size: 0; FP: 100] Inventory: (Type8; Param -9999999; SlotCount: 185)
[2019-01-12 17:49:42] [SERVER][FACTION][NPC] laoding diplomacy from tag. Entries; 51
[2019-01-12 17:49:42] [SERVER][FACTION] LOADED NPC INV: Faction [id=-9999998, name=Scavengers, description=The Scavengers are a violent people. They care only for themselves, and are willing to do whatever it takes to achieve their goals. Space is a bleak place, and it has driven them to the extremes.Their unwillingness to work with others leaves them at a disadvantage. As a result, the Scavengers are fairly weak. They are little more than a nuisance to many other factions., size: 0; FP: 100] Inventory: (Type8; Param -9999998; SlotCount: 175)
[2019-01-12 17:49:42] [SERVER][FACTION][NPC] laoding diplomacy from tag. Entries; 52
[2019-01-12 17:49:42] [SERVER][FACTION] LOADED NPC INV: Faction [id=-10000000, name=Traders, description=The Trading Guild is a collection of large corporations. They work to better themselves primarily through trade and economics.The Trading Guild treats others with neutrality, and they hardly care who or what they sell their products to. Their wealth grants them strength, but they are a relatively peaceful faction., size: 0; FP: 100] Inventory: (Type8; Param -10000000; SlotCount: 195)
[2019-01-12 17:49:42] [SERVER][FACTION] News Statistics:
[2019-01-12 17:49:42] [SERVER][FACTION][NEWS] Faction [id=-1, name=Pirates, description=Ravaging space pirates, size: 0; FP: 100]: Amount: 1
[2019-01-12 17:49:42] [SERVER][FACTION][NEWS] Faction [id=-1007, name=Enemy Fauna Fac 7, description=An Enemy Fanua Faction, size: 0; FP: 100]: Amount: 1
[2019-01-12 17:49:42] [SERVER][FACTION][NEWS] Faction [id=-1005, name=Enemy Fauna Fac 5, description=An Enemy Fanua Faction, size: 0; FP: 100]: Amount: 1
[2019-01-12 17:49:42] [SERVER][FACTION][NEWS] Faction [id=-1002, name=Enemy Fauna Fac 2, description=An Enemy Fanua Faction, size: 0; FP: 100]: Amount: 1
[2019-01-12 17:49:42] [SERVER][FACTION][NEWS] Faction [id=-1006, name=Enemy Fauna Fac 6, description=An Enemy Fanua Faction, size: 0; FP: 100]: Amount: 1
[2019-01-12 17:49:42] [SERVER][FACTION][NEWS] Faction [id=-1001, name=Enemy Fauna Fac 1, description=An Enemy Fanua Faction, size: 0; FP: 100]: Amount: 1
[2019-01-12 17:49:42] [SERVER][FACTION][NEWS] Faction [id=-1004, name=Enemy Fauna Fac 4, description=An Enemy Fanua Faction, size: 0; FP: 100]: Amount: 1
[2019-01-12 17:49:42] [SERVER][FACTION][NEWS] Faction [id=-1003, name=Enemy Fauna Fac 3, description=An Enemy Fanua Faction, size: 0; FP: 100]: Amount: 1
[2019-01-12 17:49:42] [SERVER][FACTION][NEWS] Faction [id=10005, name=The Aethi Imperium, description=Faction name, size: 1; FP: 12218]: Amount: 1
[2019-01-12 17:49:42] [SERVER][FACTION][NEWS] Faction [id=-1000, name=Enemy Fauna Fac 0, description=An Enemy Fanua Faction, size: 0; FP: 100]: Amount: 1
[2019-01-12 17:49:42] [SERVER][FACION][TAG] loaded relation offer RelOffer[a=-9999999, b=-1002, rel=NEUTRAL]
[2019-01-12 17:49:42] [SERVER][FACION][TAG] loaded relation offer RelOffer[a=-9999998, b=-1005, rel=NEUTRAL]
[2019-01-12 17:49:42] [SERVER][FACION][TAG] loaded relation offer RelOffer[a=-10000000, b=-1004, rel=NEUTRAL]
[2019-01-12 17:49:42] [SERVER][FACION][TAG] loaded relation offer RelOffer[a=-10000000, b=-1007, rel=NEUTRAL]
[2019-01-12 17:49:42] [SERVER][FACION][TAG] loaded relation offer RelOffer[a=-10000000, b=-1005, rel=NEUTRAL]
[2019-01-12 17:49:42] [SERVER][FACION][TAG] loaded relation offer RelOffer[a=-9999999, b=-1006, rel=NEUTRAL]
[2019-01-12 17:49:42] [SERVER][FACION][TAG] loaded relation offer RelOffer[a=-9999998, b=-1007, rel=NEUTRAL]
[2019-01-12 17:49:42] [SERVER][FACION][TAG] loaded relation offer RelOffer[a=-10000000, b=-1006, rel=NEUTRAL]
[2019-01-12 17:49:42] [SERVER][FACION][TAG] loaded relation offer RelOffer[a=-9999999, b=-1, rel=NEUTRAL]
[2019-01-12 17:49:42] [SERVER][FACION][TAG] loaded relation offer RelOffer[a=-9999999, b=-1005, rel=NEUTRAL]
[2019-01-12 17:49:42] [SERVER][FACION][TAG] loaded relation offer RelOffer[a=-9999998, b=-1002, rel=NEUTRAL]
[2019-01-12 17:49:42] [SERVER][FACION][TAG] loaded relation offer RelOffer[a=-10000000, b=-1002, rel=NEUTRAL]
[2019-01-12 17:49:42] [SERVER][FACION][TAG] loaded relation offer RelOffer[a=-9999999, b=-1001, rel=NEUTRAL]
[2019-01-12 17:49:42] [SERVER][FACION][TAG] loaded relation offer RelOffer[a=-9999998, b=-1004, rel=NEUTRAL]
[2019-01-12 17:49:42] [SERVER][FACION][TAG] loaded relation offer RelOffer[a=-9999998, b=-1003, rel=NEUTRAL]
[2019-01-12 17:49:42] [SERVER][FACION][TAG] loaded relation offer RelOffer[a=-9999999, b=-1000, rel=NEUTRAL]
[2019-01-12 17:49:42] [SERVER][FACION][TAG] loaded relation offer RelOffer[a=-10000000, b=-1001, rel=NEUTRAL]
[2019-01-12 17:49:42] [SERVER][FACION][TAG] loaded relation offer RelOffer[a=-10000000, b=-1, rel=NEUTRAL]
[2019-01-12 17:49:42] [SERVER][FACION][TAG] loaded relation offer RelOffer[a=-9999998, b=-1006, rel=NEUTRAL]
[2019-01-12 17:49:42] [SERVER][FACION][TAG] loaded relation offer RelOffer[a=-9999998, b=-1001, rel=NEUTRAL]
[2019-01-12 17:49:42] [SERVER][FACION][TAG] loaded relation offer RelOffer[a=-9999999, b=-1007, rel=NEUTRAL]
[2019-01-12 17:49:42] [SERVER][FACION][TAG] loaded relation offer RelOffer[a=-9999998, b=-1, rel=NEUTRAL]
[2019-01-12 17:49:42] [SERVER][FACION][TAG] loaded relation offer RelOffer[a=-10000000, b=-1003, rel=NEUTRAL]
[2019-01-12 17:49:42] [SERVER][FACION][TAG] loaded relation offer RelOffer[a=-9999999, b=-1003, rel=NEUTRAL]
[2019-01-12 17:49:42] [SERVER][FACION][TAG] loaded relation offer RelOffer[a=-9999999, b=-1004, rel=NEUTRAL]
[2019-01-12 17:49:42] [SERVER][FACION][TAG] loaded relation offer RelOffer[a=-9999998, b=-9999999, rel=NEUTRAL]
[2019-01-12 17:49:42] [SERVER][FACION][TAG] loaded relation offer RelOffer[a=-10000000, b=-1000, rel=NEUTRAL]
[2019-01-12 17:49:42] [SERVER][FACION][TAG] loaded relation offer RelOffer[a=-9999998, b=-1000, rel=NEUTRAL]
[2019-01-12 17:49:42] [SERVER] ###### READING ALL BLUEPRINTS!
[2019-01-12 17:49:42] [TAG] WARNING STRUCT DESERIALIZATION took too long: 73; 
[2019-01-12 17:49:42] [TAG] WARNING STRUCT DESERIALIZATION took too long: 73; 
[2019-01-12 17:49:42] [TAG] WARNING STRUCT DESERIALIZATION took too long: 72; 
[2019-01-12 17:49:42] [TAG] WARNING STRUCT DESERIALIZATION took too long: 76; 
[2019-01-12 17:49:42] [TAG] WARNING STRUCT DESERIALIZATION took too long: 76; 
[2019-01-12 17:49:42] [TAG] WARNING STRUCT DESERIALIZATION took too long: 79; 
[2019-01-12 17:49:42] [TAG] WARNING STRUCT DESERIALIZATION took too long: 83; 
[2019-01-12 17:49:42] [TAG] WARNING STRUCT DESERIALIZATION took too long: 83; 
[2019-01-12 17:49:42] [TAG] WARNING STRUCT DESERIALIZATION took too long: 83; 
[2019-01-12 17:49:42] [TAG] WARNING STRUCT DESERIALIZATION took too long: 80; 
[2019-01-12 17:49:42] [TAG] WARNING STRUCT DESERIALIZATION took too long: 87; 
[2019-01-12 17:49:42] [TAG] WARNING STRUCT DESERIALIZATION took too long: 62; 
[2019-01-12 17:49:42] [TAG] WARNING STRUCT DESERIALIZATION took too long: 66; 
[2019-01-12 17:49:42] [TAG] WARNING STRUCT DESERIALIZATION took too long: 66; 
[2019-01-12 17:49:42] [TAG] WARNING STRUCT DESERIALIZATION took too long: 65; 
[2019-01-12 17:49:42] [TAG] WARNING STRUCT DESERIALIZATION took too long: 62; 
[2019-01-12 17:49:42] [TAG] WARNING STRUCT DESERIALIZATION took too long: 64; 
[2019-01-12 17:49:42] [TAG] WARNING STRUCT DESERIALIZATION took too long: 64; 
[2019-01-12 17:49:42] [TAG] WARNING STRUCT DESERIALIZATION took too long: 64; 
[2019-01-12 17:49:42] [TAG] WARNING STRUCT DESERIALIZATION took too long: 70; 
[2019-01-12 17:49:42] [TAG] WARNING STRUCT DESERIALIZATION took too long: 77; 
[2019-01-12 17:49:42] [TAG] WARNING STRUCT DESERIALIZATION took too long: 77; 
[2019-01-12 17:49:42] [TAG] WARNING STRUCT DESERIALIZATION took too long: 77; 
[2019-01-12 17:49:42] [TAG] WARNING STRUCT DESERIALIZATION took too long: 69; 
[2019-01-12 17:49:42] [TAG] WARNING STRUCT DESERIALIZATION took too long: 77; 
[2019-01-12 17:49:42] [TAG] WARNING STRUCT DESERIALIZATION took too long: 77; 
[2019-01-12 17:49:42] [TAG] WARNING STRUCT DESERIALIZATION took too long: 77; 
[2019-01-12 17:49:42] [TAG] WARNING STRUCT DESERIALIZATION took too long: 62; 
[2019-01-12 17:49:42] [TAG] WARNING STRUCT DESERIALIZATION took too long: 70; 
[2019-01-12 17:49:42] [TAG] WARNING STRUCT DESERIALIZATION took too long: 71; 
[2019-01-12 17:49:42] [TAG] WARNING STRUCT DESERIALIZATION took too long: 76; 
[2019-01-12 17:49:42] [TAG] WARNING STRUCT DESERIALIZATION took too long: 76; 
[2019-01-12 17:49:42] [TAG] WARNING STRUCT DESERIALIZATION took too long: 76; 
[2019-01-12 17:49:42] [TAG] WARNING STRUCT DESERIALIZATION took too long: 70; 
[2019-01-12 17:49:42] [TAG] WARNING STRUCT DESERIALIZATION took too long: 37; 
[2019-01-12 17:49:42] [TAG] WARNING STRUCT DESERIALIZATION took too long: 43; 
[2019-01-12 17:49:42] [TAG] WARNING STRUCT DESERIALIZATION took too long: 44; 
[2019-01-12 17:49:42] [TAG] WARNING STRUCT DESERIALIZATION took too long: 44; 
[2019-01-12 17:49:42] [TAG] WARNING STRUCT DESERIALIZATION took too long: 44; 
[2019-01-12 17:49:42] [SERVER] ###### READING ALL 162 BLUEPRINTS FINISHED! TOOK 279ms
[2019-01-12 17:49:42] [SERVER][CATALOG] READ RAW BLUEPRINTS: 162
[2019-01-12 17:49:42] [RULES] no rules read from disk: /home/starmade/starmade/StarMade/rules.xml
[2019-01-12 17:49:42] [RULES][PROPERTIES] no properties read. File doesn't exist: /home/starmade/starmade/StarMade/server-database/world0/ruleproperties.tag; Will be created on save
[2019-01-12 17:49:42] [ServerListener] Server initialization OK... now waiting for connections
[2019-01-12 17:49:42] [SERVERCONTROLLER][INIT] (listenerId[0]) SERVER STARTED UPDATING
[2019-01-12 17:49:42] [SERVER] SERVER INIT FINISHED
[2019-01-12 17:49:42] [SERVER][CATALOG] Deflated Catalog from 15105 kb to 5100 kb
[2019-01-12 17:49:42] [SERVER][UPDATE] WARNING: handleQueuedSynchronizedObjects update took 60 on Server(0)
[2019-01-12 17:49:42] [RULESET] serializing all Rules and properties.
[2019-01-12 17:49:42] [NT] Big FullUpdate: 54994 bytes: SenableGameState(1)
[2019-01-12 17:54:41] [SERVER] SERVER AUTOSAVE START. Dumping server State!
[2019-01-12 17:54:41] [SERVER] WRITING ADDITIONAL ENTITIES
[2019-01-12 17:54:41] [IO][COPY] FILE FROM /home/starmade/starmade/StarMade/./server-database/world0/FACTIONS.fac to /home/starmade/starmade/StarMade/./server-database/world0/FACTIONS.fac.old
[2019-01-12 17:54:41] [SERVER] DELETING ORIGINALFILE TO REPLACE WITH NEW ONE: true; /home/starmade/starmade/StarMade/./server-database/world0/FACTIONS.fac
[2019-01-12 17:54:41] [IO][COPY] FILE FROM /home/starmade/starmade/StarMade/./server-database/world0/tmp/FACTIONS.fac.tmp to /home/starmade/starmade/StarMade/./server-database/world0/FACTIONS.fac
[2019-01-12 17:54:41] [IO][COPY] FILE FROM /home/starmade/starmade/StarMade/./server-database/world0/CATALOG.cat to /home/starmade/starmade/StarMade/./server-database/world0/CATALOG.cat.old
[2019-01-12 17:54:41] [SERVER] DELETING ORIGINALFILE TO REPLACE WITH NEW ONE: true; /home/starmade/starmade/StarMade/./server-database/world0/CATALOG.cat
[2019-01-12 17:54:41] [IO][COPY] FILE FROM /home/starmade/starmade/StarMade/./server-database/world0/tmp/CATALOG.cat.tmp to /home/starmade/starmade/StarMade/./server-database/world0/CATALOG.cat
[2019-01-12 17:54:41] [IO][COPY] FILE FROM /home/starmade/starmade/StarMade/./server-database/world0/chatchannels.tag to /home/starmade/starmade/StarMade/./server-database/world0/chatchannels.tag.old
[2019-01-12 17:54:41] [SERVER] DELETING ORIGINALFILE TO REPLACE WITH NEW ONE: true; /home/starmade/starmade/StarMade/./server-database/world0/chatchannels.tag
[2019-01-12 17:54:41] [IO][COPY] FILE FROM /home/starmade/starmade/StarMade/./server-database/world0/tmp/chatchannels.tag.tmp to /home/starmade/starmade/StarMade/./server-database/world0/chatchannels.tag
[2019-01-12 17:54:41] [IO][COPY] FILE FROM /home/starmade/starmade/StarMade/./server-database/world0/TRADING.tag to /home/starmade/starmade/StarMade/./server-database/world0/TRADING.tag.old
[2019-01-12 17:54:41] [SERVER] DELETING ORIGINALFILE TO REPLACE WITH NEW ONE: true; /home/starmade/starmade/StarMade/./server-database/world0/TRADING.tag
[2019-01-12 17:54:41] [IO][COPY] FILE FROM /home/starmade/starmade/StarMade/./server-database/world0/tmp/TRADING.tag.tmp to /home/starmade/starmade/StarMade/./server-database/world0/TRADING.tag
[2019-01-12 17:54:41] [SERVER] WRITING ADDITIONAL ENTITIES DONE
[2019-01-12 17:54:41] [IO][COPY] FILE FROM /home/starmade/starmade/StarMade/./server-database/world0/SIMULATION_STATE.sim to /home/starmade/starmade/StarMade/./server-database/world0/SIMULATION_STATE.sim.old
[2019-01-12 17:54:41] [SERVER] DELETING ORIGINALFILE TO REPLACE WITH NEW ONE: true; /home/starmade/starmade/StarMade/./server-database/world0/SIMULATION_STATE.sim
[2019-01-12 17:54:41] [IO][COPY] FILE FROM /home/starmade/starmade/StarMade/./server-database/world0/tmp/SIMULATION_STATE.sim.tmp to /home/starmade/starmade/StarMade/./server-database/world0/SIMULATION_STATE.sim
[2019-01-12 17:54:41] [SERVER] SERVER AUTOSAVE END. ServerState saved!
[2019-01-12 17:59:35] [FACTIONMANAGER] MAKING FACTION TURN: Sat Jan 12 16:59:35 EST 2019; 27; Turn: 60.0
[2019-01-12 17:59:35] [FACTIONMANAGER] faction update took: 11ms
[2019-01-12 17:59:41] [SERVER] SERVER AUTOSAVE START. Dumping server State!
[2019-01-12 17:59:41] [SERVER] WRITING ADDITIONAL ENTITIES
[2019-01-12 17:59:42] [IO][COPY] FILE FROM /home/starmade/starmade/StarMade/./server-database/world0/FACTIONS.fac to /home/starmade/starmade/StarMade/./server-database/world0/FACTIONS.fac.old
[2019-01-12 17:59:42] [SERVER] DELETING ORIGINALFILE TO REPLACE WITH NEW ONE: true; /home/starmade/starmade/StarMade/./server-database/world0/FACTIONS.fac
[2019-01-12 17:59:42] [IO][COPY] FILE FROM /home/starmade/starmade/StarMade/./server-database/world0/tmp/FACTIONS.fac.tmp to /home/starmade/starmade/StarMade/./server-database/world0/FACTIONS.fac
[2019-01-12 17:59:42] [IO][COPY] FILE FROM /home/starmade/starmade/StarMade/./server-database/world0/CATALOG.cat to /home/starmade/starmade/StarMade/./server-database/world0/CATALOG.cat.old
[2019-01-12 17:59:42] [SERVER] DELETING ORIGINALFILE TO REPLACE WITH NEW ONE: true; /home/starmade/starmade/StarMade/./server-database/world0/CATALOG.cat
[2019-01-12 17:59:42] [IO][COPY] FILE FROM /home/starmade/starmade/StarMade/./server-database/world0/tmp/CATALOG.cat.tmp to /home/starmade/starmade/StarMade/./server-database/world0/CATALOG.cat
[2019-01-12 17:59:42] [IO][COPY] FILE FROM /home/starmade/starmade/StarMade/./server-database/world0/chatchannels.tag to /home/starmade/starmade/StarMade/./server-database/world0/chatchannels.tag.old
[2019-01-12 17:59:42] [SERVER] DELETING ORIGINALFILE TO REPLACE WITH NEW ONE: true; /home/starmade/starmade/StarMade/./server-database/world0/chatchannels.tag
[2019-01-12 17:59:42] [IO][COPY] FILE FROM /home/starmade/starmade/StarMade/./server-database/world0/tmp/chatchannels.tag.tmp to /home/starmade/starmade/StarMade/./server-database/world0/chatchannels.tag
[2019-01-12 17:59:42] [IO][COPY] FILE FROM /home/starmade/starmade/StarMade/./server-database/world0/TRADING.tag to /home/starmade/starmade/StarMade/./server-database/world0/TRADING.tag.old
[2019-01-12 17:59:42] [SERVER] DELETING ORIGINALFILE TO REPLACE WITH NEW ONE: true; /home/starmade/starmade/StarMade/./server-database/world0/TRADING.tag
[2019-01-12 17:59:42] [IO][COPY] FILE FROM /home/starmade/starmade/StarMade/./server-database/world0/tmp/TRADING.tag.tmp to /home/starmade/starmade/StarMade/./server-database/world0/TRADING.tag
[2019-01-12 17:59:42] [SERVER] WRITING ADDITIONAL ENTITIES DONE
[2019-01-12 17:59:42] [IO][COPY] FILE FROM /home/starmade/starmade/StarMade/./server-database/world0/SIMULATION_STATE.sim to /home/starmade/starmade/StarMade/./server-database/world0/SIMULATION_STATE.sim.old
[2019-01-12 17:59:42] [SERVER] DELETING ORIGINALFILE TO REPLACE WITH NEW ONE: true; /home/starmade/starmade/StarMade/./server-database/world0/SIMULATION_STATE.sim
[2019-01-12 17:59:42] [IO][COPY] FILE FROM /home/starmade/starmade/StarMade/./server-database/world0/tmp/SIMULATION_STATE.sim.tmp to /home/starmade/starmade/StarMade/./server-database/world0/SIMULATION_STATE.sim
[2019-01-12 17:59:42] [SERVER] SERVER AUTOSAVE END. ServerState saved!
[2019-01-12 18:04:42] [SERVER] SERVER AUTOSAVE START. Dumping server State!
[2019-01-12 18:04:42] [SERVER] WRITING ADDITIONAL ENTITIES
[2019-01-12 18:04:42] [IO][COPY] FILE FROM /home/starmade/starmade/StarMade/./server-database/world0/FACTIONS.fac to /home/starmade/starmade/StarMade/./server-database/world0/FACTIONS.fac.old
[2019-01-12 18:04:42] [SERVER] DELETING ORIGINALFILE TO REPLACE WITH NEW ONE: true; /home/starmade/starmade/StarMade/./server-database/world0/FACTIONS.fac
[2019-01-12 18:04:42] [IO][COPY] FILE FROM /home/starmade/starmade/StarMade/./server-database/world0/tmp/FACTIONS.fac.tmp to /home/starmade/starmade/StarMade/./server-database/world0/FACTIONS.fac
[2019-01-12 18:04:42] [IO][COPY] FILE FROM /home/starmade/starmade/StarMade/./server-database/world0/CATALOG.cat to /home/starmade/starmade/StarMade/./server-database/world0/CATALOG.cat.old
[2019-01-12 18:04:42] [SERVER] DELETING ORIGINALFILE TO REPLACE WITH NEW ONE: true; /home/starmade/starmade/StarMade/./server-database/world0/CATALOG.cat
[2019-01-12 18:04:42] [IO][COPY] FILE FROM /home/starmade/starmade/StarMade/./server-database/world0/tmp/CATALOG.cat.tmp to /home/starmade/starmade/StarMade/./server-database/world0/CATALOG.cat
[2019-01-12 18:04:42] [IO][COPY] FILE FROM /home/starmade/starmade/StarMade/./server-database/world0/chatchannels.tag to /home/starmade/starmade/StarMade/./server-database/world0/chatchannels.tag.old
[2019-01-12 18:04:42] [SERVER] DELETING ORIGINALFILE TO REPLACE WITH NEW ONE: true; /home/starmade/starmade/StarMade/./server-database/world0/chatchannels.tag
[2019-01-12 18:04:42] [IO][COPY] FILE FROM /home/starmade/starmade/StarMade/./server-database/world0/tmp/chatchannels.tag.tmp to /home/starmade/starmade/StarMade/./server-database/world0/chatchannels.tag
[2019-01-12 18:04:42] [IO][COPY] FILE FROM /home/starmade/starmade/StarMade/./server-database/world0/TRADING.tag to /home/starmade/starmade/StarMade/./server-database/world0/TRADING.tag.old
[2019-01-12 18:04:42] [SERVER] DELETING ORIGINALFILE TO REPLACE WITH NEW ONE: true; /home/starmade/starmade/StarMade/./server-database/world0/TRADING.tag
[2019-01-12 18:04:42] [IO][COPY] FILE FROM /home/starmade/starmade/StarMade/./server-database/world0/tmp/TRADING.tag.tmp to /home/starmade/starmade/StarMade/./server-database/world0/TRADING.tag
[2019-01-12 18:04:42] [SERVER] WRITING ADDITIONAL ENTITIES DONE
[2019-01-12 18:04:42] [IO][COPY] FILE FROM /home/starmade/starmade/StarMade/./server-database/world0/SIMULATION_STATE.sim to /home/starmade/starmade/StarMade/./server-database/world0/SIMULATION_STATE.sim.old
[2019-01-12 18:04:42] [SERVER] DELETING ORIGINALFILE TO REPLACE WITH NEW ONE: true; /home/starmade/starmade/StarMade/./server-database/world0/SIMULATION_STATE.sim
[2019-01-12 18:04:42] [IO][COPY] FILE FROM /home/starmade/starmade/StarMade/./server-database/world0/tmp/SIMULATION_STATE.sim.tmp to /home/starmade/starmade/StarMade/./server-database/world0/SIMULATION_STATE.sim
[2019-01-12 18:04:42] [SERVER] SERVER AUTOSAVE END. ServerState saved!
[2019-01-12 18:07:46] [SERVERSOCKET] Connection made. starting new processor 40372, /127.0.0.1; local: 4242, /127.0.0.1, keepalive false
[2019-01-12 18:07:46] [SERVER] ListenerId[0] connection registered (TRunning: 0/0/0) 0
[2019-01-12 18:07:46] [SERVER][PROCESSOR] client setup completed for PID: 0. listening for input
[2019-01-12 18:07:46] [ADMIN COMMAND] STATUS from org.schema.schine.network.server.AdminRemoteClient@8d9cec2 params: []
[2019-01-12 18:07:46] [SERVER] SCHEDULED DISCONNECT EXECUTING
[2019-01-12 18:07:46] [SERVER] Executing scheduled disconnect!; ProcessorID: 0
[2019-01-12 18:07:46] [SERVER][DISCONNECT] Client 'null' HAS BEEN DISCONNECTED . PROBE: true; ProcessorID: 0
[2019-01-12 18:07:46] [SERVER] COULD NOT UNREGISTER CLIENT null
[2019-01-12 18:07:46] [SERVER] PROBE SUCCESSFULLY EXECUTED. STOPPING PROCESSOR. (Ping of a Starter to start server): PID 0
[2019-01-12 18:07:46] [SERVERSOCKET] Connection made. starting new processor 40374, /127.0.0.1; local: 4242, /127.0.0.1, keepalive false
[2019-01-12 18:07:46] [SERVER] ListenerId[0] connection registered (TRunning: 0/1/0) 1
[2019-01-12 18:07:46] [SERVER][PROCESSOR] client setup completed for PID: 1. listening for input
[2019-01-12 18:07:46] [ADMIN COMMAND] STATUS from org.schema.schine.network.server.AdminRemoteClient@14be57ac params: []
[2019-01-12 18:07:46] [SERVER] SCHEDULED DISCONNECT EXECUTING
[2019-01-12 18:07:46] [SERVER] Executing scheduled disconnect!; ProcessorID: 1
[2019-01-12 18:07:46] [SERVER][DISCONNECT] Client 'null' HAS BEEN DISCONNECTED . PROBE: true; ProcessorID: 1
[2019-01-12 18:07:46] [SERVER] COULD NOT UNREGISTER CLIENT null
[2019-01-12 18:07:46] [SERVER] PROBE SUCCESSFULLY EXECUTED. STOPPING PROCESSOR. (Ping of a Starter to start server): PID 1
[2019-01-12 18:07:46] [SERVERSOCKET] Connection made. starting new processor 40376, /127.0.0.1; local: 4242, /127.0.0.1, keepalive false
[2019-01-12 18:07:46] [SERVER] ListenerId[0] connection registered (TRunning: 0/2/0) 2
[2019-01-12 18:07:46] [SERVER][PROCESSOR] client setup completed for PID: 2. listening for input
[2019-01-12 18:07:46] [ADMIN COMMAND] PLAYER_LIST from org.schema.schine.network.server.AdminRemoteClient@29a50d52 params: []
[2019-01-12 18:07:46] [SERVER] SCHEDULED DISCONNECT EXECUTING
[2019-01-12 18:07:46] [SERVER] Executing scheduled disconnect!; ProcessorID: 2
[2019-01-12 18:07:46] [SERVER][DISCONNECT] Client 'null' HAS BEEN DISCONNECTED . PROBE: true; ProcessorID: 2
[2019-01-12 18:07:46] [SERVER] COULD NOT UNREGISTER CLIENT null
[2019-01-12 18:07:46] [SERVER] PROBE SUCCESSFULLY EXECUTED. STOPPING PROCESSOR. (Ping of a Starter to start server): PID 2
[2019-01-12 18:09:42] [SERVER] SERVER AUTOSAVE START. Dumping server State!
[2019-01-12 18:09:42] [SERVER] WRITING ADDITIONAL ENTITIES
[2019-01-12 18:09:42] [IO][COPY] FILE FROM /home/starmade/starmade/StarMade/./server-database/world0/FACTIONS.fac to /home/starmade/starmade/StarMade/./server-database/world0/FACTIONS.fac.old
[2019-01-12 18:09:42] [SERVER] DELETING ORIGINALFILE TO REPLACE WITH NEW ONE: true; /home/starmade/starmade/StarMade/./server-database/world0/FACTIONS.fac
[2019-01-12 18:09:42] [IO][COPY] FILE FROM /home/starmade/starmade/StarMade/./server-database/world0/tmp/FACTIONS.fac.tmp to /home/starmade/starmade/StarMade/./server-database/world0/FACTIONS.fac
[2019-01-12 18:09:42] [IO][COPY] FILE FROM /home/starmade/starmade/StarMade/./server-database/world0/CATALOG.cat to /home/starmade/starmade/StarMade/./server-database/world0/CATALOG.cat.old
[2019-01-12 18:09:42] [SERVER] DELETING ORIGINALFILE TO REPLACE WITH NEW ONE: true; /home/starmade/starmade/StarMade/./server-database/world0/CATALOG.cat
[2019-01-12 18:09:42] [IO][COPY] FILE FROM /home/starmade/starmade/StarMade/./server-database/world0/tmp/CATALOG.cat.tmp to /home/starmade/starmade/StarMade/./server-database/world0/CATALOG.cat
[2019-01-12 18:09:42] [IO][COPY] FILE FROM /home/starmade/starmade/StarMade/./server-database/world0/chatchannels.tag to /home/starmade/starmade/StarMade/./server-database/world0/chatchannels.tag.old
[2019-01-12 18:09:42] [SERVER] DELETING ORIGINALFILE TO REPLACE WITH NEW ONE: true; /home/starmade/starmade/StarMade/./server-database/world0/chatchannels.tag
[2019-01-12 18:09:42] [IO][COPY] FILE FROM /home/starmade/starmade/StarMade/./server-database/world0/tmp/chatchannels.tag.tmp to /home/starmade/starmade/StarMade/./server-database/world0/chatchannels.tag
[2019-01-12 18:09:42] [IO][COPY] FILE FROM /home/starmade/starmade/StarMade/./server-database/world0/TRADING.tag to /home/starmade/starmade/StarMade/./server-database/world0/TRADING.tag.old
[2019-01-12 18:09:42] [SERVER] DELETING ORIGINALFILE TO REPLACE WITH NEW ONE: true; /home/starmade/starmade/StarMade/./server-database/world0/TRADING.tag
[2019-01-12 18:09:42] [IO][COPY] FILE FROM /home/starmade/starmade/StarMade/./server-database/world0/tmp/TRADING.tag.tmp to /home/starmade/starmade/StarMade/./server-database/world0/TRADING.tag
[2019-01-12 18:09:42] [SERVER] WRITING ADDITIONAL ENTITIES DONE
[2019-01-12 18:09:42] [IO][COPY] FILE FROM /home/starmade/starmade/StarMade/./server-database/world0/SIMULATION_STATE.sim to /home/starmade/starmade/StarMade/./server-database/world0/SIMULATION_STATE.sim.old
[2019-01-12 18:09:42] [SERVER] DELETING ORIGINALFILE TO REPLACE WITH NEW ONE: true; /home/starmade/starmade/StarMade/./server-database/world0/SIMULATION_STATE.sim
[2019-01-12 18:09:42] [IO][COPY] FILE FROM /home/starmade/starmade/StarMade/./server-database/world0/tmp/SIMULATION_STATE.sim.tmp to /home/starmade/starmade/StarMade/./server-database/world0/SIMULATION_STATE.sim
[2019-01-12 18:09:42] [SERVER] SERVER AUTOSAVE END. ServerState saved!
[2019-01-12 18:14:42] [SERVER] SERVER AUTOSAVE START. Dumping server State!
[2019-01-12 18:14:42] [SERVER] WRITING ADDITIONAL ENTITIES
[2019-01-12 18:14:42] [IO][COPY] FILE FROM /home/starmade/starmade/StarMade/./server-database/world0/FACTIONS.fac to /home/starmade/starmade/StarMade/./server-database/world0/FACTIONS.fac.old
[2019-01-12 18:14:42] [SERVER] DELETING ORIGINALFILE TO REPLACE WITH NEW ONE: true; /home/starmade/starmade/StarMade/./server-database/world0/FACTIONS.fac
[2019-01-12 18:14:42] [IO][COPY] FILE FROM /home/starmade/starmade/StarMade/./server-database/world0/tmp/FACTIONS.fac.tmp to /home/starmade/starmade/StarMade/./server-database/world0/FACTIONS.fac
[2019-01-12 18:14:42] [IO][COPY] FILE FROM /home/starmade/starmade/StarMade/./server-database/world0/CATALOG.cat to /home/starmade/starmade/StarMade/./server-database/world0/CATALOG.cat.old
[2019-01-12 18:14:42] [SERVER] DELETING ORIGINALFILE TO REPLACE WITH NEW ONE: true; /home/starmade/starmade/StarMade/./server-database/world0/CATALOG.cat
[2019-01-12 18:14:42] [IO][COPY] FILE FROM /home/starmade/starmade/StarMade/./server-database/world0/tmp/CATALOG.cat.tmp to /home/starmade/starmade/StarMade/./server-database/world0/CATALOG.cat
[2019-01-12 18:14:42] [IO][COPY] FILE FROM /home/starmade/starmade/StarMade/./server-database/world0/chatchannels.tag to /home/starmade/starmade/StarMade/./server-database/world0/chatchannels.tag.old
[2019-01-12 18:14:42] [SERVER] DELETING ORIGINALFILE TO REPLACE WITH NEW ONE: true; /home/starmade/starmade/StarMade/./server-database/world0/chatchannels.tag
[2019-01-12 18:14:42] [IO][COPY] FILE FROM /home/starmade/starmade/StarMade/./server-database/world0/tmp/chatchannels.tag.tmp to /home/starmade/starmade/StarMade/./server-database/world0/chatchannels.tag
[2019-01-12 18:14:42] [IO][COPY] FILE FROM /home/starmade/starmade/StarMade/./server-database/world0/TRADING.tag to /home/starmade/starmade/StarMade/./server-database/world0/TRADING.tag.old
[2019-01-12 18:14:42] [SERVER] DELETING ORIGINALFILE TO REPLACE WITH NEW ONE: true; /home/starmade/starmade/StarMade/./server-database/world0/TRADING.tag
[2019-01-12 18:14:42] [IO][COPY] FILE FROM /home/starmade/starmade/StarMade/./server-database/world0/tmp/TRADING.tag.tmp to /home/starmade/starmade/StarMade/./server-database/world0/TRADING.tag
[2019-01-12 18:14:42] [SERVER] WRITING ADDITIONAL ENTITIES DONE
[2019-01-12 18:14:42] [IO][COPY] FILE FROM /home/starmade/starmade/StarMade/./server-database/world0/SIMULATION_STATE.sim to /home/starmade/starmade/StarMade/./server-database/world0/SIMULATION_STATE.sim.old
[2019-01-12 18:14:42] [SERVER] DELETING ORIGINALFILE TO REPLACE WITH NEW ONE: true; /home/starmade/starmade/StarMade/./server-database/world0/SIMULATION_STATE.sim
[2019-01-12 18:14:42] [IO][COPY] FILE FROM /home/starmade/starmade/StarMade/./server-database/world0/tmp/SIMULATION_STATE.sim.tmp to /home/starmade/starmade/StarMade/./server-database/world0/SIMULATION_STATE.sim
[2019-01-12 18:14:42] [SERVER] SERVER AUTOSAVE END. ServerState saved!
[2019-01-12 18:19:42] [SERVER] SERVER AUTOSAVE START. Dumping server State!
[2019-01-12 18:19:42] [SERVER] WRITING ADDITIONAL ENTITIES
[2019-01-12 18:19:42] [IO][COPY] FILE FROM /home/starmade/starmade/StarMade/./server-database/world0/FACTIONS.fac to /home/starmade/starmade/StarMade/./server-database/world0/FACTIONS.fac.old
[2019-01-12 18:19:42] [SERVER] DELETING ORIGINALFILE TO REPLACE WITH NEW ONE: true; /home/starmade/starmade/StarMade/./server-database/world0/FACTIONS.fac
[2019-01-12 18:19:42] [IO][COPY] FILE FROM /home/starmade/starmade/StarMade/./server-database/world0/tmp/FACTIONS.fac.tmp to /home/starmade/starmade/StarMade/./server-database/world0/FACTIONS.fac
[2019-01-12 18:19:42] [IO][COPY] FILE FROM /home/starmade/starmade/StarMade/./server-database/world0/CATALOG.cat to /home/starmade/starmade/StarMade/./server-database/world0/CATALOG.cat.old
[2019-01-12 18:19:42] [SERVER] DELETING ORIGINALFILE TO REPLACE WITH NEW ONE: true; /home/starmade/starmade/StarMade/./server-database/world0/CATALOG.cat
[2019-01-12 18:19:42] [IO][COPY] FILE FROM /home/starmade/starmade/StarMade/./server-database/world0/tmp/CATALOG.cat.tmp to /home/starmade/starmade/StarMade/./server-database/world0/CATALOG.cat
[2019-01-12 18:19:42] [IO][COPY] FILE FROM /home/starmade/starmade/StarMade/./server-database/world0/chatchannels.tag to /home/starmade/starmade/StarMade/./server-database/world0/chatchannels.tag.old
[2019-01-12 18:19:42] [SERVER] DELETING ORIGINALFILE TO REPLACE WITH NEW ONE: true; /home/starmade/starmade/StarMade/./server-database/world0/chatchannels.tag
[2019-01-12 18:19:42] [IO][COPY] FILE FROM /home/starmade/starmade/StarMade/./server-database/world0/tmp/chatchannels.tag.tmp to /home/starmade/starmade/StarMade/./server-database/world0/chatchannels.tag
[2019-01-12 18:19:42] [IO][COPY] FILE FROM /home/starmade/starmade/StarMade/./server-database/world0/TRADING.tag to /home/starmade/starmade/StarMade/./server-database/world0/TRADING.tag.old
[2019-01-12 18:19:42] [SERVER] DELETING ORIGINALFILE TO REPLACE WITH NEW ONE: true; /home/starmade/starmade/StarMade/./server-database/world0/TRADING.tag
[2019-01-12 18:19:42] [IO][COPY] FILE FROM /home/starmade/starmade/StarMade/./server-database/world0/tmp/TRADING.tag.tmp to /home/starmade/starmade/StarMade/./server-database/world0/TRADING.tag
[2019-01-12 18:19:42] [SERVER] WRITING ADDITIONAL ENTITIES DONE
[2019-01-12 18:19:42] [IO][COPY] FILE FROM /home/starmade/starmade/StarMade/./server-database/world0/SIMULATION_STATE.sim to /home/starmade/starmade/StarMade/./server-database/world0/SIMULATION_STATE.sim.old
[2019-01-12 18:19:42] [SERVER] DELETING ORIGINALFILE TO REPLACE WITH NEW ONE: true; /home/starmade/starmade/StarMade/./server-database/world0/SIMULATION_STATE.sim
[2019-01-12 18:19:42] [IO][COPY] FILE FROM /home/starmade/starmade/StarMade/./server-database/world0/tmp/SIMULATION_STATE.sim.tmp to /home/starmade/starmade/StarMade/./server-database/world0/SIMULATION_STATE.sim
[2019-01-12 18:19:42] [SERVER] SERVER AUTOSAVE END. ServerState saved!
