[2019-04-23 18:15:11] [VERSION] loading version from install dir: ./
[2019-04-23 18:15:11] [VERSION] VERSION: 0.201.370
[2019-04-23 18:15:11] [VERSION] BUILD: 20190316_235125
[2019-04-23 18:15:11] #################### StarMade #######################
[2019-04-23 18:15:11] # version 0.201.370 - build 20190316_235125 #
[2019-04-23 18:15:11] #####################################################
[2019-04-23 18:15:11] [SERIAL] "not retrieved"
[2019-04-23 18:15:11] [INSTALLATION_DIRECTORY] "/home/starmade/starmade/StarMade/."
[2019-04-23 18:15:11] [JVM-ARGUMENTS] [-Xms2g, -Xmx24g]
[2019-04-23 18:15:11] [SETTINGS] WARNING: NO SETTING FOUND: 'BLOCK_ID_OF_CARGO_SPACE_IN_BUILD_MODE = 411' (happens for example when names of settings are changed)
[2019-04-23 18:15:11] java.io.FileNotFoundException: ./keyboard.cfg (No such file or directory)
[2019-04-23 18:15:11] 	at java.io.FileInputStream.open0(Native Method)
[2019-04-23 18:15:11] 	at java.io.FileInputStream.open(FileInputStream.java:195)
[2019-04-23 18:15:11] 	at java.io.FileInputStream.<init>(FileInputStream.java:138)
[2019-04-23 18:15:11] 	at java.io.FileReader.<init>(FileReader.java:72)
[2019-04-23 18:15:11] 	at org.schema.schine.input.KeyboardMappings.a(SourceFile:656)
[2019-04-23 18:15:11] 	at org.schema.game.common.Starter.main(SourceFile:816)
[2019-04-23 18:15:11] Could not read settings file: using defaults (./keyboard.cfg (No such file or directory))
[2019-04-23 18:15:11] [STARTER] template dir exists. overwriting template with current data
[2019-04-23 18:15:11] [IO][COPY] FILE FROM /home/starmade/starmade/StarMade/./data/config/FactionConfig.xml to /home/starmade/starmade/StarMade/./customFactionConfig/FactionConfigTemplate.xml
[2019-04-23 18:15:11] [IO][COPY] FILE FROM /home/starmade/starmade/StarMade/./data/config/customFactionConfigHOWTO.txt to /home/starmade/starmade/StarMade/./customFactionConfig/customFactionConfigHOWTO.txt
[2019-04-23 18:15:11] [STARTER] template dir exists. overwriting template with current data
[2019-04-23 18:15:11] [IO][COPY] FILE FROM /home/starmade/starmade/StarMade/./data/config/customBlockBehaviorConfigTemplate.xml to /home/starmade/starmade/StarMade/./customBlockBehaviorConfig/customBlockBehaviorConfigTemplate.xml
[2019-04-23 18:15:11] [IO][COPY] FILE FROM /home/starmade/starmade/StarMade/./data/config/customBlockBehaviorConfigHOWTO.txt to /home/starmade/starmade/StarMade/./customBlockBehaviorConfig/customBlockBehaviorConfigHOWTO.txt
[2019-04-23 18:15:11] [STARTER] template dir exists. overwriting template with current data
[2019-04-23 18:15:11] [IO][COPY] FILE FROM /home/starmade/starmade/StarMade/./data/config/customConfigTemplate/customEffectConfigTemplate.xml to /home/starmade/starmade/StarMade/./customEffectConfig/customEffectConfigTemplate.xml
[2019-04-23 18:15:11] [IO][COPY] FILE FROM /home/starmade/starmade/StarMade/./data/config/customConfigTemplate/CustomEffectConfigHowto.txt to /home/starmade/starmade/StarMade/./customEffectConfig/customEffectConfigHOWTO.txt
[2019-04-23 18:15:11] [RESOURCES][CustomTextures] No need to create pack.zip. Hash matches (as rewriting a zip changes the hash on it)
[2019-04-23 18:15:11] [LANGUAGE] loading language: english; Resolved to english
[2019-04-23 18:15:11] java.io.FileNotFoundException: ./keyboard.cfg (No such file or directory)
[2019-04-23 18:15:11] 	at java.io.FileInputStream.open0(Native Method)
[2019-04-23 18:15:11] 	at java.io.FileInputStream.open(FileInputStream.java:195)
[2019-04-23 18:15:11] 	at java.io.FileInputStream.<init>(FileInputStream.java:138)
[2019-04-23 18:15:11] 	at java.io.FileReader.<init>(FileReader.java:72)
[2019-04-23 18:15:11] 	at org.schema.schine.input.KeyboardMappings.a(SourceFile:656)
[2019-04-23 18:15:11] 	at obfuscated.apW.b(SourceFile:95)
[2019-04-23 18:15:11] 	at obfuscated.apW.a(SourceFile:240)
[2019-04-23 18:15:11] 	at org.schema.game.common.Starter.main(SourceFile:840)
[2019-04-23 18:15:11] Could not read settings file: using defaults (./keyboard.cfg (No such file or directory))
[2019-04-23 18:15:11] [LANGUAGE] Loading English; Version: 0
[2019-04-23 18:15:11] [LANGUAGE] LOADED FONT PATH/NAME: font/Monda-Regular.ttf
[2019-04-23 18:15:12] [SERVER] using world: world0; ./server-database/world0/
[2019-04-23 18:15:12] [INIT] Segment Database Path: /home/starmade/starmade/StarMade/./server-database/world0/DATA; exists? true; is Dir? true; creating dir successful (gives false if exists)? false
[2019-04-23 18:15:12] [GUI] NO STARMADE-WINDOW CONFIG FOUND. Using defaults
[2019-04-23 18:15:12] [LIBLOADER] OS Linux - 4.9.124-xxxx-std-ipv6-64
[2019-04-23 18:15:12] [LIBLOADER] JAVA Oracle Corporation - 1.8.0_181 - /usr/lib/jvm/java-8-oracle/jre
[2019-04-23 18:15:12] [LIBLOADER] ARCHITECTURE amd64
[2019-04-23 18:15:12] [LIBLOADER] LOADED LINUX 64bit NATIVE LIBRARIES 
[2019-04-23 18:15:12] [LIBLOADER] FastNoiseSIMD Level: 3
[2019-04-23 18:15:12] [LIBLOADER] COMPLETE 
[2019-04-23 18:15:12] [MAIN] CHECKING IF MIGRATION NECESSARY
[2019-04-23 18:15:12] [MAIN] MIGRATION PROCESS DONE
[2019-04-23 18:15:12] [MAIN] STARTING WITH ARGUMENTS: [-server, -port:4242]
[2019-04-23 18:15:12] [MAIN] LOADED ENGINE SETTINGS
[2019-04-23 18:15:12] [INITIALIZE] REMOTE CLASSES REGISTERED
[2019-04-23 18:15:12] [INITIALIZE] RESOURCE MANAGER INITIALIZED
[2019-04-23 18:15:12] ERROR: no content in Resource: /home/starmade/starmade/StarMade/file:/home/starmade/starmade/StarMade/StarMade.jar!/org/schema/game/network/commands
[2019-04-23 18:15:12] ################# Loading from JAR #####################
[2019-04-23 18:15:12] ########################################################
[2019-04-23 18:15:12] [INITIALIZE] REMOTE COMMANDS REGISTERED
[2019-04-23 18:15:12] [INITIALIZE] SECURITY MANAGER SET
[2019-04-23 18:15:12] [INITIALIZE] COMMAND ID's ASSIGNED. NOW READING BLOCK CONFIG
[2019-04-23 18:15:12] [BLOCKCONFIG] READING TOOK 74ms
[2019-04-23 18:15:12] [INITIALIZE] BLOCK CONFIGURATION READ
[2019-04-23 18:15:12] [BLUEPRINT][MIGRATION] NO CONVERSION NEEDED: no old bb file exists: /home/starmade/starmade/StarMade/./blueprints/catalog.txt
[2019-04-23 18:15:12] [MAIN] INITIALIZATION COMPLETED
[2019-04-23 18:15:12] [RESOURCE] ENQUEING 3D MODELS -160
[2019-04-23 18:15:12] ############## LOADING RESOURCE Sky
[2019-04-23 18:15:13] ############## LOADING RESOURCE Box
[2019-04-23 18:15:13] ############## LOADING RESOURCE Sphere
[2019-04-23 18:15:13] ############## LOADING RESOURCE SphereLowPoly
[2019-04-23 18:15:13] ############## LOADING RESOURCE Cylinder
[2019-04-23 18:15:13] ############## LOADING RESOURCE GeoSphere
[2019-04-23 18:15:13] ############## LOADING RESOURCE Planet
[2019-04-23 18:15:13] ############## LOADING RESOURCE Atmosphere
[2019-04-23 18:15:13] ############## LOADING RESOURCE Asteroid
[2019-04-23 18:15:13] ############## LOADING RESOURCE ExhaustPlum
[2019-04-23 18:15:13] ############## LOADING RESOURCE SimpleBeam
[2019-04-23 18:15:13] ############## LOADING RESOURCE Arrow
[2019-04-23 18:15:13] ############## LOADING RESOURCE BlackHole
[2019-04-23 18:15:13] ############## LOADING RESOURCE Debris00
[2019-04-23 18:15:13] ############## LOADING RESOURCE Tube
[2019-04-23 18:15:13] ############## LOADING RESOURCE CameraDrone
[2019-04-23 18:15:13] ############## LOADING RESOURCE PowerSupplyBeam
[2019-04-23 18:15:13] ############## LOADING RESOURCE BuildInhibitor
[2019-04-23 18:15:13] ############## LOADING RESOURCE HealingBeam
[2019-04-23 18:15:13] ############## LOADING RESOURCE Fabricator
[2019-04-23 18:15:13] ############## LOADING RESOURCE Pistol
[2019-04-23 18:15:13] ############## LOADING RESOURCE Torch
[2019-04-23 18:15:13] ############## LOADING RESOURCE Helmet
[2019-04-23 18:15:13] ############## LOADING RESOURCE MarkerBeam
[2019-04-23 18:15:13] ############## LOADING RESOURCE GrappleBeam
[2019-04-23 18:15:13] ############## LOADING RESOURCE MineTypeA
[2019-04-23 18:15:13] [UTIL] native buffer fetch took 69 ms; invoked GC: true; new size 5616; index: 8
[2019-04-23 18:15:13] [UTIL] native buffer fetch took 38 ms; invoked GC: true; new size 3744; index: 9
[2019-04-23 18:15:13] ############## LOADING RESOURCE MineTypeA-Active
[2019-04-23 18:15:13] [UTIL] native buffer fetch took 44 ms; invoked GC: true; new size 16848; index: 8
[2019-04-23 18:15:13] [UTIL] native buffer fetch took 26 ms; invoked GC: true; new size 11232; index: 9
[2019-04-23 18:15:13] ############## LOADING RESOURCE MineTypeA-LOD-Medium
[2019-04-23 18:15:13] ############## LOADING RESOURCE MineTypeA-LOD-Medium-Active
[2019-04-23 18:15:13] ############## LOADING RESOURCE MineTypeA-LOD-Far
[2019-04-23 18:15:13] ############## LOADING RESOURCE MineTypeA-LOD-Far-Active
[2019-04-23 18:15:13] ############## LOADING RESOURCE MineTypeB
[2019-04-23 18:15:13] ############## LOADING RESOURCE MineTypeB-Active
[2019-04-23 18:15:13] ############## LOADING RESOURCE MineTypeB-LOD-Medium
[2019-04-23 18:15:13] ############## LOADING RESOURCE MineTypeB-LOD-Medium-Active
[2019-04-23 18:15:13] ############## LOADING RESOURCE MineTypeB-LOD-Far
[2019-04-23 18:15:13] ############## LOADING RESOURCE MineTypeB-LOD-Far-Active
[2019-04-23 18:15:13] ############## LOADING RESOURCE MineTypeC
[2019-04-23 18:15:13] ############## LOADING RESOURCE MineTypeC-Active
[2019-04-23 18:15:13] ############## LOADING RESOURCE MineTypeC-LOD-Medium
[2019-04-23 18:15:13] ############## LOADING RESOURCE MineTypeC-LOD-Medium-Active
[2019-04-23 18:15:13] ############## LOADING RESOURCE MineTypeC-LOD-Far
[2019-04-23 18:15:13] ############## LOADING RESOURCE MineTypeC-LOD-Far-Active
[2019-04-23 18:15:13] ############## LOADING RESOURCE Grate
[2019-04-23 18:15:13] ############## LOADING RESOURCE GrateCorner
[2019-04-23 18:15:13] ############## LOADING RESOURCE GrateSlope
[2019-04-23 18:15:13] ############## LOADING RESOURCE GrateWedge
[2019-04-23 18:15:13] ############## LOADING RESOURCE MetalBar
[2019-04-23 18:15:13] ############## LOADING RESOURCE MetalCorner
[2019-04-23 18:15:13] ############## LOADING RESOURCE MushroomLod
[2019-04-23 18:15:13] ############## LOADING RESOURCE ParseenCapsule
[2019-04-23 18:15:13] ############## LOADING RESOURCE Pipe
[2019-04-23 18:15:13] ############## LOADING RESOURCE PipeCross
[2019-04-23 18:15:13] ############## LOADING RESOURCE PipeElbow
[2019-04-23 18:15:13] ############## LOADING RESOURCE PipeTee
[2019-04-23 18:15:13] ############## LOADING RESOURCE SmallActivatorActive
[2019-04-23 18:15:13] ############## LOADING RESOURCE SmallActivatorInactive
[2019-04-23 18:15:13] ############## LOADING RESOURCE SmallButtonActive
[2019-04-23 18:15:13] ############## LOADING RESOURCE SmallButtonInactive
[2019-04-23 18:15:13] ############## LOADING RESOURCE BlackPaint
[2019-04-23 18:15:13] ############## LOADING RESOURCE BluePaint
[2019-04-23 18:15:13] ############## LOADING RESOURCE BrownPaint
[2019-04-23 18:15:13] ############## LOADING RESOURCE GreenPaint
[2019-04-23 18:15:13] ############## LOADING RESOURCE OrangePaint
[2019-04-23 18:15:13] ############## LOADING RESOURCE PurplePaint
[2019-04-23 18:15:13] ############## LOADING RESOURCE RedPaint
[2019-04-23 18:15:13] ############## LOADING RESOURCE YellowPaint
[2019-04-23 18:15:13] ############## LOADING RESOURCE WhitePaint
[2019-04-23 18:15:13] ############## LOADING RESOURCE AdvancedHardener
[2019-04-23 18:15:13] ############## LOADING RESOURCE BastynCapsule
[2019-04-23 18:15:13] ############## LOADING RESOURCE ChabazCapsule
[2019-04-23 18:15:13] ############## LOADING RESOURCE CinnabarCapsule
[2019-04-23 18:15:13] ############## LOADING RESOURCE DolomCapsule
[2019-04-23 18:15:13] ############## LOADING RESOURCE FertikeenCapsule
[2019-04-23 18:15:13] ############## LOADING RESOURCE HattelCapsule
[2019-04-23 18:15:13] ############## LOADING RESOURCE HylatCapsule
[2019-04-23 18:15:13] ############## LOADING RESOURCE JisperCapsule
[2019-04-23 18:15:13] ############## LOADING RESOURCE LarimarCapsule
[2019-04-23 18:15:13] ############## LOADING RESOURCE LukrahCapsule
[2019-04-23 18:15:13] ############## LOADING RESOURCE MacetCapsule
[2019-04-23 18:15:13] ############## LOADING RESOURCE MattiseCapsule
[2019-04-23 18:15:13] ############## LOADING RESOURCE NocxCapsule
[2019-04-23 18:15:13] ############## LOADING RESOURCE RammetCapsule
[2019-04-23 18:15:13] ############## LOADING RESOURCE SapsunCapsule
[2019-04-23 18:15:13] ############## LOADING RESOURCE SertiseCapsule
[2019-04-23 18:15:13] ############## LOADING RESOURCE SintyrCapsule
[2019-04-23 18:15:13] ############## LOADING RESOURCE StandardHardener
[2019-04-23 18:15:13] ############## LOADING RESOURCE SugilCapsule
[2019-04-23 18:15:13] ############## LOADING RESOURCE TektCapsule
[2019-04-23 18:15:13] ############## LOADING RESOURCE ThrensCapsule
[2019-04-23 18:15:13] ############## LOADING RESOURCE VaratCapsule
[2019-04-23 18:15:13] ############## LOADING RESOURCE VarisCapsule
[2019-04-23 18:15:13] ############## LOADING RESOURCE ZercanerCapsule
[2019-04-23 18:15:13] ############## LOADING RESOURCE BlueConsole
[2019-04-23 18:15:13] ############## LOADING RESOURCE BlueConsoleInnerCorner
[2019-04-23 18:15:13] ############## LOADING RESOURCE BlueConsoleOuterCorner
[2019-04-23 18:15:13] ############## LOADING RESOURCE GreenConsoleInnerCorner
[2019-04-23 18:15:13] ############## LOADING RESOURCE GreenConsole
[2019-04-23 18:15:13] ############## LOADING RESOURCE GreenConsoleOuterCorner
[2019-04-23 18:15:13] ############## LOADING RESOURCE OrangeConsole
[2019-04-23 18:15:13] ############## LOADING RESOURCE OrangeConsoleInnerCorner
[2019-04-23 18:15:13] ############## LOADING RESOURCE OrangeConsoleOuterCorner
[2019-04-23 18:15:13] ############## LOADING RESOURCE RedConsole
[2019-04-23 18:15:13] ############## LOADING RESOURCE RedConsoleInnerCorner
[2019-04-23 18:15:13] ############## LOADING RESOURCE RedConsoleOuterCorner
[2019-04-23 18:15:13] ############## LOADING RESOURCE BeaconLightBar
[2019-04-23 18:15:13] ############## LOADING RESOURCE BeaconLightCorner
[2019-04-23 18:15:13] ############## LOADING RESOURCE BlackLightBar
[2019-04-23 18:15:13] ############## LOADING RESOURCE BlackLightCorner
[2019-04-23 18:15:13] ############## LOADING RESOURCE BlueLightBar
[2019-04-23 18:15:13] ############## LOADING RESOURCE BlueLightCorner
[2019-04-23 18:15:13] ############## LOADING RESOURCE GreenLightBar
[2019-04-23 18:15:13] ############## LOADING RESOURCE GreenLightCorner
[2019-04-23 18:15:13] ############## LOADING RESOURCE OrangeLightBar
[2019-04-23 18:15:13] ############## LOADING RESOURCE OrangeLightCorner
[2019-04-23 18:15:13] ############## LOADING RESOURCE PinkLightBar
[2019-04-23 18:15:13] ############## LOADING RESOURCE PinkLightCorner
[2019-04-23 18:15:13] ############## LOADING RESOURCE PurpleLightBar
[2019-04-23 18:15:13] ############## LOADING RESOURCE PurpleLightCorner
[2019-04-23 18:15:13] ############## LOADING RESOURCE RedLightBar
[2019-04-23 18:15:13] ############## LOADING RESOURCE RedLightCorner
[2019-04-23 18:15:13] ############## LOADING RESOURCE TealLightBar
[2019-04-23 18:15:13] ############## LOADING RESOURCE TealLightCorner
[2019-04-23 18:15:13] ############## LOADING RESOURCE YellowLightBar
[2019-04-23 18:15:13] ############## LOADING RESOURCE WhiteLightBar
[2019-04-23 18:15:13] ############## LOADING RESOURCE WhiteLightCorner
[2019-04-23 18:15:13] ############## LOADING RESOURCE YellowLightCorner
[2019-04-23 18:15:13] ############## LOADING RESOURCE BeaconLightRod
[2019-04-23 18:15:13] ############## LOADING RESOURCE BlackLightRod
[2019-04-23 18:15:13] ############## LOADING RESOURCE BlueLightRod
[2019-04-23 18:15:13] ############## LOADING RESOURCE GreenLightRod
[2019-04-23 18:15:13] ############## LOADING RESOURCE OrangeLightRod
[2019-04-23 18:15:13] ############## LOADING RESOURCE PinkLightRod
[2019-04-23 18:15:13] ############## LOADING RESOURCE PurpleLightRod
[2019-04-23 18:15:13] ############## LOADING RESOURCE RedLightRod
[2019-04-23 18:15:13] ############## LOADING RESOURCE TealLightRod
[2019-04-23 18:15:13] ############## LOADING RESOURCE YellowLightRod
[2019-04-23 18:15:13] ############## LOADING RESOURCE WhiteLightRod
[2019-04-23 18:15:13] ############## LOADING RESOURCE CollisionBar
[2019-04-23 18:15:13] ############## LOADING RESOURCE CollisionBarCorner
[2019-04-23 18:15:13] ############## LOADING RESOURCE CollisionCapsule
[2019-04-23 18:15:13] ############## LOADING RESOURCE CollisionConsole
[2019-04-23 18:15:13] [UTIL] native buffer fetch took 31 ms; invoked GC: true; new size 432; index: 15
[2019-04-23 18:15:13] ############## LOADING RESOURCE CollisionConsoleInnerCorner
[2019-04-23 18:15:13] ############## LOADING RESOURCE CollisionConsoleOuterCorner
[2019-04-23 18:15:13] ############## LOADING RESOURCE CollisionGrate
[2019-04-23 18:15:14] [UTIL] native buffer fetch took 41 ms; invoked GC: true; new size 432; index: 35
[2019-04-23 18:15:14] ############## LOADING RESOURCE CollisionGrateCorner
[2019-04-23 18:15:14] ############## LOADING RESOURCE CollisionGrateSlope
[2019-04-23 18:15:14] ############## LOADING RESOURCE CollisionGrateWedge
[2019-04-23 18:15:14] ############## LOADING RESOURCE CollisionPipe
[2019-04-23 18:15:14] ############## LOADING RESOURCE CollisionPipeCross
[2019-04-23 18:15:14] ############## LOADING RESOURCE CollisionPipeElbow
[2019-04-23 18:15:14] ############## LOADING RESOURCE CollisionPipeTee
[2019-04-23 18:15:14] ############## LOADING RESOURCE CollisionRod
[2019-04-23 18:15:14] ############## LOADING RESOURCE CollisionSmallButton
[2019-04-23 18:15:14] ############## LOADING RESOURCE Konata
[2019-04-23 18:15:14] ############## LOADING RESOURCE PlayerMdl
[2019-04-23 18:15:14] ############## LOADING RESOURCE HoppyLegs
[2019-04-23 18:15:14] ############## LOADING RESOURCE HoppyBody
[2019-04-23 18:15:14] ############## LOADING RESOURCE LegsArag
[2019-04-23 18:15:14] ############## LOADING RESOURCE TorsoShell
[2019-04-23 18:15:14] ############## LOADING RESOURCE ElementDataInitialization
[2019-04-23 18:15:14] [SERVER] initializing 
[2019-04-23 18:15:14] java.lang.Exception: Server Shutdown: false
[2019-04-23 18:15:14] 	at org.schema.schine.network.server.ServerState.setShutdown(SourceFile:292)
[2019-04-23 18:15:14] 	at obfuscated.aqy.run(SourceFile:1611)
[2019-04-23 18:15:14] 	at java.lang.Thread.run(Thread.java:748)
[2019-04-23 18:15:14] java.lang.Exception: Server created: true
[2019-04-23 18:15:14] 	at org.schema.schine.network.server.ServerState.setCreated(SourceFile:300)
[2019-04-23 18:15:14] 	at org.schema.schine.network.server.ServerState.<init>(SourceFile:52)
[2019-04-23 18:15:14] 	at obfuscated.bcO.<init>(SourceFile:300)
[2019-04-23 18:15:14] 	at obfuscated.aqy.run(SourceFile:1613)
[2019-04-23 18:15:14] 	at java.lang.Thread.run(Thread.java:748)
[2019-04-23 18:15:14] [SERVER] Server State Created!
[2019-04-23 18:15:14] [INIT] Seed File: /home/starmade/starmade/StarMade/./server-database/world0/.seed
[2019-04-23 18:15:14] [SQL] Fetching connection (may take some if game crashed on the run before)
[2019-04-23 18:15:14] [SQL] connection successfull
[2019-04-23 18:15:14] [FLEETABLE] Migration check: VARBINARY
[2019-04-23 18:15:14] [DATABASE] ENTITIES UID SIZE: 128
[2019-04-23 18:15:14] [DATABASE] FTL UID SIZE: 128
[2019-04-23 18:15:14] [DATABASE] SYSTEMS UID SIZE: 128
[2019-04-23 18:15:14] Server(0) Reading CHAT CHANNEL ROUTER /home/starmade/starmade/StarMade/./server-database/world0/chatchannels.tag
[2019-04-23 18:15:15] [MINE] IDGEN = 181
[2019-04-23 18:15:15] [SERVER] Request Thread pool size is: 10
[2019-04-23 18:15:15] EXPLOSION DATA: aggregation data: dim size: 128; total Memory used: 4 MB; max memory: 21.3 GB
[2019-04-23 18:15:15] [EXPLOSION] DATA: ray info data: dim size: 16; total instances used: 4096
[2019-04-23 18:15:15] [EXPLOSION] Array init took 0 ms
[2019-04-23 18:15:15] [EXPLOSION] 'Ray' File read took 1ms
[2019-04-23 18:15:15] [EXPLOSION] DATA: sizeOrder size: 10485760 -> 40 MB
[2019-04-23 18:15:15] [EXPLOSION] 'Order' File read took 51 ms
[2019-04-23 18:15:15] [SERVER] port 4242 is open
[2019-04-23 18:15:15] [SERVER] USING TCP... 
[2019-04-23 18:15:15] [SERVER][NPCFACTIONS] Using Faction Config File /home/starmade/starmade/StarMade/./server-database/world0/npcFactions/Scavengers/npcConfig.xml
[2019-04-23 18:15:15] [SERVER] ###### READING ALL BLUEPRINTS!
[2019-04-23 18:15:15] [SERVER] ###### READING ALL 19 BLUEPRINTS FINISHED! TOOK 22ms
[2019-04-23 18:15:15] [SERVER][NPCFACTIONS] Using Faction Config File /home/starmade/starmade/StarMade/./server-database/world0/npcFactions/Trading Guild/npcConfig.xml
[2019-04-23 18:15:15] [SERVER] ###### READING ALL BLUEPRINTS!
[2019-04-23 18:15:15] [SERVER] ###### READING ALL 14 BLUEPRINTS FINISHED! TOOK 27ms
[2019-04-23 18:15:15] [SERVER][NPCFACTIONS] Using Faction Config File /home/starmade/starmade/StarMade/./server-database/world0/npcFactions/Outcasts/npcConfig.xml
[2019-04-23 18:15:15] [SERVER] ###### READING ALL BLUEPRINTS!
[2019-04-23 18:15:15] [SERVER] ###### READING ALL 13 BLUEPRINTS FINISHED! TOOK 8ms
[2019-04-23 18:15:15] [SERVER][FACTION][NPC] laoding diplomacy from tag. Entries; 52
[2019-04-23 18:15:15] [SERVER][FACTION] LOADED NPC INV: Faction [id=-9999999, name=Outcasts, description=The Outcasts is a loose organization comprised of many different alien species. The harshness of space has left these people without a home, and so they rely on each to survive. The Outcasts are not particularly strong, but treat outsiders with justifiable wariness. The Outcasts are spread thin across the stars and seek to avoid the attention of others., size: 0; FP: 100] Inventory: (Type8; Param -9999999; SlotCount: 184)
[2019-04-23 18:15:15] [SERVER][FACTION][NPC] laoding diplomacy from tag. Entries; 52
[2019-04-23 18:15:15] [SERVER][FACTION] LOADED NPC INV: Faction [id=-9999998, name=Scavengers, description=The Scavengers are a violent people. They care only for themselves, and are willing to do whatever it takes to achieve their goals. Space is a bleak place, and it has driven them to the extremes.Their unwillingness to work with others leaves them at a disadvantage. As a result, the Scavengers are fairly weak. They are little more than a nuisance to many other factions., size: 0; FP: 100] Inventory: (Type8; Param -9999998; SlotCount: 171)
[2019-04-23 18:15:15] [SERVER][FACTION][NPC] laoding diplomacy from tag. Entries; 53
[2019-04-23 18:15:15] [SERVER][FACTION] LOADED NPC INV: Faction [id=-10000000, name=Traders, description=The Trading Guild is a collection of large corporations. They work to better themselves primarily through trade and economics.The Trading Guild treats others with neutrality, and they hardly care who or what they sell their products to. Their wealth grants them strength, but they are a relatively peaceful faction., size: 0; FP: 100] Inventory: (Type8; Param -10000000; SlotCount: 195)
[2019-04-23 18:15:15] [SERVER][FACTION] News Statistics:
[2019-04-23 18:15:15] [SERVER][FACTION][NEWS] Faction [id=-1, name=Pirates, description=Ravaging space pirates, size: 0; FP: 100]: Amount: 1
[2019-04-23 18:15:15] [SERVER][FACTION][NEWS] Faction [id=-1007, name=Enemy Fauna Fac 7, description=An Enemy Fanua Faction, size: 0; FP: 100]: Amount: 1
[2019-04-23 18:15:15] [SERVER][FACTION][NEWS] Faction [id=-1005, name=Enemy Fauna Fac 5, description=An Enemy Fanua Faction, size: 0; FP: 100]: Amount: 1
[2019-04-23 18:15:15] [SERVER][FACTION][NEWS] Faction [id=-1002, name=Enemy Fauna Fac 2, description=An Enemy Fanua Faction, size: 0; FP: 100]: Amount: 1
[2019-04-23 18:15:15] [SERVER][FACTION][NEWS] Faction [id=-1006, name=Enemy Fauna Fac 6, description=An Enemy Fanua Faction, size: 0; FP: 100]: Amount: 1
[2019-04-23 18:15:15] [SERVER][FACTION][NEWS] Faction [id=-1001, name=Enemy Fauna Fac 1, description=An Enemy Fanua Faction, size: 0; FP: 100]: Amount: 1
[2019-04-23 18:15:15] [SERVER][FACTION][NEWS] Faction [id=-1004, name=Enemy Fauna Fac 4, description=An Enemy Fanua Faction, size: 0; FP: 100]: Amount: 1
[2019-04-23 18:15:15] [SERVER][FACTION][NEWS] Faction [id=-1003, name=Enemy Fauna Fac 3, description=An Enemy Fanua Faction, size: 0; FP: 100]: Amount: 1
[2019-04-23 18:15:15] [SERVER][FACTION][NEWS] Faction [id=10005, name=The Aethi Imperium, description=Faction name, size: 1; FP: 14534]: Amount: 1
[2019-04-23 18:15:15] [SERVER][FACTION][NEWS] Faction [id=-1000, name=Enemy Fauna Fac 0, description=An Enemy Fanua Faction, size: 0; FP: 100]: Amount: 1
[2019-04-23 18:15:15] [SERVER][FACION][TAG] loaded relation offer RelOffer[a=-9999999, b=-1002, rel=NEUTRAL]
[2019-04-23 18:15:15] [SERVER][FACION][TAG] loaded relation offer RelOffer[a=-9999998, b=-1005, rel=NEUTRAL]
[2019-04-23 18:15:15] [SERVER][FACION][TAG] loaded relation offer RelOffer[a=-10000000, b=-1004, rel=NEUTRAL]
[2019-04-23 18:15:15] [SERVER][FACION][TAG] loaded relation offer RelOffer[a=-10000000, b=-1007, rel=NEUTRAL]
[2019-04-23 18:15:15] [SERVER][FACION][TAG] loaded relation offer RelOffer[a=-9999999, b=-10000000, rel=NEUTRAL]
[2019-04-23 18:15:15] [SERVER][FACION][TAG] loaded relation offer RelOffer[a=-10000000, b=-1005, rel=NEUTRAL]
[2019-04-23 18:15:15] [SERVER][FACION][TAG] loaded relation offer RelOffer[a=-9999999, b=-1006, rel=NEUTRAL]
[2019-04-23 18:15:15] [SERVER][FACION][TAG] loaded relation offer RelOffer[a=-9999998, b=-1007, rel=NEUTRAL]
[2019-04-23 18:15:15] [SERVER][FACION][TAG] loaded relation offer RelOffer[a=-10000000, b=-1006, rel=NEUTRAL]
[2019-04-23 18:15:15] [SERVER][FACION][TAG] loaded relation offer RelOffer[a=-9999999, b=-1, rel=NEUTRAL]
[2019-04-23 18:15:15] [SERVER][FACION][TAG] loaded relation offer RelOffer[a=-9999999, b=-1005, rel=NEUTRAL]
[2019-04-23 18:15:15] [SERVER][FACION][TAG] loaded relation offer RelOffer[a=-9999998, b=-1002, rel=NEUTRAL]
[2019-04-23 18:15:15] [SERVER][FACION][TAG] loaded relation offer RelOffer[a=-10000000, b=-1002, rel=NEUTRAL]
[2019-04-23 18:15:15] [SERVER][FACION][TAG] loaded relation offer RelOffer[a=-9999999, b=-1001, rel=NEUTRAL]
[2019-04-23 18:15:15] [SERVER][FACION][TAG] loaded relation offer RelOffer[a=-10000000, b=-9999998, rel=NEUTRAL]
[2019-04-23 18:15:15] [SERVER][FACION][TAG] loaded relation offer RelOffer[a=-9999998, b=-1004, rel=NEUTRAL]
[2019-04-23 18:15:15] [SERVER][FACION][TAG] loaded relation offer RelOffer[a=-9999998, b=-1003, rel=NEUTRAL]
[2019-04-23 18:15:15] [SERVER][FACION][TAG] loaded relation offer RelOffer[a=-9999999, b=-1000, rel=NEUTRAL]
[2019-04-23 18:15:15] [SERVER][FACION][TAG] loaded relation offer RelOffer[a=-10000000, b=-1001, rel=NEUTRAL]
[2019-04-23 18:15:15] [SERVER][FACION][TAG] loaded relation offer RelOffer[a=-10000000, b=-1, rel=NEUTRAL]
[2019-04-23 18:15:15] [SERVER][FACION][TAG] loaded relation offer RelOffer[a=-9999998, b=-1006, rel=NEUTRAL]
[2019-04-23 18:15:15] [SERVER][FACION][TAG] loaded relation offer RelOffer[a=-9999998, b=-1001, rel=NEUTRAL]
[2019-04-23 18:15:15] [SERVER][FACION][TAG] loaded relation offer RelOffer[a=-9999999, b=-1007, rel=NEUTRAL]
[2019-04-23 18:15:15] [SERVER][FACION][TAG] loaded relation offer RelOffer[a=-9999998, b=-1, rel=NEUTRAL]
[2019-04-23 18:15:15] [SERVER][FACION][TAG] loaded relation offer RelOffer[a=-10000000, b=-1003, rel=NEUTRAL]
[2019-04-23 18:15:15] [SERVER][FACION][TAG] loaded relation offer RelOffer[a=-9999999, b=-1003, rel=NEUTRAL]
[2019-04-23 18:15:15] [SERVER][FACION][TAG] loaded relation offer RelOffer[a=-9999999, b=-1004, rel=NEUTRAL]
[2019-04-23 18:15:15] [SERVER][FACION][TAG] loaded relation offer RelOffer[a=-9999998, b=-9999999, rel=NEUTRAL]
[2019-04-23 18:15:15] [SERVER][FACION][TAG] loaded relation offer RelOffer[a=-10000000, b=-1000, rel=NEUTRAL]
[2019-04-23 18:15:15] [SERVER][FACION][TAG] loaded relation offer RelOffer[a=-9999998, b=-1000, rel=NEUTRAL]
[2019-04-23 18:15:15] [SERVER] ###### READING ALL BLUEPRINTS!
[2019-04-23 18:15:15] [TAG] WARNING STRUCT DESERIALIZATION took too long: 32; 
[2019-04-23 18:15:15] [TAG] WARNING STRUCT DESERIALIZATION took too long: 32; 
[2019-04-23 18:15:15] [TAG] WARNING STRUCT DESERIALIZATION took too long: 32; 
[2019-04-23 18:15:15] [TAG] WARNING STRUCT DESERIALIZATION took too long: 32; 
[2019-04-23 18:15:15] [TAG] WARNING STRUCT DESERIALIZATION took too long: 35; 
[2019-04-23 18:15:15] [TAG] WARNING STRUCT DESERIALIZATION took too long: 35; 
[2019-04-23 18:15:15] [TAG] WARNING STRUCT DESERIALIZATION took too long: 35; 
[2019-04-23 18:15:15] [TAG] WARNING STRUCT DESERIALIZATION took too long: 33; 
[2019-04-23 18:15:15] [TAG] WARNING STRUCT DESERIALIZATION took too long: 37; 
[2019-04-23 18:15:15] [TAG] WARNING STRUCT DESERIALIZATION took too long: 37; 
[2019-04-23 18:15:15] [TAG] WARNING STRUCT DESERIALIZATION took too long: 39; 
[2019-04-23 18:15:15] [TAG] WARNING STRUCT DESERIALIZATION took too long: 40; 
[2019-04-23 18:15:15] [TAG] WARNING STRUCT DESERIALIZATION took too long: 33; 
[2019-04-23 18:15:15] [TAG] WARNING STRUCT DESERIALIZATION took too long: 33; 
[2019-04-23 18:15:15] [TAG] WARNING STRUCT DESERIALIZATION took too long: 33; 
[2019-04-23 18:15:15] [TAG] WARNING STRUCT DESERIALIZATION took too long: 33; 
[2019-04-23 18:15:15] [TAG] WARNING STRUCT DESERIALIZATION took too long: 33; 
[2019-04-23 18:15:15] [TAG] WARNING STRUCT DESERIALIZATION took too long: 33; 
[2019-04-23 18:15:15] [TAG] WARNING STRUCT DESERIALIZATION took too long: 33; 
[2019-04-23 18:15:15] [TAG] WARNING STRUCT DESERIALIZATION took too long: 32; 
[2019-04-23 18:15:15] [TAG] WARNING STRUCT DESERIALIZATION took too long: 33; 
[2019-04-23 18:15:15] [TAG] WARNING STRUCT DESERIALIZATION took too long: 43; 
[2019-04-23 18:15:15] [TAG] WARNING STRUCT DESERIALIZATION took too long: 43; 
[2019-04-23 18:15:15] [TAG] WARNING STRUCT DESERIALIZATION took too long: 43; 
[2019-04-23 18:15:15] [TAG] WARNING STRUCT DESERIALIZATION took too long: 33; 
[2019-04-23 18:15:15] [TAG] WARNING STRUCT DESERIALIZATION took too long: 38; 
[2019-04-23 18:15:15] [TAG] WARNING STRUCT DESERIALIZATION took too long: 38; 
[2019-04-23 18:15:15] [TAG] WARNING STRUCT DESERIALIZATION took too long: 33; 
[2019-04-23 18:15:15] [TAG] WARNING STRUCT DESERIALIZATION took too long: 40; 
[2019-04-23 18:15:15] [TAG] WARNING STRUCT DESERIALIZATION took too long: 45; 
[2019-04-23 18:15:15] [TAG] WARNING STRUCT DESERIALIZATION took too long: 39; 
[2019-04-23 18:15:15] [TAG] WARNING STRUCT DESERIALIZATION took too long: 40; 
[2019-04-23 18:15:15] [TAG] WARNING STRUCT DESERIALIZATION took too long: 37; 
[2019-04-23 18:15:15] [TAG] WARNING STRUCT DESERIALIZATION took too long: 95; 
[2019-04-23 18:15:15] [TAG] WARNING STRUCT DESERIALIZATION took too long: 95; 
[2019-04-23 18:15:15] [TAG] WARNING STRUCT DESERIALIZATION took too long: 37; 
[2019-04-23 18:15:15] [TAG] WARNING STRUCT DESERIALIZATION took too long: 97; 
[2019-04-23 18:15:15] [TAG] WARNING STRUCT DESERIALIZATION took too long: 97; 
[2019-04-23 18:15:15] [TAG] WARNING STRUCT DESERIALIZATION took too long: 37; 
[2019-04-23 18:15:15] [TAG] WARNING STRUCT DESERIALIZATION took too long: 98; 
[2019-04-23 18:15:15] [TAG] warning: reading tag: AIConfig1 took: 104
[2019-04-23 18:15:15] [TAG] WARNING STRUCT DESERIALIZATION took too long: 58; 
[2019-04-23 18:15:15] [TAG] WARNING STRUCT DESERIALIZATION took too long: 67; 
[2019-04-23 18:15:15] [TAG] WARNING STRUCT DESERIALIZATION took too long: 67; 
[2019-04-23 18:15:15] [TAG] WARNING STRUCT DESERIALIZATION took too long: 58; 
[2019-04-23 18:15:15] [TAG] WARNING STRUCT DESERIALIZATION took too long: 72; 
[2019-04-23 18:15:15] [TAG] WARNING STRUCT DESERIALIZATION took too long: 72; 
[2019-04-23 18:15:15] [TAG] WARNING STRUCT DESERIALIZATION took too long: 72; 
[2019-04-23 18:15:15] [TAG] WARNING STRUCT DESERIALIZATION took too long: 38; 
[2019-04-23 18:15:15] [TAG] WARNING: Struct read time of null took: 107
[2019-04-23 18:15:15] [TAG] WARNING STRUCT DESERIALIZATION took too long: 112; 
[2019-04-23 18:15:15] [TAG] warning: reading tag: null took: 112
[2019-04-23 18:15:15] [TAG] WARNING: Struct read time of null took: 105
[2019-04-23 18:15:15] [TAG] WARNING STRUCT DESERIALIZATION took too long: 106; 
[2019-04-23 18:15:15] [TAG] warning: reading tag: null took: 106
[2019-04-23 18:15:15] [TAG] WARNING STRUCT DESERIALIZATION took too long: 75; 
[2019-04-23 18:15:15] [TAG] WARNING STRUCT DESERIALIZATION took too long: 76; 
[2019-04-23 18:15:15] [TAG] WARNING STRUCT DESERIALIZATION took too long: 76; 
[2019-04-23 18:15:15] [TAG] WARNING STRUCT DESERIALIZATION took too long: 78; 
[2019-04-23 18:15:15] [TAG] WARNING STRUCT DESERIALIZATION took too long: 79; 
[2019-04-23 18:15:15] [TAG] WARNING STRUCT DESERIALIZATION took too long: 78; 
[2019-04-23 18:15:15] [TAG] WARNING STRUCT DESERIALIZATION took too long: 78; 
[2019-04-23 18:15:15] [TAG] WARNING STRUCT DESERIALIZATION took too long: 78; 
[2019-04-23 18:15:15] [TAG] WARNING STRUCT DESERIALIZATION took too long: 78; 
[2019-04-23 18:15:15] [TAG] WARNING STRUCT DESERIALIZATION took too long: 79; 
[2019-04-23 18:15:15] [TAG] WARNING STRUCT DESERIALIZATION took too long: 80; 
[2019-04-23 18:15:15] [TAG] WARNING STRUCT DESERIALIZATION took too long: 80; 
[2019-04-23 18:15:15] [TAG] WARNING STRUCT DESERIALIZATION took too long: 80; 
[2019-04-23 18:15:15] [TAG] WARNING STRUCT DESERIALIZATION took too long: 80; 
[2019-04-23 18:15:15] [TAG] WARNING STRUCT DESERIALIZATION took too long: 80; 
[2019-04-23 18:15:15] [TAG] WARNING STRUCT DESERIALIZATION took too long: 84; 
[2019-04-23 18:15:15] [TAG] WARNING STRUCT DESERIALIZATION took too long: 91; 
[2019-04-23 18:15:15] [TAG] WARNING STRUCT DESERIALIZATION took too long: 80; 
[2019-04-23 18:15:15] [TAG] WARNING STRUCT DESERIALIZATION took too long: 91; 
[2019-04-23 18:15:15] [TAG] WARNING STRUCT DESERIALIZATION took too long: 94; 
[2019-04-23 18:15:15] [TAG] WARNING STRUCT DESERIALIZATION took too long: 94; 
[2019-04-23 18:15:15] [TAG] WARNING STRUCT DESERIALIZATION took too long: 35; 
[2019-04-23 18:15:15] [TAG] WARNING STRUCT DESERIALIZATION took too long: 35; 
[2019-04-23 18:15:15] [TAG] WARNING STRUCT DESERIALIZATION took too long: 35; 
[2019-04-23 18:15:15] [TAG] WARNING STRUCT DESERIALIZATION took too long: 44; 
[2019-04-23 18:15:15] [TAG] WARNING STRUCT DESERIALIZATION took too long: 45; 
[2019-04-23 18:15:15] [TAG] WARNING STRUCT DESERIALIZATION took too long: 46; 
[2019-04-23 18:15:15] [TAG] WARNING STRUCT DESERIALIZATION took too long: 45; 
[2019-04-23 18:15:15] [TAG] WARNING STRUCT DESERIALIZATION took too long: 36; 
[2019-04-23 18:15:15] [TAG] WARNING STRUCT DESERIALIZATION took too long: 40; 
[2019-04-23 18:15:15] [TAG] WARNING STRUCT DESERIALIZATION took too long: 32; 
[2019-04-23 18:15:15] [TAG] WARNING STRUCT DESERIALIZATION took too long: 32; 
[2019-04-23 18:15:16] [SERVER] ###### READING ALL 162 BLUEPRINTS FINISHED! TOOK 363ms
[2019-04-23 18:15:16] [SERVER][CATALOG] READ RAW BLUEPRINTS: 162
[2019-04-23 18:15:16] [RULES] no rules read from disk: /home/starmade/starmade/StarMade/rules.xml
[2019-04-23 18:15:16] [RULES][PROPERTIES] no properties read. File doesn't exist: /home/starmade/starmade/StarMade/server-database/world0/ruleproperties.tag; Will be created on save
[2019-04-23 18:15:16] [ServerListener] Server initialization OK... now waiting for connections
[2019-04-23 18:15:16] [SERVERCONTROLLER][INIT] (listenerId[0]) SERVER STARTED UPDATING
[2019-04-23 18:15:16] [SERVER] SERVER INIT FINISHED
[2019-04-23 18:15:16] [SERVER][CATALOG] Deflated Catalog from 15105 kb to 5100 kb
[2019-04-23 18:15:16] [SERVER][UPDATE] WARNING: handleQueuedSynchronizedObjects update took 61 on Server(0)
[2019-04-23 18:15:16] GET GLOBAL RULES {}; 105
[2019-04-23 18:15:16] Server(0); Faction [id=10001, name=Stockholm Syndrome INC, description=Game is dead fam lmao

, size: 1; FP: -4196] ON RULE CHANGED: []
[2019-04-23 18:15:16] Server(0) Faction [id=10001, name=Stockholm Syndrome INC, description=Game is dead fam lmao

, size: 1; FP: -4196] [ONRULECHANGE] INDIVIDUAL RULES 0; MAP: {}
[2019-04-23 18:15:16] Server(0) Faction [id=10001, name=Stockholm Syndrome INC, description=Game is dead fam lmao

, size: 1; FP: -4196] [ONRULECHANGE] RESULT: TOTAL: 0; globalSets: 0; individualSets: 0;
[2019-04-23 18:15:16] CHEKCING ALL RULES FOR SERVER
[2019-04-23 18:15:16] GET GLOBAL RULES {}; 105
[2019-04-23 18:15:16] Server(0); Faction [id=10002, name=RedAlert_007 is big gay, description=Faction name, size: 1; FP: -3609] ON RULE CHANGED: []
[2019-04-23 18:15:16] Server(0) Faction [id=10002, name=RedAlert_007 is big gay, description=Faction name, size: 1; FP: -3609] [ONRULECHANGE] INDIVIDUAL RULES 0; MAP: {}
[2019-04-23 18:15:16] Server(0) Faction [id=10002, name=RedAlert_007 is big gay, description=Faction name, size: 1; FP: -3609] [ONRULECHANGE] RESULT: TOTAL: 0; globalSets: 0; individualSets: 0;
[2019-04-23 18:15:16] CHEKCING ALL RULES FOR SERVER
[2019-04-23 18:15:16] GET GLOBAL RULES {}; 105
[2019-04-23 18:15:16] Server(0); Faction [id=-1, name=Pirates, description=Ravaging space pirates, size: 0; FP: 100] ON RULE CHANGED: []
[2019-04-23 18:15:16] Server(0) Faction [id=-1, name=Pirates, description=Ravaging space pirates, size: 0; FP: 100] [ONRULECHANGE] INDIVIDUAL RULES 0; MAP: {}
[2019-04-23 18:15:16] Server(0) Faction [id=-1, name=Pirates, description=Ravaging space pirates, size: 0; FP: 100] [ONRULECHANGE] RESULT: TOTAL: 0; globalSets: 0; individualSets: 0;
[2019-04-23 18:15:16] CHEKCING ALL RULES FOR SERVER
[2019-04-23 18:15:16] GET GLOBAL RULES {}; 105
[2019-04-23 18:15:16] Server(0); Faction [id=-1005, name=Enemy Fauna Fac 5, description=An Enemy Fanua Faction, size: 0; FP: 100] ON RULE CHANGED: []
[2019-04-23 18:15:16] Server(0) Faction [id=-1005, name=Enemy Fauna Fac 5, description=An Enemy Fanua Faction, size: 0; FP: 100] [ONRULECHANGE] INDIVIDUAL RULES 0; MAP: {}
[2019-04-23 18:15:16] Server(0) Faction [id=-1005, name=Enemy Fauna Fac 5, description=An Enemy Fanua Faction, size: 0; FP: 100] [ONRULECHANGE] RESULT: TOTAL: 0; globalSets: 0; individualSets: 0;
[2019-04-23 18:15:16] CHEKCING ALL RULES FOR SERVER
[2019-04-23 18:15:16] GET GLOBAL RULES {}; 105
[2019-04-23 18:15:16] Server(0); Faction [id=-1002, name=Enemy Fauna Fac 2, description=An Enemy Fanua Faction, size: 0; FP: 100] ON RULE CHANGED: []
[2019-04-23 18:15:16] Server(0) Faction [id=-1002, name=Enemy Fauna Fac 2, description=An Enemy Fanua Faction, size: 0; FP: 100] [ONRULECHANGE] INDIVIDUAL RULES 0; MAP: {}
[2019-04-23 18:15:16] Server(0) Faction [id=-1002, name=Enemy Fauna Fac 2, description=An Enemy Fanua Faction, size: 0; FP: 100] [ONRULECHANGE] RESULT: TOTAL: 0; globalSets: 0; individualSets: 0;
[2019-04-23 18:15:16] CHEKCING ALL RULES FOR SERVER
[2019-04-23 18:15:16] GET GLOBAL RULES {}; 105
[2019-04-23 18:15:16] Server(0); Faction [id=-2001, name=Neutral Fauna Fac 1, description=A Neutral Fanua Faction, size: 0; FP: 100] ON RULE CHANGED: []
[2019-04-23 18:15:16] Server(0) Faction [id=-2001, name=Neutral Fauna Fac 1, description=A Neutral Fanua Faction, size: 0; FP: 100] [ONRULECHANGE] INDIVIDUAL RULES 0; MAP: {}
[2019-04-23 18:15:16] Server(0) Faction [id=-2001, name=Neutral Fauna Fac 1, description=A Neutral Fanua Faction, size: 0; FP: 100] [ONRULECHANGE] RESULT: TOTAL: 0; globalSets: 0; individualSets: 0;
[2019-04-23 18:15:16] CHEKCING ALL RULES FOR SERVER
[2019-04-23 18:15:16] GET GLOBAL RULES {}; 105
[2019-04-23 18:15:16] Server(0); Faction [id=-1004, name=Enemy Fauna Fac 4, description=An Enemy Fanua Faction, size: 0; FP: 100] ON RULE CHANGED: []
[2019-04-23 18:15:16] Server(0) Faction [id=-1004, name=Enemy Fauna Fac 4, description=An Enemy Fanua Faction, size: 0; FP: 100] [ONRULECHANGE] INDIVIDUAL RULES 0; MAP: {}
[2019-04-23 18:15:16] Server(0) Faction [id=-1004, name=Enemy Fauna Fac 4, description=An Enemy Fanua Faction, size: 0; FP: 100] [ONRULECHANGE] RESULT: TOTAL: 0; globalSets: 0; individualSets: 0;
[2019-04-23 18:15:16] CHEKCING ALL RULES FOR SERVER
[2019-04-23 18:15:16] GET GLOBAL RULES {}; 105
[2019-04-23 18:15:16] Server(0); Faction [id=-9999999, name=Outcasts, description=The Outcasts is a loose organization comprised of many different alien species. The harshness of space has left these people without a home, and so they rely on each to survive. The Outcasts are not particularly strong, but treat outsiders with justifiable wariness. The Outcasts are spread thin across the stars and seek to avoid the attention of others., size: 0; FP: 100] ON RULE CHANGED: []
[2019-04-23 18:15:16] Server(0) Faction [id=-9999999, name=Outcasts, description=The Outcasts is a loose organization comprised of many different alien species. The harshness of space has left these people without a home, and so they rely on each to survive. The Outcasts are not particularly strong, but treat outsiders with justifiable wariness. The Outcasts are spread thin across the stars and seek to avoid the attention of others., size: 0; FP: 100] [ONRULECHANGE] INDIVIDUAL RULES 0; MAP: {}
[2019-04-23 18:15:16] Server(0) Faction [id=-9999999, name=Outcasts, description=The Outcasts is a loose organization comprised of many different alien species. The harshness of space has left these people without a home, and so they rely on each to survive. The Outcasts are not particularly strong, but treat outsiders with justifiable wariness. The Outcasts are spread thin across the stars and seek to avoid the attention of others., size: 0; FP: 100] [ONRULECHANGE] RESULT: TOTAL: 0; globalSets: 0; individualSets: 0;
[2019-04-23 18:15:16] CHEKCING ALL RULES FOR SERVER
[2019-04-23 18:15:16] GET GLOBAL RULES {}; 105
[2019-04-23 18:15:16] Server(0); Faction [id=-2003, name=Neutral Fauna Fac 3, description=A Neutral Fanua Faction, size: 0; FP: 100] ON RULE CHANGED: []
[2019-04-23 18:15:16] Server(0) Faction [id=-2003, name=Neutral Fauna Fac 3, description=A Neutral Fanua Faction, size: 0; FP: 100] [ONRULECHANGE] INDIVIDUAL RULES 0; MAP: {}
[2019-04-23 18:15:16] Server(0) Faction [id=-2003, name=Neutral Fauna Fac 3, description=A Neutral Fanua Faction, size: 0; FP: 100] [ONRULECHANGE] RESULT: TOTAL: 0; globalSets: 0; individualSets: 0;
[2019-04-23 18:15:16] CHEKCING ALL RULES FOR SERVER
[2019-04-23 18:15:16] GET GLOBAL RULES {}; 105
[2019-04-23 18:15:16] Server(0); Faction [id=-2002, name=Neutral Fauna Fac 2, description=A Neutral Fanua Faction, size: 0; FP: 100] ON RULE CHANGED: []
[2019-04-23 18:15:16] Server(0) Faction [id=-2002, name=Neutral Fauna Fac 2, description=A Neutral Fanua Faction, size: 0; FP: 100] [ONRULECHANGE] INDIVIDUAL RULES 0; MAP: {}
[2019-04-23 18:15:16] Server(0) Faction [id=-2002, name=Neutral Fauna Fac 2, description=A Neutral Fanua Faction, size: 0; FP: 100] [ONRULECHANGE] RESULT: TOTAL: 0; globalSets: 0; individualSets: 0;
[2019-04-23 18:15:16] CHEKCING ALL RULES FOR SERVER
[2019-04-23 18:15:16] GET GLOBAL RULES {}; 105
[2019-04-23 18:15:16] Server(0); Faction [id=10006, name=Aeon Corp, description=Faction name, size: 1; FP: -1491] ON RULE CHANGED: []
[2019-04-23 18:15:16] Server(0) Faction [id=10006, name=Aeon Corp, description=Faction name, size: 1; FP: -1491] [ONRULECHANGE] INDIVIDUAL RULES 0; MAP: {}
[2019-04-23 18:15:16] Server(0) Faction [id=10006, name=Aeon Corp, description=Faction name, size: 1; FP: -1491] [ONRULECHANGE] RESULT: TOTAL: 0; globalSets: 0; individualSets: 0;
[2019-04-23 18:15:16] CHEKCING ALL RULES FOR SERVER
[2019-04-23 18:15:16] GET GLOBAL RULES {}; 105
[2019-04-23 18:15:16] Server(0); Faction [id=10005, name=The Aethi Imperium, description=Faction name, size: 1; FP: 14534] ON RULE CHANGED: []
[2019-04-23 18:15:16] Server(0) Faction [id=10005, name=The Aethi Imperium, description=Faction name, size: 1; FP: 14534] [ONRULECHANGE] INDIVIDUAL RULES 0; MAP: {}
[2019-04-23 18:15:16] Server(0) Faction [id=10005, name=The Aethi Imperium, description=Faction name, size: 1; FP: 14534] [ONRULECHANGE] RESULT: TOTAL: 0; globalSets: 0; individualSets: 0;
[2019-04-23 18:15:16] CHEKCING ALL RULES FOR SERVER
[2019-04-23 18:15:16] GET GLOBAL RULES {}; 105
[2019-04-23 18:15:16] Server(0); Faction [id=-2006, name=Neutral Fauna Fac 6, description=A Neutral Fanua Faction, size: 0; FP: 100] ON RULE CHANGED: []
[2019-04-23 18:15:16] Server(0) Faction [id=-2006, name=Neutral Fauna Fac 6, description=A Neutral Fanua Faction, size: 0; FP: 100] [ONRULECHANGE] INDIVIDUAL RULES 0; MAP: {}
[2019-04-23 18:15:16] Server(0) Faction [id=-2006, name=Neutral Fauna Fac 6, description=A Neutral Fanua Faction, size: 0; FP: 100] [ONRULECHANGE] RESULT: TOTAL: 0; globalSets: 0; individualSets: 0;
[2019-04-23 18:15:16] CHEKCING ALL RULES FOR SERVER
[2019-04-23 18:15:16] GET GLOBAL RULES {}; 105
[2019-04-23 18:15:16] Server(0); Faction [id=-1000, name=Enemy Fauna Fac 0, description=An Enemy Fanua Faction, size: 0; FP: 100] ON RULE CHANGED: []
[2019-04-23 18:15:16] Server(0) Faction [id=-1000, name=Enemy Fauna Fac 0, description=An Enemy Fanua Faction, size: 0; FP: 100] [ONRULECHANGE] INDIVIDUAL RULES 0; MAP: {}
[2019-04-23 18:15:16] Server(0) Faction [id=-1000, name=Enemy Fauna Fac 0, description=An Enemy Fanua Faction, size: 0; FP: 100] [ONRULECHANGE] RESULT: TOTAL: 0; globalSets: 0; individualSets: 0;
[2019-04-23 18:15:16] CHEKCING ALL RULES FOR SERVER
[2019-04-23 18:15:16] GET GLOBAL RULES {}; 105
[2019-04-23 18:15:16] Server(0); Faction [id=-1007, name=Enemy Fauna Fac 7, description=An Enemy Fanua Faction, size: 0; FP: 100] ON RULE CHANGED: []
[2019-04-23 18:15:16] Server(0) Faction [id=-1007, name=Enemy Fauna Fac 7, description=An Enemy Fanua Faction, size: 0; FP: 100] [ONRULECHANGE] INDIVIDUAL RULES 0; MAP: {}
[2019-04-23 18:15:16] Server(0) Faction [id=-1007, name=Enemy Fauna Fac 7, description=An Enemy Fanua Faction, size: 0; FP: 100] [ONRULECHANGE] RESULT: TOTAL: 0; globalSets: 0; individualSets: 0;
[2019-04-23 18:15:16] CHEKCING ALL RULES FOR SERVER
[2019-04-23 18:15:16] GET GLOBAL RULES {}; 105
[2019-04-23 18:15:16] Server(0); Faction [id=-9999998, name=Scavengers, description=The Scavengers are a violent people. They care only for themselves, and are willing to do whatever it takes to achieve their goals. Space is a bleak place, and it has driven them to the extremes.Their unwillingness to work with others leaves them at a disadvantage. As a result, the Scavengers are fairly weak. They are little more than a nuisance to many other factions., size: 0; FP: 100] ON RULE CHANGED: []
[2019-04-23 18:15:16] Server(0) Faction [id=-9999998, name=Scavengers, description=The Scavengers are a violent people. They care only for themselves, and are willing to do whatever it takes to achieve their goals. Space is a bleak place, and it has driven them to the extremes.Their unwillingness to work with others leaves them at a disadvantage. As a result, the Scavengers are fairly weak. They are little more than a nuisance to many other factions., size: 0; FP: 100] [ONRULECHANGE] INDIVIDUAL RULES 0; MAP: {}
[2019-04-23 18:15:16] Server(0) Faction [id=-9999998, name=Scavengers, description=The Scavengers are a violent people. They care only for themselves, and are willing to do whatever it takes to achieve their goals. Space is a bleak place, and it has driven them to the extremes.Their unwillingness to work with others leaves them at a disadvantage. As a result, the Scavengers are fairly weak. They are little more than a nuisance to many other factions., size: 0; FP: 100] [ONRULECHANGE] RESULT: TOTAL: 0; globalSets: 0; individualSets: 0;
[2019-04-23 18:15:16] CHEKCING ALL RULES FOR SERVER
[2019-04-23 18:15:16] GET GLOBAL RULES {}; 105
[2019-04-23 18:15:16] Server(0); Faction [id=-2004, name=Neutral Fauna Fac 4, description=A Neutral Fanua Faction, size: 0; FP: 100] ON RULE CHANGED: []
[2019-04-23 18:15:16] Server(0) Faction [id=-2004, name=Neutral Fauna Fac 4, description=A Neutral Fanua Faction, size: 0; FP: 100] [ONRULECHANGE] INDIVIDUAL RULES 0; MAP: {}
[2019-04-23 18:15:16] Server(0) Faction [id=-2004, name=Neutral Fauna Fac 4, description=A Neutral Fanua Faction, size: 0; FP: 100] [ONRULECHANGE] RESULT: TOTAL: 0; globalSets: 0; individualSets: 0;
[2019-04-23 18:15:16] CHEKCING ALL RULES FOR SERVER
[2019-04-23 18:15:16] GET GLOBAL RULES {}; 105
[2019-04-23 18:15:16] Server(0); Faction [id=-1006, name=Enemy Fauna Fac 6, description=An Enemy Fanua Faction, size: 0; FP: 100] ON RULE CHANGED: []
[2019-04-23 18:15:16] Server(0) Faction [id=-1006, name=Enemy Fauna Fac 6, description=An Enemy Fanua Faction, size: 0; FP: 100] [ONRULECHANGE] INDIVIDUAL RULES 0; MAP: {}
[2019-04-23 18:15:16] Server(0) Faction [id=-1006, name=Enemy Fauna Fac 6, description=An Enemy Fanua Faction, size: 0; FP: 100] [ONRULECHANGE] RESULT: TOTAL: 0; globalSets: 0; individualSets: 0;
[2019-04-23 18:15:16] CHEKCING ALL RULES FOR SERVER
[2019-04-23 18:15:16] GET GLOBAL RULES {}; 105
[2019-04-23 18:15:16] Server(0); Faction [id=-1001, name=Enemy Fauna Fac 1, description=An Enemy Fanua Faction, size: 0; FP: 100] ON RULE CHANGED: []
[2019-04-23 18:15:16] Server(0) Faction [id=-1001, name=Enemy Fauna Fac 1, description=An Enemy Fanua Faction, size: 0; FP: 100] [ONRULECHANGE] INDIVIDUAL RULES 0; MAP: {}
[2019-04-23 18:15:16] Server(0) Faction [id=-1001, name=Enemy Fauna Fac 1, description=An Enemy Fanua Faction, size: 0; FP: 100] [ONRULECHANGE] RESULT: TOTAL: 0; globalSets: 0; individualSets: 0;
[2019-04-23 18:15:16] CHEKCING ALL RULES FOR SERVER
[2019-04-23 18:15:16] GET GLOBAL RULES {}; 105
[2019-04-23 18:15:16] Server(0); Faction [id=10004, name=Dovan Empire, description=Faction name, size: 2; FP: 7309] ON RULE CHANGED: []
[2019-04-23 18:15:16] Server(0) Faction [id=10004, name=Dovan Empire, description=Faction name, size: 2; FP: 7309] [ONRULECHANGE] INDIVIDUAL RULES 0; MAP: {}
[2019-04-23 18:15:16] Server(0) Faction [id=10004, name=Dovan Empire, description=Faction name, size: 2; FP: 7309] [ONRULECHANGE] RESULT: TOTAL: 0; globalSets: 0; individualSets: 0;
[2019-04-23 18:15:16] CHEKCING ALL RULES FOR SERVER
[2019-04-23 18:15:16] GET GLOBAL RULES {}; 105
[2019-04-23 18:15:16] Server(0); Faction [id=10003, name=V I R U S, description=Faction name, size: 1; FP: -2568] ON RULE CHANGED: []
[2019-04-23 18:15:16] Server(0) Faction [id=10003, name=V I R U S, description=Faction name, size: 1; FP: -2568] [ONRULECHANGE] INDIVIDUAL RULES 0; MAP: {}
[2019-04-23 18:15:16] Server(0) Faction [id=10003, name=V I R U S, description=Faction name, size: 1; FP: -2568] [ONRULECHANGE] RESULT: TOTAL: 0; globalSets: 0; individualSets: 0;
[2019-04-23 18:15:16] CHEKCING ALL RULES FOR SERVER
[2019-04-23 18:15:16] GET GLOBAL RULES {}; 105
[2019-04-23 18:15:16] Server(0); Faction [id=-2007, name=Neutral Fauna Fac 7, description=A Neutral Fanua Faction, size: 0; FP: 100] ON RULE CHANGED: []
[2019-04-23 18:15:16] Server(0) Faction [id=-2007, name=Neutral Fauna Fac 7, description=A Neutral Fanua Faction, size: 0; FP: 100] [ONRULECHANGE] INDIVIDUAL RULES 0; MAP: {}
[2019-04-23 18:15:16] Server(0) Faction [id=-2007, name=Neutral Fauna Fac 7, description=A Neutral Fanua Faction, size: 0; FP: 100] [ONRULECHANGE] RESULT: TOTAL: 0; globalSets: 0; individualSets: 0;
[2019-04-23 18:15:16] CHEKCING ALL RULES FOR SERVER
[2019-04-23 18:15:16] GET GLOBAL RULES {}; 105
[2019-04-23 18:15:16] Server(0); Faction [id=-10000000, name=Traders, description=The Trading Guild is a collection of large corporations. They work to better themselves primarily through trade and economics.The Trading Guild treats others with neutrality, and they hardly care who or what they sell their products to. Their wealth grants them strength, but they are a relatively peaceful faction., size: 0; FP: 100] ON RULE CHANGED: []
[2019-04-23 18:15:16] Server(0) Faction [id=-10000000, name=Traders, description=The Trading Guild is a collection of large corporations. They work to better themselves primarily through trade and economics.The Trading Guild treats others with neutrality, and they hardly care who or what they sell their products to. Their wealth grants them strength, but they are a relatively peaceful faction., size: 0; FP: 100] [ONRULECHANGE] INDIVIDUAL RULES 0; MAP: {}
[2019-04-23 18:15:16] Server(0) Faction [id=-10000000, name=Traders, description=The Trading Guild is a collection of large corporations. They work to better themselves primarily through trade and economics.The Trading Guild treats others with neutrality, and they hardly care who or what they sell their products to. Their wealth grants them strength, but they are a relatively peaceful faction., size: 0; FP: 100] [ONRULECHANGE] RESULT: TOTAL: 0; globalSets: 0; individualSets: 0;
[2019-04-23 18:15:16] CHEKCING ALL RULES FOR SERVER
[2019-04-23 18:15:16] GET GLOBAL RULES {}; 105
[2019-04-23 18:15:16] Server(0); Faction [id=-2, name=Trading guild, description=The intergalactic trading guild, size: 0; FP: 100] ON RULE CHANGED: []
[2019-04-23 18:15:16] Server(0) Faction [id=-2, name=Trading guild, description=The intergalactic trading guild, size: 0; FP: 100] [ONRULECHANGE] INDIVIDUAL RULES 0; MAP: {}
[2019-04-23 18:15:16] Server(0) Faction [id=-2, name=Trading guild, description=The intergalactic trading guild, size: 0; FP: 100] [ONRULECHANGE] RESULT: TOTAL: 0; globalSets: 0; individualSets: 0;
[2019-04-23 18:15:16] CHEKCING ALL RULES FOR SERVER
[2019-04-23 18:15:16] GET GLOBAL RULES {}; 105
[2019-04-23 18:15:16] Server(0); Faction [id=-2000, name=Neutral Fauna Fac 0, description=A Neutral Fanua Faction, size: 0; FP: 100] ON RULE CHANGED: []
[2019-04-23 18:15:16] Server(0) Faction [id=-2000, name=Neutral Fauna Fac 0, description=A Neutral Fanua Faction, size: 0; FP: 100] [ONRULECHANGE] INDIVIDUAL RULES 0; MAP: {}
[2019-04-23 18:15:16] Server(0) Faction [id=-2000, name=Neutral Fauna Fac 0, description=A Neutral Fanua Faction, size: 0; FP: 100] [ONRULECHANGE] RESULT: TOTAL: 0; globalSets: 0; individualSets: 0;
[2019-04-23 18:15:16] CHEKCING ALL RULES FOR SERVER
[2019-04-23 18:15:16] GET GLOBAL RULES {}; 105
[2019-04-23 18:15:16] Server(0); Faction [id=-1003, name=Enemy Fauna Fac 3, description=An Enemy Fanua Faction, size: 0; FP: 100] ON RULE CHANGED: []
[2019-04-23 18:15:16] Server(0) Faction [id=-1003, name=Enemy Fauna Fac 3, description=An Enemy Fanua Faction, size: 0; FP: 100] [ONRULECHANGE] INDIVIDUAL RULES 0; MAP: {}
[2019-04-23 18:15:16] Server(0) Faction [id=-1003, name=Enemy Fauna Fac 3, description=An Enemy Fanua Faction, size: 0; FP: 100] [ONRULECHANGE] RESULT: TOTAL: 0; globalSets: 0; individualSets: 0;
[2019-04-23 18:15:16] CHEKCING ALL RULES FOR SERVER
[2019-04-23 18:15:16] GET GLOBAL RULES {}; 105
[2019-04-23 18:15:16] Server(0); Faction [id=-2005, name=Neutral Fauna Fac 5, description=A Neutral Fanua Faction, size: 0; FP: 100] ON RULE CHANGED: []
[2019-04-23 18:15:16] Server(0) Faction [id=-2005, name=Neutral Fauna Fac 5, description=A Neutral Fanua Faction, size: 0; FP: 100] [ONRULECHANGE] INDIVIDUAL RULES 0; MAP: {}
[2019-04-23 18:15:16] Server(0) Faction [id=-2005, name=Neutral Fauna Fac 5, description=A Neutral Fanua Faction, size: 0; FP: 100] [ONRULECHANGE] RESULT: TOTAL: 0; globalSets: 0; individualSets: 0;
[2019-04-23 18:15:16] CHEKCING ALL RULES FOR SERVER
[2019-04-23 18:15:16] [RULESET] serializing all Rules and properties.
[2019-04-23 18:15:16] [NT] Big FullUpdate: 54825 bytes: SenableGameState(1)
[2019-04-23 18:20:15] [SERVER] SERVER AUTOSAVE START. Dumping server State!
[2019-04-23 18:20:15] [SERVER] WRITING ADDITIONAL ENTITIES
[2019-04-23 18:20:15] [IO][COPY] FILE FROM /home/starmade/starmade/StarMade/./server-database/world0/FACTIONS.fac to /home/starmade/starmade/StarMade/./server-database/world0/FACTIONS.fac.old
[2019-04-23 18:20:15] [SERVER] DELETING ORIGINALFILE TO REPLACE WITH NEW ONE: true; /home/starmade/starmade/StarMade/./server-database/world0/FACTIONS.fac
[2019-04-23 18:20:15] [IO][COPY] FILE FROM /home/starmade/starmade/StarMade/./server-database/world0/tmp/FACTIONS.fac.tmp to /home/starmade/starmade/StarMade/./server-database/world0/FACTIONS.fac
[2019-04-23 18:20:15] [IO][COPY] FILE FROM /home/starmade/starmade/StarMade/./server-database/world0/CATALOG.cat to /home/starmade/starmade/StarMade/./server-database/world0/CATALOG.cat.old
[2019-04-23 18:20:15] [SERVER] DELETING ORIGINALFILE TO REPLACE WITH NEW ONE: true; /home/starmade/starmade/StarMade/./server-database/world0/CATALOG.cat
[2019-04-23 18:20:15] [IO][COPY] FILE FROM /home/starmade/starmade/StarMade/./server-database/world0/tmp/CATALOG.cat.tmp to /home/starmade/starmade/StarMade/./server-database/world0/CATALOG.cat
[2019-04-23 18:20:15] [IO][COPY] FILE FROM /home/starmade/starmade/StarMade/./server-database/world0/chatchannels.tag to /home/starmade/starmade/StarMade/./server-database/world0/chatchannels.tag.old
[2019-04-23 18:20:15] [SERVER] DELETING ORIGINALFILE TO REPLACE WITH NEW ONE: true; /home/starmade/starmade/StarMade/./server-database/world0/chatchannels.tag
[2019-04-23 18:20:15] [IO][COPY] FILE FROM /home/starmade/starmade/StarMade/./server-database/world0/tmp/chatchannels.tag.tmp to /home/starmade/starmade/StarMade/./server-database/world0/chatchannels.tag
[2019-04-23 18:20:15] [IO][COPY] FILE FROM /home/starmade/starmade/StarMade/./server-database/world0/TRADING.tag to /home/starmade/starmade/StarMade/./server-database/world0/TRADING.tag.old
[2019-04-23 18:20:15] [SERVER] DELETING ORIGINALFILE TO REPLACE WITH NEW ONE: true; /home/starmade/starmade/StarMade/./server-database/world0/TRADING.tag
[2019-04-23 18:20:15] [IO][COPY] FILE FROM /home/starmade/starmade/StarMade/./server-database/world0/tmp/TRADING.tag.tmp to /home/starmade/starmade/StarMade/./server-database/world0/TRADING.tag
[2019-04-23 18:20:15] [SERVER] WRITING ADDITIONAL ENTITIES DONE
[2019-04-23 18:20:15] [IO][COPY] FILE FROM /home/starmade/starmade/StarMade/./server-database/world0/SIMULATION_STATE.sim to /home/starmade/starmade/StarMade/./server-database/world0/SIMULATION_STATE.sim.old
[2019-04-23 18:20:15] [SERVER] DELETING ORIGINALFILE TO REPLACE WITH NEW ONE: true; /home/starmade/starmade/StarMade/./server-database/world0/SIMULATION_STATE.sim
[2019-04-23 18:20:15] [IO][COPY] FILE FROM /home/starmade/starmade/StarMade/./server-database/world0/tmp/SIMULATION_STATE.sim.tmp to /home/starmade/starmade/StarMade/./server-database/world0/SIMULATION_STATE.sim
[2019-04-23 18:20:15] [SERVER] SERVER AUTOSAVE END. ServerState saved!
[2019-04-23 18:25:15] [SERVER] SERVER AUTOSAVE START. Dumping server State!
[2019-04-23 18:25:15] [SERVER] WRITING ADDITIONAL ENTITIES
[2019-04-23 18:25:15] [IO][COPY] FILE FROM /home/starmade/starmade/StarMade/./server-database/world0/FACTIONS.fac to /home/starmade/starmade/StarMade/./server-database/world0/FACTIONS.fac.old
[2019-04-23 18:25:15] [SERVER] DELETING ORIGINALFILE TO REPLACE WITH NEW ONE: true; /home/starmade/starmade/StarMade/./server-database/world0/FACTIONS.fac
[2019-04-23 18:25:15] [IO][COPY] FILE FROM /home/starmade/starmade/StarMade/./server-database/world0/tmp/FACTIONS.fac.tmp to /home/starmade/starmade/StarMade/./server-database/world0/FACTIONS.fac
[2019-04-23 18:25:15] [IO][COPY] FILE FROM /home/starmade/starmade/StarMade/./server-database/world0/CATALOG.cat to /home/starmade/starmade/StarMade/./server-database/world0/CATALOG.cat.old
[2019-04-23 18:25:15] [SERVER] DELETING ORIGINALFILE TO REPLACE WITH NEW ONE: true; /home/starmade/starmade/StarMade/./server-database/world0/CATALOG.cat
[2019-04-23 18:25:15] [IO][COPY] FILE FROM /home/starmade/starmade/StarMade/./server-database/world0/tmp/CATALOG.cat.tmp to /home/starmade/starmade/StarMade/./server-database/world0/CATALOG.cat
[2019-04-23 18:25:15] [IO][COPY] FILE FROM /home/starmade/starmade/StarMade/./server-database/world0/chatchannels.tag to /home/starmade/starmade/StarMade/./server-database/world0/chatchannels.tag.old
[2019-04-23 18:25:15] [SERVER] DELETING ORIGINALFILE TO REPLACE WITH NEW ONE: true; /home/starmade/starmade/StarMade/./server-database/world0/chatchannels.tag
[2019-04-23 18:25:15] [IO][COPY] FILE FROM /home/starmade/starmade/StarMade/./server-database/world0/tmp/chatchannels.tag.tmp to /home/starmade/starmade/StarMade/./server-database/world0/chatchannels.tag
[2019-04-23 18:25:15] [IO][COPY] FILE FROM /home/starmade/starmade/StarMade/./server-database/world0/TRADING.tag to /home/starmade/starmade/StarMade/./server-database/world0/TRADING.tag.old
[2019-04-23 18:25:15] [SERVER] DELETING ORIGINALFILE TO REPLACE WITH NEW ONE: true; /home/starmade/starmade/StarMade/./server-database/world0/TRADING.tag
[2019-04-23 18:25:15] [IO][COPY] FILE FROM /home/starmade/starmade/StarMade/./server-database/world0/tmp/TRADING.tag.tmp to /home/starmade/starmade/StarMade/./server-database/world0/TRADING.tag
[2019-04-23 18:25:15] [SERVER] WRITING ADDITIONAL ENTITIES DONE
[2019-04-23 18:25:15] [IO][COPY] FILE FROM /home/starmade/starmade/StarMade/./server-database/world0/SIMULATION_STATE.sim to /home/starmade/starmade/StarMade/./server-database/world0/SIMULATION_STATE.sim.old
[2019-04-23 18:25:15] [SERVER] DELETING ORIGINALFILE TO REPLACE WITH NEW ONE: true; /home/starmade/starmade/StarMade/./server-database/world0/SIMULATION_STATE.sim
[2019-04-23 18:25:15] [IO][COPY] FILE FROM /home/starmade/starmade/StarMade/./server-database/world0/tmp/SIMULATION_STATE.sim.tmp to /home/starmade/starmade/StarMade/./server-database/world0/SIMULATION_STATE.sim
[2019-04-23 18:25:15] [SERVER] SERVER AUTOSAVE END. ServerState saved!
[2019-04-23 18:30:15] [SERVER] SERVER AUTOSAVE START. Dumping server State!
[2019-04-23 18:30:15] [SERVER] WRITING ADDITIONAL ENTITIES
[2019-04-23 18:30:15] [IO][COPY] FILE FROM /home/starmade/starmade/StarMade/./server-database/world0/FACTIONS.fac to /home/starmade/starmade/StarMade/./server-database/world0/FACTIONS.fac.old
[2019-04-23 18:30:15] [SERVER] DELETING ORIGINALFILE TO REPLACE WITH NEW ONE: true; /home/starmade/starmade/StarMade/./server-database/world0/FACTIONS.fac
[2019-04-23 18:30:15] [IO][COPY] FILE FROM /home/starmade/starmade/StarMade/./server-database/world0/tmp/FACTIONS.fac.tmp to /home/starmade/starmade/StarMade/./server-database/world0/FACTIONS.fac
[2019-04-23 18:30:15] [IO][COPY] FILE FROM /home/starmade/starmade/StarMade/./server-database/world0/CATALOG.cat to /home/starmade/starmade/StarMade/./server-database/world0/CATALOG.cat.old
[2019-04-23 18:30:15] [SERVER] DELETING ORIGINALFILE TO REPLACE WITH NEW ONE: true; /home/starmade/starmade/StarMade/./server-database/world0/CATALOG.cat
[2019-04-23 18:30:15] [IO][COPY] FILE FROM /home/starmade/starmade/StarMade/./server-database/world0/tmp/CATALOG.cat.tmp to /home/starmade/starmade/StarMade/./server-database/world0/CATALOG.cat
[2019-04-23 18:30:15] [IO][COPY] FILE FROM /home/starmade/starmade/StarMade/./server-database/world0/chatchannels.tag to /home/starmade/starmade/StarMade/./server-database/world0/chatchannels.tag.old
[2019-04-23 18:30:15] [SERVER] DELETING ORIGINALFILE TO REPLACE WITH NEW ONE: true; /home/starmade/starmade/StarMade/./server-database/world0/chatchannels.tag
[2019-04-23 18:30:15] [IO][COPY] FILE FROM /home/starmade/starmade/StarMade/./server-database/world0/tmp/chatchannels.tag.tmp to /home/starmade/starmade/StarMade/./server-database/world0/chatchannels.tag
[2019-04-23 18:30:15] [IO][COPY] FILE FROM /home/starmade/starmade/StarMade/./server-database/world0/TRADING.tag to /home/starmade/starmade/StarMade/./server-database/world0/TRADING.tag.old
[2019-04-23 18:30:15] [SERVER] DELETING ORIGINALFILE TO REPLACE WITH NEW ONE: true; /home/starmade/starmade/StarMade/./server-database/world0/TRADING.tag
[2019-04-23 18:30:15] [IO][COPY] FILE FROM /home/starmade/starmade/StarMade/./server-database/world0/tmp/TRADING.tag.tmp to /home/starmade/starmade/StarMade/./server-database/world0/TRADING.tag
[2019-04-23 18:30:15] [SERVER] WRITING ADDITIONAL ENTITIES DONE
[2019-04-23 18:30:15] [IO][COPY] FILE FROM /home/starmade/starmade/StarMade/./server-database/world0/SIMULATION_STATE.sim to /home/starmade/starmade/StarMade/./server-database/world0/SIMULATION_STATE.sim.old
[2019-04-23 18:30:15] [SERVER] DELETING ORIGINALFILE TO REPLACE WITH NEW ONE: true; /home/starmade/starmade/StarMade/./server-database/world0/SIMULATION_STATE.sim
[2019-04-23 18:30:15] [IO][COPY] FILE FROM /home/starmade/starmade/StarMade/./server-database/world0/tmp/SIMULATION_STATE.sim.tmp to /home/starmade/starmade/StarMade/./server-database/world0/SIMULATION_STATE.sim
[2019-04-23 18:30:15] [SERVER] SERVER AUTOSAVE END. ServerState saved!
[2019-04-23 18:35:15] [SERVER] SERVER AUTOSAVE START. Dumping server State!
[2019-04-23 18:35:15] [SERVER] WRITING ADDITIONAL ENTITIES
[2019-04-23 18:35:15] [IO][COPY] FILE FROM /home/starmade/starmade/StarMade/./server-database/world0/FACTIONS.fac to /home/starmade/starmade/StarMade/./server-database/world0/FACTIONS.fac.old
[2019-04-23 18:35:15] [SERVER] DELETING ORIGINALFILE TO REPLACE WITH NEW ONE: true; /home/starmade/starmade/StarMade/./server-database/world0/FACTIONS.fac
[2019-04-23 18:35:15] [IO][COPY] FILE FROM /home/starmade/starmade/StarMade/./server-database/world0/tmp/FACTIONS.fac.tmp to /home/starmade/starmade/StarMade/./server-database/world0/FACTIONS.fac
[2019-04-23 18:35:15] [IO][COPY] FILE FROM /home/starmade/starmade/StarMade/./server-database/world0/CATALOG.cat to /home/starmade/starmade/StarMade/./server-database/world0/CATALOG.cat.old
[2019-04-23 18:35:15] [SERVER] DELETING ORIGINALFILE TO REPLACE WITH NEW ONE: true; /home/starmade/starmade/StarMade/./server-database/world0/CATALOG.cat
[2019-04-23 18:35:15] [IO][COPY] FILE FROM /home/starmade/starmade/StarMade/./server-database/world0/tmp/CATALOG.cat.tmp to /home/starmade/starmade/StarMade/./server-database/world0/CATALOG.cat
[2019-04-23 18:35:15] [IO][COPY] FILE FROM /home/starmade/starmade/StarMade/./server-database/world0/chatchannels.tag to /home/starmade/starmade/StarMade/./server-database/world0/chatchannels.tag.old
[2019-04-23 18:35:15] [SERVER] DELETING ORIGINALFILE TO REPLACE WITH NEW ONE: true; /home/starmade/starmade/StarMade/./server-database/world0/chatchannels.tag
[2019-04-23 18:35:15] [IO][COPY] FILE FROM /home/starmade/starmade/StarMade/./server-database/world0/tmp/chatchannels.tag.tmp to /home/starmade/starmade/StarMade/./server-database/world0/chatchannels.tag
[2019-04-23 18:35:15] [IO][COPY] FILE FROM /home/starmade/starmade/StarMade/./server-database/world0/TRADING.tag to /home/starmade/starmade/StarMade/./server-database/world0/TRADING.tag.old
[2019-04-23 18:35:15] [SERVER] DELETING ORIGINALFILE TO REPLACE WITH NEW ONE: true; /home/starmade/starmade/StarMade/./server-database/world0/TRADING.tag
[2019-04-23 18:35:15] [IO][COPY] FILE FROM /home/starmade/starmade/StarMade/./server-database/world0/tmp/TRADING.tag.tmp to /home/starmade/starmade/StarMade/./server-database/world0/TRADING.tag
[2019-04-23 18:35:15] [SERVER] WRITING ADDITIONAL ENTITIES DONE
[2019-04-23 18:35:15] [IO][COPY] FILE FROM /home/starmade/starmade/StarMade/./server-database/world0/SIMULATION_STATE.sim to /home/starmade/starmade/StarMade/./server-database/world0/SIMULATION_STATE.sim.old
[2019-04-23 18:35:15] [SERVER] DELETING ORIGINALFILE TO REPLACE WITH NEW ONE: true; /home/starmade/starmade/StarMade/./server-database/world0/SIMULATION_STATE.sim
[2019-04-23 18:35:15] [IO][COPY] FILE FROM /home/starmade/starmade/StarMade/./server-database/world0/tmp/SIMULATION_STATE.sim.tmp to /home/starmade/starmade/StarMade/./server-database/world0/SIMULATION_STATE.sim
[2019-04-23 18:35:15] [SERVER] SERVER AUTOSAVE END. ServerState saved!
[2019-04-23 18:38:27] [SERVERSOCKET] Connection made. starting new processor 55074, /174.58.17.168; local: 4242, /158.69.122.144, keepalive false
[2019-04-23 18:38:27] [SERVER] ListenerId[0] connection registered (TRunning: 0/0/0) 0
[2019-04-23 18:38:27] [SERVER][PROCESSOR] client setup completed for PID: 0. listening for input
[2019-04-23 18:38:28] [SERVER] This client is an info ping (server-lists): /174.58.17.168; PID: 0
[2019-04-23 18:38:28] [SERVER] SCHEDULED DISCONNECT EXECUTING
[2019-04-23 18:38:28] [SERVER] Executing scheduled disconnect!; ProcessorID: 0
[2019-04-23 18:38:28] [SERVER][DISCONNECT] Client 'Info-Pinger (server-lists)' HAS BEEN DISCONNECTED . PROBE: true; ProcessorID: 0
[2019-04-23 18:38:28] [SERVER] PROBE SUCCESSFULLY EXECUTED. STOPPING PROCESSOR. (Ping of a Starter to start server): PID 0
[2019-04-23 18:38:44] [SERVERSOCKET] Connection made. starting new processor 55104, /174.58.17.168; local: 4242, /158.69.122.144, keepalive false
[2019-04-23 18:38:44] [SERVER] ListenerId[0] connection registered (TRunning: 0/0/0) 1
[2019-04-23 18:38:44] [SERVER][PROCESSOR] client setup completed for PID: 1. listening for input
[2019-04-23 18:38:44] [SERVER][LOGIN] new client connected. given id: 1: description: Ithirahad
[2019-04-23 18:38:44] [SERVER][LOGIN] return code 0
[2019-04-23 18:38:44] [SERVER] PREPARING LOGIN (Ithirahad)
[2019-04-23 18:38:44] [SERVER] PROCESSING LOGIN (Ithirahad)
[2019-04-23 18:38:45] [INIT] Retrieved auth style: 1
[2019-04-23 18:38:45] [AUTH] authenticating Ithirahad; useAuth: true; requireAuth: true
[2019-04-23 18:38:45] [SESSION_CALLBACK] verifying player Ithirahad with token: MsFIzdWr-QTo9SP1OyMk8Q
[2019-04-23 18:38:45] [OAuth2] Verifying Auth Token 'MsFIzdWr-QTo9SP1OyMk8Q'
[2019-04-23 18:38:47] [SERVER] Retrieving public user info
[2019-04-23 18:38:47] [SERVER] Retrieved public user info: Ithirahad for Ithirahad
[2019-04-23 18:38:47] [SERVER] [Ithirahad] ID: 100
[2019-04-23 18:38:47] [SERVER] [Ithirahad] Rating: 100.0
[2019-04-23 18:38:47] [SERVER] [Ithirahad] upgraded: true
[2019-04-23 18:38:47] [SERVER] [Ithirahad] createdAt: 2013-11-14T02:16:14.000Z
[2019-04-23 18:38:47] [AUTH] Protection status of Ithirahad is ProtectedUplinkName [username=Ithirahad, timeProtected=1554600718814] -> protected = true
[2019-04-23 18:38:47] [LOGIN] checking user agent: 0: Ithirahad
[2019-04-23 18:38:47] [LOGIN] successful auth: now protecting username Ithirahad with Ithirahad
[2019-04-23 18:38:47] [AUTH] PROTECTING USER ithirahad under uplink id Ithirahad
[2019-04-23 18:38:47] [SERVER][LOGIN] login failed (ERROR_WRONG_CLIENT_VERSION): SET CLIENT TO NULL
[2019-04-23 18:38:47] [SERVER] SCHEDULED DISCONNECT EXECUTING
[2019-04-23 18:38:47] [SERVER] Executing scheduled disconnect!; ProcessorID: 1
[2019-04-23 18:38:47] [SERVER][DISCONNECT] Client 'null' HAS BEEN DISCONNECTED . PROBE: true; ProcessorID: 1
[2019-04-23 18:38:47] [SERVER] COULD NOT UNREGISTER CLIENT null
[2019-04-23 18:38:47] [SERVER] PROBE SUCCESSFULLY EXECUTED. STOPPING PROCESSOR. (Ping of a Starter to start server): PID 1
[2019-04-23 18:38:52] [SERVER-LOCAL-ADMIN] END; broadcasted as server message: [QuickBot]: Server shutting down for an update check in 60 seconds.  The server should be back up and running within a few minutes. 
[2019-04-23 18:38:52] [SERVERSOCKET] Connection made. starting new processor 51868, /127.0.0.1; local: 4242, /127.0.0.1, keepalive false
[2019-04-23 18:38:52] [SERVER] ListenerId[0] connection registered (TRunning: 0/0/0) 2
[2019-04-23 18:38:52] [SERVER][PROCESSOR] client setup completed for PID: 2. listening for input
[2019-04-23 18:38:52] [CLIENT] Admin parameter 0: 60
[2019-04-23 18:38:52] [CLIENT] Admin parameter 1: Server shutting down for an update check in..
[2019-04-23 18:38:52] [ADMIN COMMAND] START_COUNTDOWN from org.schema.schine.network.server.AdminRemoteClient@4163627d params: [60, Server shutting down for an update check in..]
[2019-04-23 18:38:52] [SERVER] SCHEDULED DISCONNECT EXECUTING
[2019-04-23 18:38:52] [SERVER] Executing scheduled disconnect!; ProcessorID: 2
[2019-04-23 18:38:52] [SERVER][DISCONNECT] Client 'null' HAS BEEN DISCONNECTED . PROBE: true; ProcessorID: 2
[2019-04-23 18:38:52] [SERVER] COULD NOT UNREGISTER CLIENT null
[2019-04-23 18:38:52] [SERVER] PROBE SUCCESSFULLY EXECUTED. STOPPING PROCESSOR. (Ping of a Starter to start server): PID 2
[2019-04-23 18:39:52] java.io.IOException: Input/output error
[2019-04-23 18:39:52] 	at java.io.FileInputStream.readBytes(Native Method)
[2019-04-23 18:39:52] 	at java.io.FileInputStream.read(FileInputStream.java:255)
[2019-04-23 18:39:52] 	at java.io.BufferedInputStream.read1(BufferedInputStream.java:284)
[2019-04-23 18:39:52] 	at java.io.BufferedInputStream.read(BufferedInputStream.java:345)
[2019-04-23 18:39:52] 	at sun.nio.cs.StreamDecoder.readBytes(StreamDecoder.java:284)
[2019-04-23 18:39:52] 	at sun.nio.cs.StreamDecoder.implRead(StreamDecoder.java:326)
[2019-04-23 18:39:52] 	at sun.nio.cs.StreamDecoder.read(StreamDecoder.java:178)
[2019-04-23 18:39:52] 	at java.io.InputStreamReader.read(InputStreamReader.java:184)
[2019-04-23 18:39:52] 	at java.io.BufferedReader.fill(BufferedReader.java:161)
[2019-04-23 18:39:52] 	at java.io.BufferedReader.readLine(BufferedReader.java:324)
[2019-04-23 18:39:52] 	at java.io.BufferedReader.readLine(BufferedReader.java:389)
[2019-04-23 18:39:52] 	at org.schema.schine.network.server.SystemInListener.run(SourceFile:21)
[2019-04-23 18:39:52] 	at java.lang.Thread.run(Thread.java:748)
