[2019-01-02 14:51:08] [VERSION] loading version from install dir: ./
[2019-01-02 14:51:08] [VERSION] VERSION: 0.201.341
[2019-01-02 14:51:08] [VERSION] BUILD: 20190101_191106
[2019-01-02 14:51:08] #################### StarMade #######################
[2019-01-02 14:51:08] # version 0.201.341 - build 20190101_191106 #
[2019-01-02 14:51:08] #####################################################
[2019-01-02 14:51:08] [SERIAL] "not retrieved"
[2019-01-02 14:51:08] [INSTALLATION_DIRECTORY] "/home/starmade/starmade/StarMade/."
[2019-01-02 14:51:08] [JVM-ARGUMENTS] [-Xms2g, -Xmx24g]
[2019-01-02 14:51:08] [SETTINGS] WARNING: NO SETTING FOUND: 'BLOCK_ID_OF_CARGO_SPACE_IN_BUILD_MODE = 411' (happens for example when names of settings are changed)
[2019-01-02 14:51:08] java.io.FileNotFoundException: ./keyboard.cfg (No such file or directory)
[2019-01-02 14:51:08] 	at java.io.FileInputStream.open0(Native Method)
[2019-01-02 14:51:08] 	at java.io.FileInputStream.open(FileInputStream.java:195)
[2019-01-02 14:51:08] 	at java.io.FileInputStream.<init>(FileInputStream.java:138)
[2019-01-02 14:51:08] 	at java.io.FileReader.<init>(FileReader.java:72)
[2019-01-02 14:51:08] 	at org.schema.schine.input.KeyboardMappings.a(SourceFile:656)
[2019-01-02 14:51:08] 	at org.schema.game.common.Starter.main(SourceFile:816)
[2019-01-02 14:51:08] Could not read settings file: using defaults (./keyboard.cfg (No such file or directory))
[2019-01-02 14:51:08] [STARTER] template dir exists. overwriting template with current data
[2019-01-02 14:51:08] [IO][COPY] FILE FROM /home/starmade/starmade/StarMade/./data/config/FactionConfig.xml to /home/starmade/starmade/StarMade/./customFactionConfig/FactionConfigTemplate.xml
[2019-01-02 14:51:08] [IO][COPY] FILE FROM /home/starmade/starmade/StarMade/./data/config/customFactionConfigHOWTO.txt to /home/starmade/starmade/StarMade/./customFactionConfig/customFactionConfigHOWTO.txt
[2019-01-02 14:51:08] [STARTER] template dir exists. overwriting template with current data
[2019-01-02 14:51:08] [IO][COPY] FILE FROM /home/starmade/starmade/StarMade/./data/config/customBlockBehaviorConfigTemplate.xml to /home/starmade/starmade/StarMade/./customBlockBehaviorConfig/customBlockBehaviorConfigTemplate.xml
[2019-01-02 14:51:08] [IO][COPY] FILE FROM /home/starmade/starmade/StarMade/./data/config/customBlockBehaviorConfigHOWTO.txt to /home/starmade/starmade/StarMade/./customBlockBehaviorConfig/customBlockBehaviorConfigHOWTO.txt
[2019-01-02 14:51:08] [STARTER] template dir exists. overwriting template with current data
[2019-01-02 14:51:08] [IO][COPY] FILE FROM /home/starmade/starmade/StarMade/./data/config/customConfigTemplate/customEffectConfigTemplate.xml to /home/starmade/starmade/StarMade/./customEffectConfig/customEffectConfigTemplate.xml
[2019-01-02 14:51:08] [IO][COPY] FILE FROM /home/starmade/starmade/StarMade/./data/config/customConfigTemplate/CustomEffectConfigHowto.txt to /home/starmade/starmade/StarMade/./customEffectConfig/customEffectConfigHOWTO.txt
[2019-01-02 14:51:08] [RESOURCES][CustomTextures] No need to create pack.zip. Hash matches (as rewriting a zip changes the hash on it)
[2019-01-02 14:51:08] [LANGUAGE] loading language: english; Resolved to english
[2019-01-02 14:51:08] java.io.FileNotFoundException: ./keyboard.cfg (No such file or directory)
[2019-01-02 14:51:08] 	at java.io.FileInputStream.open0(Native Method)
[2019-01-02 14:51:08] 	at java.io.FileInputStream.open(FileInputStream.java:195)
[2019-01-02 14:51:08] 	at java.io.FileInputStream.<init>(FileInputStream.java:138)
[2019-01-02 14:51:08] 	at java.io.FileReader.<init>(FileReader.java:72)
[2019-01-02 14:51:08] 	at org.schema.schine.input.KeyboardMappings.a(SourceFile:656)
[2019-01-02 14:51:08] 	at obfuscated.apT.b(SourceFile:95)
[2019-01-02 14:51:08] 	at obfuscated.apT.a(SourceFile:240)
[2019-01-02 14:51:08] 	at org.schema.game.common.Starter.main(SourceFile:840)
[2019-01-02 14:51:08] Could not read settings file: using defaults (./keyboard.cfg (No such file or directory))
[2019-01-02 14:51:09] [LANGUAGE] Loading English; Version: 0
[2019-01-02 14:51:09] [LANGUAGE] LOADED FONT PATH/NAME: font/Monda-Regular.ttf
[2019-01-02 14:51:09] [SERVER] using world: world0; ./server-database/world0/
[2019-01-02 14:51:09] [INIT] Segment Database Path: /home/starmade/starmade/StarMade/./server-database/world0/DATA; exists? true; is Dir? true; creating dir successful (gives false if exists)? false
[2019-01-02 14:51:09] [GUI] NO STARMADE-WINDOW CONFIG FOUND. Using defaults
[2019-01-02 14:51:09] [LIBLOADER] OS Linux - 4.9.124-xxxx-std-ipv6-64
[2019-01-02 14:51:09] [LIBLOADER] JAVA Oracle Corporation - 1.8.0_181 - /usr/lib/jvm/java-8-oracle/jre
[2019-01-02 14:51:09] [LIBLOADER] ARCHITECTURE amd64
[2019-01-02 14:51:09] [LIBLOADER] LOADED LINUX 64bit NATIVE LIBRARIES 
[2019-01-02 14:51:09] [LIBLOADER] FastNoiseSIMD Level: 3
[2019-01-02 14:51:09] [LIBLOADER] COMPLETE 
[2019-01-02 14:51:09] [MAIN] CHECKING IF MIGRATION NECESSARY
[2019-01-02 14:51:09] [MAIN] MIGRATION PROCESS DONE
[2019-01-02 14:51:09] [MAIN] STARTING WITH ARGUMENTS: [-server, -port:4242]
[2019-01-02 14:51:09] [MAIN] LOADED ENGINE SETTINGS
[2019-01-02 14:51:09] [INITIALIZE] REMOTE CLASSES REGISTERED
[2019-01-02 14:51:09] [INITIALIZE] RESOURCE MANAGER INITIALIZED
[2019-01-02 14:51:09] ERROR: no content in Resource: /home/starmade/starmade/StarMade/file:/home/starmade/starmade/StarMade/StarMade.jar!/org/schema/game/network/commands
[2019-01-02 14:51:09] ################# Loading from JAR #####################
[2019-01-02 14:51:09] ########################################################
[2019-01-02 14:51:09] [INITIALIZE] REMOTE COMMANDS REGISTERED
[2019-01-02 14:51:09] [INITIALIZE] SECURITY MANAGER SET
[2019-01-02 14:51:09] [INITIALIZE] COMMAND ID's ASSIGNED. NOW READING BLOCK CONFIG
[2019-01-02 14:51:09] [BLOCKCONFIG] READING TOOK 65ms
[2019-01-02 14:51:09] [INITIALIZE] BLOCK CONFIGURATION READ
[2019-01-02 14:51:09] [BLUEPRINT][MIGRATION] NO CONVERSION NEEDED: no old bb file exists: /home/starmade/starmade/StarMade/./blueprints/catalog.txt
[2019-01-02 14:51:09] [MAIN] INITIALIZATION COMPLETED
[2019-01-02 14:51:09] [RESOURCE] ENQUEING 3D MODELS -160
[2019-01-02 14:51:09] ############## LOADING RESOURCE Sky
[2019-01-02 14:51:10] ############## LOADING RESOURCE Box
[2019-01-02 14:51:10] ############## LOADING RESOURCE Sphere
[2019-01-02 14:51:10] ############## LOADING RESOURCE SphereLowPoly
[2019-01-02 14:51:10] ############## LOADING RESOURCE Cylinder
[2019-01-02 14:51:10] ############## LOADING RESOURCE GeoSphere
[2019-01-02 14:51:10] ############## LOADING RESOURCE Planet
[2019-01-02 14:51:10] ############## LOADING RESOURCE Atmosphere
[2019-01-02 14:51:10] ############## LOADING RESOURCE Asteroid
[2019-01-02 14:51:10] ############## LOADING RESOURCE ExhaustPlum
[2019-01-02 14:51:10] ############## LOADING RESOURCE SimpleBeam
[2019-01-02 14:51:10] ############## LOADING RESOURCE Arrow
[2019-01-02 14:51:10] ############## LOADING RESOURCE BlackHole
[2019-01-02 14:51:10] ############## LOADING RESOURCE Debris00
[2019-01-02 14:51:10] ############## LOADING RESOURCE Tube
[2019-01-02 14:51:10] ############## LOADING RESOURCE CameraDrone
[2019-01-02 14:51:10] ############## LOADING RESOURCE PowerSupplyBeam
[2019-01-02 14:51:10] ############## LOADING RESOURCE BuildInhibitor
[2019-01-02 14:51:10] ############## LOADING RESOURCE HealingBeam
[2019-01-02 14:51:10] ############## LOADING RESOURCE Fabricator
[2019-01-02 14:51:10] ############## LOADING RESOURCE Pistol
[2019-01-02 14:51:10] ############## LOADING RESOURCE Torch
[2019-01-02 14:51:10] ############## LOADING RESOURCE Helmet
[2019-01-02 14:51:10] ############## LOADING RESOURCE MarkerBeam
[2019-01-02 14:51:10] ############## LOADING RESOURCE GrappleBeam
[2019-01-02 14:51:10] ############## LOADING RESOURCE MineTypeA
[2019-01-02 14:51:10] [UTIL] native buffer fetch took 72 ms; invoked GC: true; new size 5616; index: 8
[2019-01-02 14:51:10] [UTIL] native buffer fetch took 65 ms; invoked GC: true; new size 3744; index: 9
[2019-01-02 14:51:10] ############## LOADING RESOURCE MineTypeA-Active
[2019-01-02 14:51:10] [UTIL] native buffer fetch took 48 ms; invoked GC: true; new size 16848; index: 8
[2019-01-02 14:51:10] [UTIL] native buffer fetch took 49 ms; invoked GC: true; new size 11232; index: 9
[2019-01-02 14:51:10] ############## LOADING RESOURCE MineTypeA-LOD-Medium
[2019-01-02 14:51:10] ############## LOADING RESOURCE MineTypeA-LOD-Medium-Active
[2019-01-02 14:51:10] ############## LOADING RESOURCE MineTypeA-LOD-Far
[2019-01-02 14:51:10] ############## LOADING RESOURCE MineTypeA-LOD-Far-Active
[2019-01-02 14:51:10] ############## LOADING RESOURCE MineTypeB
[2019-01-02 14:51:10] ############## LOADING RESOURCE MineTypeB-Active
[2019-01-02 14:51:10] ############## LOADING RESOURCE MineTypeB-LOD-Medium
[2019-01-02 14:51:10] ############## LOADING RESOURCE MineTypeB-LOD-Medium-Active
[2019-01-02 14:51:10] ############## LOADING RESOURCE MineTypeB-LOD-Far
[2019-01-02 14:51:10] ############## LOADING RESOURCE MineTypeB-LOD-Far-Active
[2019-01-02 14:51:10] ############## LOADING RESOURCE MineTypeC
[2019-01-02 14:51:10] ############## LOADING RESOURCE MineTypeC-Active
[2019-01-02 14:51:10] ############## LOADING RESOURCE MineTypeC-LOD-Medium
[2019-01-02 14:51:10] ############## LOADING RESOURCE MineTypeC-LOD-Medium-Active
[2019-01-02 14:51:10] ############## LOADING RESOURCE MineTypeC-LOD-Far
[2019-01-02 14:51:10] ############## LOADING RESOURCE MineTypeC-LOD-Far-Active
[2019-01-02 14:51:10] ############## LOADING RESOURCE Grate
[2019-01-02 14:51:10] ############## LOADING RESOURCE GrateCorner
[2019-01-02 14:51:10] ############## LOADING RESOURCE GrateSlope
[2019-01-02 14:51:10] ############## LOADING RESOURCE GrateWedge
[2019-01-02 14:51:10] ############## LOADING RESOURCE MetalBar
[2019-01-02 14:51:10] ############## LOADING RESOURCE MetalCorner
[2019-01-02 14:51:10] ############## LOADING RESOURCE MushroomLod
[2019-01-02 14:51:10] ############## LOADING RESOURCE ParseenCapsule
[2019-01-02 14:51:10] ############## LOADING RESOURCE Pipe
[2019-01-02 14:51:10] ############## LOADING RESOURCE PipeCross
[2019-01-02 14:51:10] ############## LOADING RESOURCE PipeElbow
[2019-01-02 14:51:10] ############## LOADING RESOURCE PipeTee
[2019-01-02 14:51:10] ############## LOADING RESOURCE SmallActivatorActive
[2019-01-02 14:51:10] ############## LOADING RESOURCE SmallActivatorInactive
[2019-01-02 14:51:10] ############## LOADING RESOURCE SmallButtonActive
[2019-01-02 14:51:10] ############## LOADING RESOURCE SmallButtonInactive
[2019-01-02 14:51:10] ############## LOADING RESOURCE BlackPaint
[2019-01-02 14:51:10] ############## LOADING RESOURCE BluePaint
[2019-01-02 14:51:10] ############## LOADING RESOURCE BrownPaint
[2019-01-02 14:51:10] ############## LOADING RESOURCE GreenPaint
[2019-01-02 14:51:10] ############## LOADING RESOURCE OrangePaint
[2019-01-02 14:51:10] ############## LOADING RESOURCE PurplePaint
[2019-01-02 14:51:10] ############## LOADING RESOURCE RedPaint
[2019-01-02 14:51:10] ############## LOADING RESOURCE YellowPaint
[2019-01-02 14:51:10] ############## LOADING RESOURCE WhitePaint
[2019-01-02 14:51:10] ############## LOADING RESOURCE AdvancedHardener
[2019-01-02 14:51:10] ############## LOADING RESOURCE BastynCapsule
[2019-01-02 14:51:10] ############## LOADING RESOURCE ChabazCapsule
[2019-01-02 14:51:10] ############## LOADING RESOURCE CinnabarCapsule
[2019-01-02 14:51:10] ############## LOADING RESOURCE DolomCapsule
[2019-01-02 14:51:10] ############## LOADING RESOURCE FertikeenCapsule
[2019-01-02 14:51:10] ############## LOADING RESOURCE HattelCapsule
[2019-01-02 14:51:10] ############## LOADING RESOURCE HylatCapsule
[2019-01-02 14:51:10] ############## LOADING RESOURCE JisperCapsule
[2019-01-02 14:51:10] ############## LOADING RESOURCE LarimarCapsule
[2019-01-02 14:51:10] ############## LOADING RESOURCE LukrahCapsule
[2019-01-02 14:51:10] ############## LOADING RESOURCE MacetCapsule
[2019-01-02 14:51:10] ############## LOADING RESOURCE MattiseCapsule
[2019-01-02 14:51:10] ############## LOADING RESOURCE NocxCapsule
[2019-01-02 14:51:10] ############## LOADING RESOURCE RammetCapsule
[2019-01-02 14:51:10] ############## LOADING RESOURCE SapsunCapsule
[2019-01-02 14:51:10] ############## LOADING RESOURCE SertiseCapsule
[2019-01-02 14:51:10] ############## LOADING RESOURCE SintyrCapsule
[2019-01-02 14:51:10] ############## LOADING RESOURCE StandardHardener
[2019-01-02 14:51:10] ############## LOADING RESOURCE SugilCapsule
[2019-01-02 14:51:10] ############## LOADING RESOURCE TektCapsule
[2019-01-02 14:51:10] ############## LOADING RESOURCE ThrensCapsule
[2019-01-02 14:51:10] ############## LOADING RESOURCE VaratCapsule
[2019-01-02 14:51:10] ############## LOADING RESOURCE VarisCapsule
[2019-01-02 14:51:10] ############## LOADING RESOURCE ZercanerCapsule
[2019-01-02 14:51:10] ############## LOADING RESOURCE BlueConsole
[2019-01-02 14:51:10] ############## LOADING RESOURCE BlueConsoleInnerCorner
[2019-01-02 14:51:10] ############## LOADING RESOURCE BlueConsoleOuterCorner
[2019-01-02 14:51:10] ############## LOADING RESOURCE GreenConsoleInnerCorner
[2019-01-02 14:51:10] ############## LOADING RESOURCE GreenConsole
[2019-01-02 14:51:10] ############## LOADING RESOURCE GreenConsoleOuterCorner
[2019-01-02 14:51:10] ############## LOADING RESOURCE OrangeConsole
[2019-01-02 14:51:10] ############## LOADING RESOURCE OrangeConsoleInnerCorner
[2019-01-02 14:51:10] ############## LOADING RESOURCE OrangeConsoleOuterCorner
[2019-01-02 14:51:10] ############## LOADING RESOURCE RedConsole
[2019-01-02 14:51:10] ############## LOADING RESOURCE RedConsoleInnerCorner
[2019-01-02 14:51:10] ############## LOADING RESOURCE RedConsoleOuterCorner
[2019-01-02 14:51:10] ############## LOADING RESOURCE BeaconLightBar
[2019-01-02 14:51:10] ############## LOADING RESOURCE BeaconLightCorner
[2019-01-02 14:51:10] ############## LOADING RESOURCE BlackLightBar
[2019-01-02 14:51:10] ############## LOADING RESOURCE BlackLightCorner
[2019-01-02 14:51:10] ############## LOADING RESOURCE BlueLightBar
[2019-01-02 14:51:10] ############## LOADING RESOURCE BlueLightCorner
[2019-01-02 14:51:10] ############## LOADING RESOURCE GreenLightBar
[2019-01-02 14:51:10] ############## LOADING RESOURCE GreenLightCorner
[2019-01-02 14:51:10] ############## LOADING RESOURCE OrangeLightBar
[2019-01-02 14:51:10] ############## LOADING RESOURCE OrangeLightCorner
[2019-01-02 14:51:10] ############## LOADING RESOURCE PinkLightBar
[2019-01-02 14:51:10] ############## LOADING RESOURCE PinkLightCorner
[2019-01-02 14:51:10] ############## LOADING RESOURCE PurpleLightBar
[2019-01-02 14:51:10] ############## LOADING RESOURCE PurpleLightCorner
[2019-01-02 14:51:10] ############## LOADING RESOURCE RedLightBar
[2019-01-02 14:51:10] ############## LOADING RESOURCE RedLightCorner
[2019-01-02 14:51:10] ############## LOADING RESOURCE TealLightBar
[2019-01-02 14:51:10] ############## LOADING RESOURCE TealLightCorner
[2019-01-02 14:51:10] ############## LOADING RESOURCE YellowLightBar
[2019-01-02 14:51:10] ############## LOADING RESOURCE WhiteLightBar
[2019-01-02 14:51:10] ############## LOADING RESOURCE WhiteLightCorner
[2019-01-02 14:51:10] ############## LOADING RESOURCE YellowLightCorner
[2019-01-02 14:51:10] ############## LOADING RESOURCE BeaconLightRod
[2019-01-02 14:51:10] ############## LOADING RESOURCE BlackLightRod
[2019-01-02 14:51:10] ############## LOADING RESOURCE BlueLightRod
[2019-01-02 14:51:10] ############## LOADING RESOURCE GreenLightRod
[2019-01-02 14:51:10] ############## LOADING RESOURCE OrangeLightRod
[2019-01-02 14:51:10] ############## LOADING RESOURCE PinkLightRod
[2019-01-02 14:51:10] ############## LOADING RESOURCE PurpleLightRod
[2019-01-02 14:51:10] ############## LOADING RESOURCE RedLightRod
[2019-01-02 14:51:10] ############## LOADING RESOURCE TealLightRod
[2019-01-02 14:51:10] ############## LOADING RESOURCE YellowLightRod
[2019-01-02 14:51:10] ############## LOADING RESOURCE WhiteLightRod
[2019-01-02 14:51:10] ############## LOADING RESOURCE CollisionBar
[2019-01-02 14:51:10] ############## LOADING RESOURCE CollisionBarCorner
[2019-01-02 14:51:10] ############## LOADING RESOURCE CollisionCapsule
[2019-01-02 14:51:10] ############## LOADING RESOURCE CollisionConsole
[2019-01-02 14:51:10] [UTIL] native buffer fetch took 36 ms; invoked GC: true; new size 432; index: 15
[2019-01-02 14:51:10] [UTIL] native buffer fetch took 26 ms; invoked GC: true; new size 432; index: 17
[2019-01-02 14:51:10] ############## LOADING RESOURCE CollisionConsoleInnerCorner
[2019-01-02 14:51:11] ############## LOADING RESOURCE CollisionConsoleOuterCorner
[2019-01-02 14:51:11] ############## LOADING RESOURCE CollisionGrate
[2019-01-02 14:51:11] [UTIL] native buffer fetch took 34 ms; invoked GC: true; new size 432; index: 35
[2019-01-02 14:51:11] ############## LOADING RESOURCE CollisionGrateCorner
[2019-01-02 14:51:11] ############## LOADING RESOURCE CollisionGrateSlope
[2019-01-02 14:51:11] ############## LOADING RESOURCE CollisionGrateWedge
[2019-01-02 14:51:11] ############## LOADING RESOURCE CollisionPipe
[2019-01-02 14:51:11] ############## LOADING RESOURCE CollisionPipeCross
[2019-01-02 14:51:11] ############## LOADING RESOURCE CollisionPipeElbow
[2019-01-02 14:51:11] ############## LOADING RESOURCE CollisionPipeTee
[2019-01-02 14:51:11] ############## LOADING RESOURCE CollisionRod
[2019-01-02 14:51:11] ############## LOADING RESOURCE CollisionSmallButton
[2019-01-02 14:51:11] ############## LOADING RESOURCE Konata
[2019-01-02 14:51:11] ############## LOADING RESOURCE PlayerMdl
[2019-01-02 14:51:11] ############## LOADING RESOURCE HoppyLegs
[2019-01-02 14:51:11] ############## LOADING RESOURCE HoppyBody
[2019-01-02 14:51:11] ############## LOADING RESOURCE LegsArag
[2019-01-02 14:51:11] ############## LOADING RESOURCE TorsoShell
[2019-01-02 14:51:11] ############## LOADING RESOURCE ElementDataInitialization
[2019-01-02 14:51:11] [SERVER] initializing 
[2019-01-02 14:51:11] java.lang.Exception: Server Shutdown: false
[2019-01-02 14:51:11] 	at org.schema.schine.network.server.ServerState.setShutdown(SourceFile:291)
[2019-01-02 14:51:11] 	at obfuscated.aqv.run(SourceFile:1611)
[2019-01-02 14:51:11] 	at java.lang.Thread.run(Thread.java:748)
[2019-01-02 14:51:11] java.lang.Exception: Server created: true
[2019-01-02 14:51:11] 	at org.schema.schine.network.server.ServerState.setCreated(SourceFile:299)
[2019-01-02 14:51:11] 	at org.schema.schine.network.server.ServerState.<init>(SourceFile:51)
[2019-01-02 14:51:11] 	at obfuscated.bcF.<init>(SourceFile:300)
[2019-01-02 14:51:11] 	at obfuscated.aqv.run(SourceFile:1613)
[2019-01-02 14:51:11] 	at java.lang.Thread.run(Thread.java:748)
[2019-01-02 14:51:11] [SERVER] Server State Created!
[2019-01-02 14:51:11] [INIT] Seed File: /home/starmade/starmade/StarMade/./server-database/world0/.seed
[2019-01-02 14:51:11] [SQL] Fetching connection (may take some if game crashed on the run before)
[2019-01-02 14:51:11] [SQL] connection successfull
[2019-01-02 14:51:12] [FLEETABLE] Migration check: VARBINARY
[2019-01-02 14:51:12] [DATABASE] ENTITIES UID SIZE: 128
[2019-01-02 14:51:12] [DATABASE] FTL UID SIZE: 128
[2019-01-02 14:51:12] [DATABASE] SYSTEMS UID SIZE: 128
[2019-01-02 14:51:12] Server(0) Reading CHAT CHANNEL ROUTER /home/starmade/starmade/StarMade/./server-database/world0/chatchannels.tag
[2019-01-02 14:51:12] [MINE] IDGEN = 181
[2019-01-02 14:51:12] [SERVER] Request Thread pool size is: 10
[2019-01-02 14:51:12] EXPLOSION DATA: aggregation data: dim size: 128; total Memory used: 4 MB; max memory: 21.3 GB
[2019-01-02 14:51:12] [EXPLOSION] DATA: ray info data: dim size: 16; total instances used: 4096
[2019-01-02 14:51:12] [EXPLOSION] Array init took 0 ms
[2019-01-02 14:51:12] [EXPLOSION] 'Ray' File read took 1ms
[2019-01-02 14:51:12] [EXPLOSION] DATA: sizeOrder size: 10485760 -> 40 MB
[2019-01-02 14:51:12] [EXPLOSION] 'Order' File read took 52 ms
[2019-01-02 14:51:12] [SERVER] port 4242 is open
[2019-01-02 14:51:12] [SERVER] USING TCP... 
[2019-01-02 14:51:12] [SERVER][NPCFACTIONS] Using Faction Config File /home/starmade/starmade/StarMade/./server-database/world0/npcFactions/Scavengers/npcConfig.xml
[2019-01-02 14:51:12] [SERVER] ###### READING ALL BLUEPRINTS!
[2019-01-02 14:51:12] [SERVER] ###### READING ALL 19 BLUEPRINTS FINISHED! TOOK 20ms
[2019-01-02 14:51:12] [SERVER][NPCFACTIONS] Using Faction Config File /home/starmade/starmade/StarMade/./server-database/world0/npcFactions/Trading Guild/npcConfig.xml
[2019-01-02 14:51:12] [SERVER] ###### READING ALL BLUEPRINTS!
[2019-01-02 14:51:12] [SERVER] ###### READING ALL 14 BLUEPRINTS FINISHED! TOOK 25ms
[2019-01-02 14:51:12] [SERVER][NPCFACTIONS] Using Faction Config File /home/starmade/starmade/StarMade/./server-database/world0/npcFactions/Outcasts/npcConfig.xml
[2019-01-02 14:51:12] [SERVER] ###### READING ALL BLUEPRINTS!
[2019-01-02 14:51:12] [SERVER] ###### READING ALL 13 BLUEPRINTS FINISHED! TOOK 6ms
[2019-01-02 14:51:12] [SERVER][FACTION][NPC] laoding diplomacy from tag. Entries; 51
[2019-01-02 14:51:12] [SERVER][FACTION] LOADED NPC INV: Faction [id=-9999999, name=Outcasts, description=The Outcasts is a loose organization comprised of many different alien species. The harshness of space has left these people without a home, and so they rely on each to survive. The Outcasts are not particularly strong, but treat outsiders with justifiable wariness. The Outcasts are spread thin across the stars and seek to avoid the attention of others., size: 0; FP: 100] Inventory: (Type8; Param -9999999; SlotCount: 189)
[2019-01-02 14:51:12] [SERVER][FACTION][NPC] laoding diplomacy from tag. Entries; 51
[2019-01-02 14:51:12] [SERVER][FACTION] LOADED NPC INV: Faction [id=-9999998, name=Scavengers, description=The Scavengers are a violent people. They care only for themselves, and are willing to do whatever it takes to achieve their goals. Space is a bleak place, and it has driven them to the extremes.Their unwillingness to work with others leaves them at a disadvantage. As a result, the Scavengers are fairly weak. They are little more than a nuisance to many other factions., size: 0; FP: 100] Inventory: (Type8; Param -9999998; SlotCount: 175)
[2019-01-02 14:51:12] [SERVER][FACTION][NPC] laoding diplomacy from tag. Entries; 52
[2019-01-02 14:51:12] [SERVER][FACTION] LOADED NPC INV: Faction [id=-10000000, name=Traders, description=The Trading Guild is a collection of large corporations. They work to better themselves primarily through trade and economics.The Trading Guild treats others with neutrality, and they hardly care who or what they sell their products to. Their wealth grants them strength, but they are a relatively peaceful faction., size: 0; FP: 100] Inventory: (Type8; Param -10000000; SlotCount: 195)
[2019-01-02 14:51:12] [SERVER][FACTION] News Statistics:
[2019-01-02 14:51:12] [SERVER][FACTION][NEWS] Faction [id=-1, name=Pirates, description=Ravaging space pirates, size: 0; FP: 100]: Amount: 1
[2019-01-02 14:51:12] [SERVER][FACTION][NEWS] Faction [id=-1007, name=Enemy Fauna Fac 7, description=An Enemy Fanua Faction, size: 0; FP: 100]: Amount: 1
[2019-01-02 14:51:12] [SERVER][FACTION][NEWS] Faction [id=-1005, name=Enemy Fauna Fac 5, description=An Enemy Fanua Faction, size: 0; FP: 100]: Amount: 1
[2019-01-02 14:51:12] [SERVER][FACTION][NEWS] Faction [id=-1002, name=Enemy Fauna Fac 2, description=An Enemy Fanua Faction, size: 0; FP: 100]: Amount: 1
[2019-01-02 14:51:12] [SERVER][FACTION][NEWS] Faction [id=-1006, name=Enemy Fauna Fac 6, description=An Enemy Fanua Faction, size: 0; FP: 100]: Amount: 1
[2019-01-02 14:51:12] [SERVER][FACTION][NEWS] Faction [id=-1001, name=Enemy Fauna Fac 1, description=An Enemy Fanua Faction, size: 0; FP: 100]: Amount: 1
[2019-01-02 14:51:12] [SERVER][FACTION][NEWS] Faction [id=-1004, name=Enemy Fauna Fac 4, description=An Enemy Fanua Faction, size: 0; FP: 100]: Amount: 1
[2019-01-02 14:51:12] [SERVER][FACTION][NEWS] Faction [id=-1003, name=Enemy Fauna Fac 3, description=An Enemy Fanua Faction, size: 0; FP: 100]: Amount: 1
[2019-01-02 14:51:12] [SERVER][FACTION][NEWS] Faction [id=10005, name=The Aethi Imperium, description=Faction name, size: 1; FP: 10861]: Amount: 1
[2019-01-02 14:51:12] [SERVER][FACTION][NEWS] Faction [id=-1000, name=Enemy Fauna Fac 0, description=An Enemy Fanua Faction, size: 0; FP: 100]: Amount: 1
[2019-01-02 14:51:12] [SERVER][FACION][TAG] loaded relation offer RelOffer[a=-9999999, b=-1002, rel=NEUTRAL]
[2019-01-02 14:51:12] [SERVER][FACION][TAG] loaded relation offer RelOffer[a=-9999998, b=-1005, rel=NEUTRAL]
[2019-01-02 14:51:12] [SERVER][FACION][TAG] loaded relation offer RelOffer[a=-10000000, b=-1004, rel=NEUTRAL]
[2019-01-02 14:51:12] [SERVER][FACION][TAG] loaded relation offer RelOffer[a=-10000000, b=-1007, rel=NEUTRAL]
[2019-01-02 14:51:12] [SERVER][FACION][TAG] loaded relation offer RelOffer[a=-10000000, b=-1005, rel=NEUTRAL]
[2019-01-02 14:51:12] [SERVER][FACION][TAG] loaded relation offer RelOffer[a=-9999999, b=-1006, rel=NEUTRAL]
[2019-01-02 14:51:12] [SERVER][FACION][TAG] loaded relation offer RelOffer[a=-9999998, b=-1007, rel=NEUTRAL]
[2019-01-02 14:51:12] [SERVER][FACION][TAG] loaded relation offer RelOffer[a=-10000000, b=-1006, rel=NEUTRAL]
[2019-01-02 14:51:12] [SERVER][FACION][TAG] loaded relation offer RelOffer[a=-9999999, b=-1, rel=NEUTRAL]
[2019-01-02 14:51:12] [SERVER][FACION][TAG] loaded relation offer RelOffer[a=-9999999, b=-1005, rel=NEUTRAL]
[2019-01-02 14:51:12] [SERVER][FACION][TAG] loaded relation offer RelOffer[a=-10000000, b=-1002, rel=NEUTRAL]
[2019-01-02 14:51:12] [SERVER][FACION][TAG] loaded relation offer RelOffer[a=-9999998, b=-1002, rel=NEUTRAL]
[2019-01-02 14:51:12] [SERVER][FACION][TAG] loaded relation offer RelOffer[a=-9999999, b=-1001, rel=NEUTRAL]
[2019-01-02 14:51:12] [SERVER][FACION][TAG] loaded relation offer RelOffer[a=-10000000, b=-1, rel=NEUTRAL]
[2019-01-02 14:51:12] [SERVER][FACION][TAG] loaded relation offer RelOffer[a=-9999998, b=-1003, rel=NEUTRAL]
[2019-01-02 14:51:12] [SERVER][FACION][TAG] loaded relation offer RelOffer[a=-10000000, b=-1001, rel=NEUTRAL]
[2019-01-02 14:51:12] [SERVER][FACION][TAG] loaded relation offer RelOffer[a=-9999999, b=-1000, rel=NEUTRAL]
[2019-01-02 14:51:12] [SERVER][FACION][TAG] loaded relation offer RelOffer[a=-9999998, b=-1004, rel=NEUTRAL]
[2019-01-02 14:51:12] [SERVER][FACION][TAG] loaded relation offer RelOffer[a=-9999998, b=-1006, rel=NEUTRAL]
[2019-01-02 14:51:12] [SERVER][FACION][TAG] loaded relation offer RelOffer[a=-9999998, b=-1001, rel=NEUTRAL]
[2019-01-02 14:51:12] [SERVER][FACION][TAG] loaded relation offer RelOffer[a=-9999999, b=-1007, rel=NEUTRAL]
[2019-01-02 14:51:12] [SERVER][FACION][TAG] loaded relation offer RelOffer[a=-9999998, b=-1, rel=NEUTRAL]
[2019-01-02 14:51:12] [SERVER][FACION][TAG] loaded relation offer RelOffer[a=-10000000, b=-1003, rel=NEUTRAL]
[2019-01-02 14:51:12] [SERVER][FACION][TAG] loaded relation offer RelOffer[a=-9999999, b=-1003, rel=NEUTRAL]
[2019-01-02 14:51:12] [SERVER][FACION][TAG] loaded relation offer RelOffer[a=-9999999, b=-1004, rel=NEUTRAL]
[2019-01-02 14:51:12] [SERVER][FACION][TAG] loaded relation offer RelOffer[a=-10000000, b=-1000, rel=NEUTRAL]
[2019-01-02 14:51:12] [SERVER][FACION][TAG] loaded relation offer RelOffer[a=-9999998, b=-1000, rel=NEUTRAL]
[2019-01-02 14:51:12] [SERVER] ###### READING ALL BLUEPRINTS!
[2019-01-02 14:51:12] [TAG] WARNING STRUCT DESERIALIZATION took too long: 32; 
[2019-01-02 14:51:12] [TAG] WARNING STRUCT DESERIALIZATION took too long: 78; 
[2019-01-02 14:51:12] [TAG] WARNING STRUCT DESERIALIZATION took too long: 46; 
[2019-01-02 14:51:12] [TAG] WARNING STRUCT DESERIALIZATION took too long: 78; 
[2019-01-02 14:51:12] [TAG] WARNING STRUCT DESERIALIZATION took too long: 78; 
[2019-01-02 14:51:12] [TAG] WARNING STRUCT DESERIALIZATION took too long: 53; 
[2019-01-02 14:51:12] [TAG] WARNING STRUCT DESERIALIZATION took too long: 78; 
[2019-01-02 14:51:12] [TAG] WARNING STRUCT DESERIALIZATION took too long: 78; 
[2019-01-02 14:51:12] [TAG] WARNING STRUCT DESERIALIZATION took too long: 79; 
[2019-01-02 14:51:12] [TAG] WARNING STRUCT DESERIALIZATION took too long: 61; 
[2019-01-02 14:51:12] [TAG] WARNING STRUCT DESERIALIZATION took too long: 61; 
[2019-01-02 14:51:12] [TAG] WARNING STRUCT DESERIALIZATION took too long: 78; 
[2019-01-02 14:51:12] [TAG] WARNING STRUCT DESERIALIZATION took too long: 80; 
[2019-01-02 14:51:12] [TAG] WARNING STRUCT DESERIALIZATION took too long: 80; 
[2019-01-02 14:51:12] [TAG] WARNING STRUCT DESERIALIZATION took too long: 80; 
[2019-01-02 14:51:12] [TAG] WARNING STRUCT DESERIALIZATION took too long: 44; 
[2019-01-02 14:51:12] [TAG] WARNING STRUCT DESERIALIZATION took too long: 78; 
[2019-01-02 14:51:12] [TAG] WARNING STRUCT DESERIALIZATION took too long: 66; 
[2019-01-02 14:51:12] [TAG] WARNING STRUCT DESERIALIZATION took too long: 66; 
[2019-01-02 14:51:12] [TAG] WARNING STRUCT DESERIALIZATION took too long: 66; 
[2019-01-02 14:51:12] [TAG] WARNING STRUCT DESERIALIZATION took too long: 70; 
[2019-01-02 14:51:12] [TAG] WARNING STRUCT DESERIALIZATION took too long: 70; 
[2019-01-02 14:51:12] [TAG] WARNING STRUCT DESERIALIZATION took too long: 70; 
[2019-01-02 14:51:12] [TAG] WARNING STRUCT DESERIALIZATION took too long: 51; 
[2019-01-02 14:51:12] [TAG] WARNING STRUCT DESERIALIZATION took too long: 61; 
[2019-01-02 14:51:12] [TAG] WARNING STRUCT DESERIALIZATION took too long: 68; 
[2019-01-02 14:51:12] [TAG] WARNING STRUCT DESERIALIZATION took too long: 68; 
[2019-01-02 14:51:12] [TAG] WARNING STRUCT DESERIALIZATION took too long: 75; 
[2019-01-02 14:51:12] [TAG] WARNING STRUCT DESERIALIZATION took too long: 73; 
[2019-01-02 14:51:12] [TAG] WARNING STRUCT DESERIALIZATION took too long: 73; 
[2019-01-02 14:51:12] [TAG] WARNING STRUCT DESERIALIZATION took too long: 73; 
[2019-01-02 14:51:12] [TAG] WARNING STRUCT DESERIALIZATION took too long: 61; 
[2019-01-02 14:51:12] [TAG] WARNING STRUCT DESERIALIZATION took too long: 72; 
[2019-01-02 14:51:12] [TAG] WARNING STRUCT DESERIALIZATION took too long: 93; 
[2019-01-02 14:51:12] [TAG] WARNING STRUCT DESERIALIZATION took too long: 53; 
[2019-01-02 14:51:12] [TAG] WARNING STRUCT DESERIALIZATION took too long: 58; 
[2019-01-02 14:51:12] [TAG] WARNING STRUCT DESERIALIZATION took too long: 71; 
[2019-01-02 14:51:12] [TAG] WARNING STRUCT DESERIALIZATION took too long: 58; 
[2019-01-02 14:51:12] [TAG] WARNING STRUCT DESERIALIZATION took too long: 73; 
[2019-01-02 14:51:12] [TAG] WARNING STRUCT DESERIALIZATION took too long: 53; 
[2019-01-02 14:51:12] [TAG] WARNING STRUCT DESERIALIZATION took too long: 68; 
[2019-01-02 14:51:12] [TAG] WARNING STRUCT DESERIALIZATION took too long: 68; 
[2019-01-02 14:51:12] [TAG] WARNING STRUCT DESERIALIZATION took too long: 46; 
[2019-01-02 14:51:12] [TAG] WARNING STRUCT DESERIALIZATION took too long: 61; 
[2019-01-02 14:51:12] [TAG] WARNING STRUCT DESERIALIZATION took too long: 46; 
[2019-01-02 14:51:12] [TAG] WARNING STRUCT DESERIALIZATION took too long: 46; 
[2019-01-02 14:51:12] [TAG] WARNING STRUCT DESERIALIZATION took too long: 45; 
[2019-01-02 14:51:12] [TAG] WARNING STRUCT DESERIALIZATION took too long: 61; 
[2019-01-02 14:51:12] [TAG] WARNING STRUCT DESERIALIZATION took too long: 78; 
[2019-01-02 14:51:12] [TAG] WARNING STRUCT DESERIALIZATION took too long: 94; 
[2019-01-02 14:51:12] [TAG] WARNING STRUCT DESERIALIZATION took too long: 94; 
[2019-01-02 14:51:12] [TAG] WARNING STRUCT DESERIALIZATION took too long: 61; 
[2019-01-02 14:51:12] [TAG] WARNING STRUCT DESERIALIZATION took too long: 73; 
[2019-01-02 14:51:12] [TAG] WARNING STRUCT DESERIALIZATION took too long: 70; 
[2019-01-02 14:51:12] [TAG] WARNING STRUCT DESERIALIZATION took too long: 81; 
[2019-01-02 14:51:12] [TAG] WARNING STRUCT DESERIALIZATION took too long: 81; 
[2019-01-02 14:51:12] [TAG] WARNING STRUCT DESERIALIZATION took too long: 70; 
[2019-01-02 14:51:12] [TAG] WARNING STRUCT DESERIALIZATION took too long: 81; 
[2019-01-02 14:51:12] [TAG] WARNING STRUCT DESERIALIZATION took too long: 81; 
[2019-01-02 14:51:12] [TAG] WARNING STRUCT DESERIALIZATION took too long: 70; 
[2019-01-02 14:51:12] [TAG] WARNING STRUCT DESERIALIZATION took too long: 81; 
[2019-01-02 14:51:12] [TAG] WARNING STRUCT DESERIALIZATION took too long: 82; 
[2019-01-02 14:51:12] [TAG] WARNING STRUCT DESERIALIZATION took too long: 82; 
[2019-01-02 14:51:12] [TAG] WARNING STRUCT DESERIALIZATION took too long: 85; 
[2019-01-02 14:51:12] [TAG] WARNING STRUCT DESERIALIZATION took too long: 100; 
[2019-01-02 14:51:12] [TAG] WARNING STRUCT DESERIALIZATION took too long: 100; 
[2019-01-02 14:51:12] [TAG] WARNING STRUCT DESERIALIZATION took too long: 33; 
[2019-01-02 14:51:12] [TAG] WARNING STRUCT DESERIALIZATION took too long: 39; 
[2019-01-02 14:51:12] [TAG] WARNING STRUCT DESERIALIZATION took too long: 32; 
[2019-01-02 14:51:12] [TAG] WARNING STRUCT DESERIALIZATION took too long: 32; 
[2019-01-02 14:51:12] [TAG] WARNING STRUCT DESERIALIZATION took too long: 32; 
[2019-01-02 14:51:12] [TAG] WARNING STRUCT DESERIALIZATION took too long: 32; 
[2019-01-02 14:51:12] [TAG] WARNING STRUCT DESERIALIZATION took too long: 36; 
[2019-01-02 14:51:12] [TAG] WARNING STRUCT DESERIALIZATION took too long: 36; 
[2019-01-02 14:51:12] [SERVER] ###### READING ALL 161 BLUEPRINTS FINISHED! TOOK 256ms
[2019-01-02 14:51:12] [SERVER][CATALOG] READ RAW BLUEPRINTS: 161
[2019-01-02 14:51:12] [RULES] no rules read from disk: /home/starmade/starmade/StarMade/rules.xml
[2019-01-02 14:51:12] [RULES][PROPERTIES] no properties read. File doesn't exist: /home/starmade/starmade/StarMade/server-database/world0/ruleproperties.tag; Will be created on save
[2019-01-02 14:51:12] [ServerListener] Server initialization OK... now waiting for connections
[2019-01-02 14:51:12] [SERVERCONTROLLER][INIT] (listenerId[0]) SERVER STARTED UPDATING
[2019-01-02 14:51:12] [SERVER] SERVER INIT FINISHED
[2019-01-02 14:51:13] [SERVER][CATALOG] Deflated Catalog from 15014 kb to 5079 kb
[2019-01-02 14:51:13] [SERVER][UPDATE] WARNING: handleQueuedSynchronizedObjects update took 66 on Server(0)
[2019-01-02 14:51:13] [RULESET] serializing all Rules and properties.
[2019-01-02 14:51:13] [NT] Big FullUpdate: 55051 bytes: SenableGameState(1)
[2019-01-02 14:55:18] [CLIENT] Admin parameter 0: 10
[2019-01-02 14:55:18] [CLIENT] Admin parameter 1: Shutting down server..
[2019-01-02 14:55:18] [ADMIN COMMAND] START_COUNTDOWN from org.schema.schine.network.server.AdminLocalClient@2c3861d0 params: [10, Shutting down server..]
[2019-01-02 14:55:18] [SERVER-LOCAL-ADMIN] END; broadcasted as server message: Server shutting down in 10 seconds! 
[2019-01-02 14:55:19] [ADMIN COMMAND] FORCE_SAVE from org.schema.schine.network.server.AdminLocalClient@2c3861d0 params: []
[2019-01-02 14:55:19] [SERVER] SERVER AUTOSAVE START. Dumping server State!
[2019-01-02 14:55:19] [SERVER] WRITING ADDITIONAL ENTITIES
[2019-01-02 14:55:19] [IO][COPY] FILE FROM /home/starmade/starmade/StarMade/./server-database/world0/FACTIONS.fac to /home/starmade/starmade/StarMade/./server-database/world0/FACTIONS.fac.old
[2019-01-02 14:55:19] [SERVER] DELETING ORIGINALFILE TO REPLACE WITH NEW ONE: true; /home/starmade/starmade/StarMade/./server-database/world0/FACTIONS.fac
[2019-01-02 14:55:19] [IO][COPY] FILE FROM /home/starmade/starmade/StarMade/./server-database/world0/tmp/FACTIONS.fac.tmp to /home/starmade/starmade/StarMade/./server-database/world0/FACTIONS.fac
[2019-01-02 14:55:19] [IO][COPY] FILE FROM /home/starmade/starmade/StarMade/./server-database/world0/CATALOG.cat to /home/starmade/starmade/StarMade/./server-database/world0/CATALOG.cat.old
[2019-01-02 14:55:19] [SERVER] DELETING ORIGINALFILE TO REPLACE WITH NEW ONE: true; /home/starmade/starmade/StarMade/./server-database/world0/CATALOG.cat
[2019-01-02 14:55:19] [IO][COPY] FILE FROM /home/starmade/starmade/StarMade/./server-database/world0/tmp/CATALOG.cat.tmp to /home/starmade/starmade/StarMade/./server-database/world0/CATALOG.cat
[2019-01-02 14:55:19] [IO][COPY] FILE FROM /home/starmade/starmade/StarMade/./server-database/world0/chatchannels.tag to /home/starmade/starmade/StarMade/./server-database/world0/chatchannels.tag.old
[2019-01-02 14:55:19] [SERVER] DELETING ORIGINALFILE TO REPLACE WITH NEW ONE: true; /home/starmade/starmade/StarMade/./server-database/world0/chatchannels.tag
[2019-01-02 14:55:19] [IO][COPY] FILE FROM /home/starmade/starmade/StarMade/./server-database/world0/tmp/chatchannels.tag.tmp to /home/starmade/starmade/StarMade/./server-database/world0/chatchannels.tag
[2019-01-02 14:55:19] [IO][COPY] FILE FROM /home/starmade/starmade/StarMade/./server-database/world0/TRADING.tag to /home/starmade/starmade/StarMade/./server-database/world0/TRADING.tag.old
[2019-01-02 14:55:19] [SERVER] DELETING ORIGINALFILE TO REPLACE WITH NEW ONE: true; /home/starmade/starmade/StarMade/./server-database/world0/TRADING.tag
[2019-01-02 14:55:19] [IO][COPY] FILE FROM /home/starmade/starmade/StarMade/./server-database/world0/tmp/TRADING.tag.tmp to /home/starmade/starmade/StarMade/./server-database/world0/TRADING.tag
[2019-01-02 14:55:19] [SERVER] WRITING ADDITIONAL ENTITIES DONE
[2019-01-02 14:55:19] [IO][COPY] FILE FROM /home/starmade/starmade/StarMade/./server-database/world0/SIMULATION_STATE.sim to /home/starmade/starmade/StarMade/./server-database/world0/SIMULATION_STATE.sim.old
[2019-01-02 14:55:19] [SERVER] DELETING ORIGINALFILE TO REPLACE WITH NEW ONE: true; /home/starmade/starmade/StarMade/./server-database/world0/SIMULATION_STATE.sim
[2019-01-02 14:55:19] [IO][COPY] FILE FROM /home/starmade/starmade/StarMade/./server-database/world0/tmp/SIMULATION_STATE.sim.tmp to /home/starmade/starmade/StarMade/./server-database/world0/SIMULATION_STATE.sim
[2019-01-02 14:55:19] [SERVER] SERVER AUTOSAVE END. ServerState saved!
[2019-01-02 14:55:29] [CLIENT] Admin parameter 0: 1
[2019-01-02 14:55:29] [ADMIN COMMAND] SHUTDOWN from org.schema.schine.network.server.AdminLocalClient@2c3861d0 params: [1]
[2019-01-02 14:55:30] [SERVER] SCHEDULED SHUTDOWN NOW EXECUTING. EXITING SERVER!
[2019-01-02 14:55:30] [SERVER] now executing regular shutdown
[2019-01-02 14:55:30] java.lang.Exception: Server Shutdown: true
[2019-01-02 14:55:30] 	at org.schema.schine.network.server.ServerState.setShutdown(SourceFile:291)
[2019-01-02 14:55:30] 	at org.schema.game.server.controller.GameServerController.update(SourceFile:840)
[2019-01-02 14:55:30] 	at org.schema.schine.network.server.ServerController.run(SourceFile:275)
[2019-01-02 14:55:30] 	at java.lang.Thread.run(Thread.java:748)
[2019-01-02 14:55:30] [SERVER][SHUTDOWN] shutting down element collection thread
[2019-01-02 14:55:30] [SERVER][SHUTDOWN] shutting down pathfinding threads
[2019-01-02 14:55:30] [SERVER][SHUTDOWN] shutting down universe
[2019-01-02 14:55:30] [SERVER][SHUTDOWN] shutting segment request thread
[2019-01-02 14:55:30] [SERVER][SHUTDOWN] shutting down simulation
[2019-01-02 14:55:30] [SERVER][SHUTDOWN] shutting down active checker
[2019-01-02 14:55:30] [SERVER][SHUTDOWN] shutting down sysin listener
[2019-01-02 14:55:30] [SERVER][SHUTDOWN] shutting down mob thread
[2019-01-02 14:55:30] [SERVER][SHUTDOWN] shutting down game map provider
[2019-01-02 14:55:30] [SERVER][SHUTDOWN] Stopping to listen!
[2019-01-02 14:55:30] [SERVER] Stopping Listener
[2019-01-02 14:55:30] [SERVER] Stopped Listener
[2019-01-02 14:55:30] [SERVER][SHUTDOWN] disconnecting all clients!
[2019-01-02 14:55:30] [SIMPLANNER] Sleep has been interrupted
[2019-01-02 14:55:30] [SERVER][SHUTDOWN] Dumping server State!
[2019-01-02 14:55:30] [SERVER] WRITING ADDITIONAL ENTITIES
[2019-01-02 14:55:30] [IO][COPY] FILE FROM /home/starmade/starmade/StarMade/./server-database/world0/FACTIONS.fac to /home/starmade/starmade/StarMade/./server-database/world0/FACTIONS.fac.old
[2019-01-02 14:55:30] [SERVER] DELETING ORIGINALFILE TO REPLACE WITH NEW ONE: true; /home/starmade/starmade/StarMade/./server-database/world0/FACTIONS.fac
[2019-01-02 14:55:30] [IO][COPY] FILE FROM /home/starmade/starmade/StarMade/./server-database/world0/tmp/FACTIONS.fac.tmp to /home/starmade/starmade/StarMade/./server-database/world0/FACTIONS.fac
[2019-01-02 14:55:30] [IO][COPY] FILE FROM /home/starmade/starmade/StarMade/./server-database/world0/CATALOG.cat to /home/starmade/starmade/StarMade/./server-database/world0/CATALOG.cat.old
[2019-01-02 14:55:30] [SERVER] DELETING ORIGINALFILE TO REPLACE WITH NEW ONE: true; /home/starmade/starmade/StarMade/./server-database/world0/CATALOG.cat
[2019-01-02 14:55:30] [IO][COPY] FILE FROM /home/starmade/starmade/StarMade/./server-database/world0/tmp/CATALOG.cat.tmp to /home/starmade/starmade/StarMade/./server-database/world0/CATALOG.cat
[2019-01-02 14:55:30] [IO][COPY] FILE FROM /home/starmade/starmade/StarMade/./server-database/world0/chatchannels.tag to /home/starmade/starmade/StarMade/./server-database/world0/chatchannels.tag.old
[2019-01-02 14:55:30] [SERVER] DELETING ORIGINALFILE TO REPLACE WITH NEW ONE: true; /home/starmade/starmade/StarMade/./server-database/world0/chatchannels.tag
[2019-01-02 14:55:30] [IO][COPY] FILE FROM /home/starmade/starmade/StarMade/./server-database/world0/tmp/chatchannels.tag.tmp to /home/starmade/starmade/StarMade/./server-database/world0/chatchannels.tag
[2019-01-02 14:55:30] [IO][COPY] FILE FROM /home/starmade/starmade/StarMade/./server-database/world0/TRADING.tag to /home/starmade/starmade/StarMade/./server-database/world0/TRADING.tag.old
[2019-01-02 14:55:30] [SERVER] DELETING ORIGINALFILE TO REPLACE WITH NEW ONE: true; /home/starmade/starmade/StarMade/./server-database/world0/TRADING.tag
[2019-01-02 14:55:30] [IO][COPY] FILE FROM /home/starmade/starmade/StarMade/./server-database/world0/tmp/TRADING.tag.tmp to /home/starmade/starmade/StarMade/./server-database/world0/TRADING.tag
[2019-01-02 14:55:30] [SERVER] WRITING ADDITIONAL ENTITIES DONE
[2019-01-02 14:55:30] [IO][COPY] FILE FROM /home/starmade/starmade/StarMade/./server-database/world0/SIMULATION_STATE.sim to /home/starmade/starmade/StarMade/./server-database/world0/SIMULATION_STATE.sim.old
[2019-01-02 14:55:30] [SERVER] DELETING ORIGINALFILE TO REPLACE WITH NEW ONE: true; /home/starmade/starmade/StarMade/./server-database/world0/SIMULATION_STATE.sim
[2019-01-02 14:55:30] [IO][COPY] FILE FROM /home/starmade/starmade/StarMade/./server-database/world0/tmp/SIMULATION_STATE.sim.tmp to /home/starmade/starmade/StarMade/./server-database/world0/SIMULATION_STATE.sim
[2019-01-02 14:55:30] [SERVER] WAITING FOR LOGIN THREAD POOL TO TERMINATE; Active: 0
[2019-01-02 14:55:30] [SERVER] SERVER LOGIN THREAD POOL TERMINATED
[2019-01-02 14:55:30] [SERVER] KILLING ACTIVE EXPLOSION THREADS; Active: 0
[2019-01-02 14:55:30] java.lang.Exception: ServerEntityWriterThread Shutdown
[2019-01-02 14:55:30] 	at org.schema.schine.network.server.ServerEntityWriterThread.shutdown(SourceFile:38)
[2019-01-02 14:55:30] 	at org.schema.game.common.data.world.Universe.writeToDatabase(SourceFile:1461)
[2019-01-02 14:55:30] 	at org.schema.game.server.controller.GameServerController.a(SourceFile:2887)
[2019-01-02 14:55:30] 	at org.schema.game.server.controller.GameServerController.onShutDown(SourceFile:2000)
[2019-01-02 14:55:30] 	at org.schema.game.server.controller.GameServerController.update(SourceFile:841)
[2019-01-02 14:55:30] 	at org.schema.schine.network.server.ServerController.run(SourceFile:275)
[2019-01-02 14:55:30] 	at java.lang.Thread.run(Thread.java:748)
[2019-01-02 14:55:30] [SERVER] writing queue finished
[2019-01-02 14:55:30] [SERVER] Server Write Queue: 0; 0; []
[2019-01-02 14:55:30] [SERVER] WAITING FOR WRITING QUEUE TO FINISH; Active: 0
[2019-01-02 14:55:30] [SERVER] Server Write Queue: 0; 0; []
[2019-01-02 14:55:30] [SERVER] SERVER THREAD QUEUE TERMINATED
[2019-01-02 14:55:30] [SERVER] Server Write Queue: 0; 0; []
[2019-01-02 14:55:30] [SERVER][SHUTDOWN] all queued writing jobs finished. closing database
[2019-01-02 14:55:34] [SERVER][SHUTDOWN] database closed successfully
[2019-01-02 14:55:34] [SERVER][SHUTDOWN] ServerState saved!
[2019-01-02 14:55:34] java.lang.Exception: ServerEntityWriterThread Shutdown
[2019-01-02 14:55:34] 	at org.schema.schine.network.server.ServerEntityWriterThread.shutdown(SourceFile:38)
[2019-01-02 14:55:34] 	at org.schema.game.server.controller.GameServerController.onShutDown(SourceFile:2044)
[2019-01-02 14:55:34] 	at org.schema.game.server.controller.GameServerController.update(SourceFile:841)
[2019-01-02 14:55:34] 	at org.schema.schine.network.server.ServerController.run(SourceFile:275)
[2019-01-02 14:55:34] 	at java.lang.Thread.run(Thread.java:748)
[2019-01-02 14:55:34] java.lang.Exception: Server created: false
[2019-01-02 14:55:34] 	at org.schema.schine.network.server.ServerState.setCreated(SourceFile:299)
[2019-01-02 14:55:34] 	at org.schema.game.server.controller.GameServerController.onShutDown(SourceFile:2049)
[2019-01-02 14:55:34] 	at org.schema.game.server.controller.GameServerController.update(SourceFile:841)
[2019-01-02 14:55:34] 	at org.schema.schine.network.server.ServerController.run(SourceFile:275)
[2019-01-02 14:55:34] 	at java.lang.Thread.run(Thread.java:748)
[2019-01-02 14:55:34] [SERVER][SHUTDOWN] ServerState.created set to false
[2019-01-02 14:55:34] java.lang.Exception: System.exit() called
[2019-01-02 14:55:34] 	at org.schema.game.server.controller.GameServerController.update(SourceFile:849)
[2019-01-02 14:55:34] 	at org.schema.schine.network.server.ServerController.run(SourceFile:275)
[2019-01-02 14:55:34] 	at java.lang.Thread.run(Thread.java:748)
