[2019-01-02 10:55:24] [VERSION] loading version from install dir: ./
[2019-01-02 10:55:24] [VERSION] VERSION: 0.201.341
[2019-01-02 10:55:24] [VERSION] BUILD: 20190101_191106
[2019-01-02 10:55:24] #################### StarMade #######################
[2019-01-02 10:55:24] # version 0.201.341 - build 20190101_191106 #
[2019-01-02 10:55:24] #####################################################
[2019-01-02 10:55:24] [SERIAL] "not retrieved"
[2019-01-02 10:55:24] [INSTALLATION_DIRECTORY] "/home/starmade/starmade/StarMade/."
[2019-01-02 10:55:24] [JVM-ARGUMENTS] [-Xms2g, -Xmx24g]
[2019-01-02 10:55:24] [SETTINGS] WARNING: NO SETTING FOUND: 'BLOCK_ID_OF_CARGO_SPACE_IN_BUILD_MODE = 411' (happens for example when names of settings are changed)
[2019-01-02 10:55:24] java.io.FileNotFoundException: ./keyboard.cfg (No such file or directory)
[2019-01-02 10:55:24] 	at java.io.FileInputStream.open0(Native Method)
[2019-01-02 10:55:24] 	at java.io.FileInputStream.open(FileInputStream.java:195)
[2019-01-02 10:55:24] 	at java.io.FileInputStream.<init>(FileInputStream.java:138)
[2019-01-02 10:55:24] 	at java.io.FileReader.<init>(FileReader.java:72)
[2019-01-02 10:55:24] 	at org.schema.schine.input.KeyboardMappings.a(SourceFile:656)
[2019-01-02 10:55:24] 	at org.schema.game.common.Starter.main(SourceFile:816)
[2019-01-02 10:55:24] Could not read settings file: using defaults (./keyboard.cfg (No such file or directory))
[2019-01-02 10:55:24] [STARTER] template dir exists. overwriting template with current data
[2019-01-02 10:55:24] [IO][COPY] FILE FROM /home/starmade/starmade/StarMade/./data/config/FactionConfig.xml to /home/starmade/starmade/StarMade/./customFactionConfig/FactionConfigTemplate.xml
[2019-01-02 10:55:24] [IO][COPY] FILE FROM /home/starmade/starmade/StarMade/./data/config/customFactionConfigHOWTO.txt to /home/starmade/starmade/StarMade/./customFactionConfig/customFactionConfigHOWTO.txt
[2019-01-02 10:55:24] [STARTER] template dir exists. overwriting template with current data
[2019-01-02 10:55:24] [IO][COPY] FILE FROM /home/starmade/starmade/StarMade/./data/config/customBlockBehaviorConfigTemplate.xml to /home/starmade/starmade/StarMade/./customBlockBehaviorConfig/customBlockBehaviorConfigTemplate.xml
[2019-01-02 10:55:24] [IO][COPY] FILE FROM /home/starmade/starmade/StarMade/./data/config/customBlockBehaviorConfigHOWTO.txt to /home/starmade/starmade/StarMade/./customBlockBehaviorConfig/customBlockBehaviorConfigHOWTO.txt
[2019-01-02 10:55:24] [STARTER] template dir exists. overwriting template with current data
[2019-01-02 10:55:24] [IO][COPY] FILE FROM /home/starmade/starmade/StarMade/./data/config/customConfigTemplate/customEffectConfigTemplate.xml to /home/starmade/starmade/StarMade/./customEffectConfig/customEffectConfigTemplate.xml
[2019-01-02 10:55:24] [IO][COPY] FILE FROM /home/starmade/starmade/StarMade/./data/config/customConfigTemplate/CustomEffectConfigHowto.txt to /home/starmade/starmade/StarMade/./customEffectConfig/customEffectConfigHOWTO.txt
[2019-01-02 10:55:24] [RESOURCES][CustomTextures] No need to create pack.zip. Hash matches (as rewriting a zip changes the hash on it)
[2019-01-02 10:55:24] [LANGUAGE] loading language: english; Resolved to english
[2019-01-02 10:55:24] java.io.FileNotFoundException: ./keyboard.cfg (No such file or directory)
[2019-01-02 10:55:24] 	at java.io.FileInputStream.open0(Native Method)
[2019-01-02 10:55:24] 	at java.io.FileInputStream.open(FileInputStream.java:195)
[2019-01-02 10:55:24] 	at java.io.FileInputStream.<init>(FileInputStream.java:138)
[2019-01-02 10:55:24] 	at java.io.FileReader.<init>(FileReader.java:72)
[2019-01-02 10:55:24] 	at org.schema.schine.input.KeyboardMappings.a(SourceFile:656)
[2019-01-02 10:55:24] 	at obfuscated.apT.b(SourceFile:95)
[2019-01-02 10:55:24] 	at obfuscated.apT.a(SourceFile:240)
[2019-01-02 10:55:24] 	at org.schema.game.common.Starter.main(SourceFile:840)
[2019-01-02 10:55:24] Could not read settings file: using defaults (./keyboard.cfg (No such file or directory))
[2019-01-02 10:55:24] [LANGUAGE] Loading English; Version: 0
[2019-01-02 10:55:24] [LANGUAGE] LOADED FONT PATH/NAME: font/Monda-Regular.ttf
[2019-01-02 10:55:25] [SERVER] using world: world0; ./server-database/world0/
[2019-01-02 10:55:25] [INIT] Segment Database Path: /home/starmade/starmade/StarMade/./server-database/world0/DATA; exists? true; is Dir? true; creating dir successful (gives false if exists)? false
[2019-01-02 10:55:25] [GUI] NO STARMADE-WINDOW CONFIG FOUND. Using defaults
[2019-01-02 10:55:25] [LIBLOADER] OS Linux - 4.9.124-xxxx-std-ipv6-64
[2019-01-02 10:55:25] [LIBLOADER] JAVA Oracle Corporation - 1.8.0_181 - /usr/lib/jvm/java-8-oracle/jre
[2019-01-02 10:55:25] [LIBLOADER] ARCHITECTURE amd64
[2019-01-02 10:55:25] [LIBLOADER] LOADED LINUX 64bit NATIVE LIBRARIES 
[2019-01-02 10:55:25] [LIBLOADER] FastNoiseSIMD Level: 3
[2019-01-02 10:55:25] [LIBLOADER] COMPLETE 
[2019-01-02 10:55:25] [MAIN] CHECKING IF MIGRATION NECESSARY
[2019-01-02 10:55:25] [MAIN] MIGRATION PROCESS DONE
[2019-01-02 10:55:25] [MAIN] STARTING WITH ARGUMENTS: [-server, -port:4242]
[2019-01-02 10:55:25] [MAIN] LOADED ENGINE SETTINGS
[2019-01-02 10:55:25] [INITIALIZE] REMOTE CLASSES REGISTERED
[2019-01-02 10:55:25] [INITIALIZE] RESOURCE MANAGER INITIALIZED
[2019-01-02 10:55:25] ERROR: no content in Resource: /home/starmade/starmade/StarMade/file:/home/starmade/starmade/StarMade/StarMade.jar!/org/schema/game/network/commands
[2019-01-02 10:55:25] ################# Loading from JAR #####################
[2019-01-02 10:55:25] ########################################################
[2019-01-02 10:55:25] [INITIALIZE] REMOTE COMMANDS REGISTERED
[2019-01-02 10:55:25] [INITIALIZE] SECURITY MANAGER SET
[2019-01-02 10:55:25] [INITIALIZE] COMMAND ID's ASSIGNED. NOW READING BLOCK CONFIG
[2019-01-02 10:55:25] [BLOCKCONFIG] READING TOOK 62ms
[2019-01-02 10:55:25] [INITIALIZE] BLOCK CONFIGURATION READ
[2019-01-02 10:55:25] [BLUEPRINT][MIGRATION] NO CONVERSION NEEDED: no old bb file exists: /home/starmade/starmade/StarMade/./blueprints/catalog.txt
[2019-01-02 10:55:25] [SERVER] ###### READING ALL BLUEPRINTS!
[2019-01-02 10:55:25] [TAG] WARNING STRUCT DESERIALIZATION took too long: 36; 
[2019-01-02 10:55:25] [TAG] WARNING STRUCT DESERIALIZATION took too long: 36; 
[2019-01-02 10:55:25] [TAG] WARNING STRUCT DESERIALIZATION took too long: 36; 
[2019-01-02 10:55:25] [TAG] WARNING STRUCT DESERIALIZATION took too long: 42; 
[2019-01-02 10:55:25] [TAG] WARNING STRUCT DESERIALIZATION took too long: 42; 
[2019-01-02 10:55:25] [TAG] WARNING STRUCT DESERIALIZATION took too long: 42; 
[2019-01-02 10:55:25] [TAG] WARNING STRUCT DESERIALIZATION took too long: 42; 
[2019-01-02 10:55:25] [TAG] WARNING STRUCT DESERIALIZATION took too long: 42; 
[2019-01-02 10:55:25] [TAG] WARNING STRUCT DESERIALIZATION took too long: 43; 
[2019-01-02 10:55:25] [TAG] WARNING STRUCT DESERIALIZATION took too long: 43; 
[2019-01-02 10:55:25] [TAG] WARNING STRUCT DESERIALIZATION took too long: 42; 
[2019-01-02 10:55:25] [TAG] WARNING STRUCT DESERIALIZATION took too long: 50; 
[2019-01-02 10:55:25] [TAG] WARNING STRUCT DESERIALIZATION took too long: 42; 
[2019-01-02 10:55:25] [TAG] WARNING STRUCT DESERIALIZATION took too long: 58; 
[2019-01-02 10:55:25] [TAG] WARNING STRUCT DESERIALIZATION took too long: 58; 
[2019-01-02 10:55:25] [TAG] WARNING STRUCT DESERIALIZATION took too long: 62; 
[2019-01-02 10:55:25] [TAG] WARNING STRUCT DESERIALIZATION took too long: 62; 
[2019-01-02 10:55:25] [TAG] WARNING STRUCT DESERIALIZATION took too long: 62; 
[2019-01-02 10:55:25] [TAG] WARNING STRUCT DESERIALIZATION took too long: 42; 
[2019-01-02 10:55:25] [TAG] WARNING STRUCT DESERIALIZATION took too long: 41; 
[2019-01-02 10:55:25] [TAG] WARNING STRUCT DESERIALIZATION took too long: 73; 
[2019-01-02 10:55:25] [TAG] WARNING STRUCT DESERIALIZATION took too long: 73; 
[2019-01-02 10:55:25] [TAG] WARNING STRUCT DESERIALIZATION took too long: 42; 
[2019-01-02 10:55:25] [TAG] WARNING STRUCT DESERIALIZATION took too long: 41; 
[2019-01-02 10:55:25] [TAG] WARNING STRUCT DESERIALIZATION took too long: 77; 
[2019-01-02 10:55:25] [TAG] WARNING STRUCT DESERIALIZATION took too long: 77; 
[2019-01-02 10:55:25] [TAG] WARNING STRUCT DESERIALIZATION took too long: 78; 
[2019-01-02 10:55:25] [TAG] WARNING STRUCT DESERIALIZATION took too long: 62; 
[2019-01-02 10:55:25] [TAG] WARNING STRUCT DESERIALIZATION took too long: 62; 
[2019-01-02 10:55:25] [TAG] WARNING STRUCT DESERIALIZATION took too long: 98; 
[2019-01-02 10:55:25] [TAG] WARNING STRUCT DESERIALIZATION took too long: 98; 
[2019-01-02 10:55:25] [TAG] WARNING STRUCT DESERIALIZATION took too long: 106; 
[2019-01-02 10:55:25] [TAG] WARNING: Struct read time of null took: 106
[2019-01-02 10:55:25] [TAG] WARNING STRUCT DESERIALIZATION took too long: 106; 
[2019-01-02 10:55:25] [TAG] warning: reading tag: null took: 106
[2019-01-02 10:55:25] [TAG] WARNING STRUCT DESERIALIZATION took too long: 118; 
[2019-01-02 10:55:25] [TAG] WARNING: Struct read time of null took: 118
[2019-01-02 10:55:25] [TAG] WARNING STRUCT DESERIALIZATION took too long: 118; 
[2019-01-02 10:55:25] [TAG] warning: reading tag: null took: 118
[2019-01-02 10:55:25] [TAG] WARNING STRUCT DESERIALIZATION took too long: 36; 
[2019-01-02 10:55:25] [TAG] WARNING STRUCT DESERIALIZATION took too long: 118; 
[2019-01-02 10:55:25] [TAG] warning: reading tag: null took: 126
[2019-01-02 10:55:25] [TAG] WARNING STRUCT DESERIALIZATION took too long: 53; 
[2019-01-02 10:55:25] [TAG] WARNING STRUCT DESERIALIZATION took too long: 73; 
[2019-01-02 10:55:25] [TAG] WARNING STRUCT DESERIALIZATION took too long: 76; 
[2019-01-02 10:55:25] [TAG] WARNING STRUCT DESERIALIZATION took too long: 86; 
[2019-01-02 10:55:25] [TAG] WARNING STRUCT DESERIALIZATION took too long: 64; 
[2019-01-02 10:55:25] [TAG] WARNING STRUCT DESERIALIZATION took too long: 56; 
[2019-01-02 10:55:25] [TAG] WARNING STRUCT DESERIALIZATION took too long: 90; 
[2019-01-02 10:55:25] [TAG] WARNING STRUCT DESERIALIZATION took too long: 38; 
[2019-01-02 10:55:25] [TAG] WARNING STRUCT DESERIALIZATION took too long: 40; 
[2019-01-02 10:55:25] [TAG] WARNING STRUCT DESERIALIZATION took too long: 41; 
[2019-01-02 10:55:25] [TAG] WARNING STRUCT DESERIALIZATION took too long: 61; 
[2019-01-02 10:55:25] [TAG] WARNING STRUCT DESERIALIZATION took too long: 35; 
[2019-01-02 10:55:25] [TAG] WARNING STRUCT DESERIALIZATION took too long: 36; 
[2019-01-02 10:55:25] [TAG] WARNING STRUCT DESERIALIZATION took too long: 35; 
[2019-01-02 10:55:25] [TAG] WARNING STRUCT DESERIALIZATION took too long: 35; 
[2019-01-02 10:55:25] [TAG] WARNING STRUCT DESERIALIZATION took too long: 35; 
[2019-01-02 10:55:25] [TAG] WARNING STRUCT DESERIALIZATION took too long: 40; 
[2019-01-02 10:55:25] [TAG] WARNING STRUCT DESERIALIZATION took too long: 40; 
[2019-01-02 10:55:25] [TAG] WARNING STRUCT DESERIALIZATION took too long: 40; 
[2019-01-02 10:55:25] [TAG] WARNING STRUCT DESERIALIZATION took too long: 33; 
[2019-01-02 10:55:25] [TAG] WARNING STRUCT DESERIALIZATION took too long: 34; 
[2019-01-02 10:55:25] [TAG] WARNING STRUCT DESERIALIZATION took too long: 34; 
[2019-01-02 10:55:25] [TAG] WARNING STRUCT DESERIALIZATION took too long: 34; 
[2019-01-02 10:55:25] [TAG] WARNING STRUCT DESERIALIZATION took too long: 40; 
[2019-01-02 10:55:25] [TAG] WARNING STRUCT DESERIALIZATION took too long: 38; 
[2019-01-02 10:55:25] [TAG] WARNING STRUCT DESERIALIZATION took too long: 48; 
[2019-01-02 10:55:25] [TAG] WARNING STRUCT DESERIALIZATION took too long: 48; 
[2019-01-02 10:55:25] [TAG] WARNING STRUCT DESERIALIZATION took too long: 34; 
[2019-01-02 10:55:25] [TAG] WARNING STRUCT DESERIALIZATION took too long: 53; 
[2019-01-02 10:55:25] [TAG] WARNING STRUCT DESERIALIZATION took too long: 56; 
[2019-01-02 10:55:25] [TAG] WARNING STRUCT DESERIALIZATION took too long: 69; 
[2019-01-02 10:55:25] [TAG] WARNING STRUCT DESERIALIZATION took too long: 69; 
[2019-01-02 10:55:25] [TAG] WARNING STRUCT DESERIALIZATION took too long: 53; 
[2019-01-02 10:55:25] [TAG] WARNING STRUCT DESERIALIZATION took too long: 76; 
[2019-01-02 10:55:25] [TAG] WARNING STRUCT DESERIALIZATION took too long: 35; 
[2019-01-02 10:55:25] [TAG] WARNING STRUCT DESERIALIZATION took too long: 36; 
[2019-01-02 10:55:25] [TAG] WARNING STRUCT DESERIALIZATION took too long: 65; 
[2019-01-02 10:55:25] [TAG] WARNING STRUCT DESERIALIZATION took too long: 64; 
[2019-01-02 10:55:25] [TAG] WARNING STRUCT DESERIALIZATION took too long: 66; 
[2019-01-02 10:55:25] [TAG] WARNING STRUCT DESERIALIZATION took too long: 66; 
[2019-01-02 10:55:25] [TAG] WARNING STRUCT DESERIALIZATION took too long: 40; 
[2019-01-02 10:55:25] [TAG] WARNING STRUCT DESERIALIZATION took too long: 40; 
[2019-01-02 10:55:25] [TAG] WARNING STRUCT DESERIALIZATION took too long: 67; 
[2019-01-02 10:55:25] [TAG] WARNING STRUCT DESERIALIZATION took too long: 67; 
[2019-01-02 10:55:25] [TAG] WARNING STRUCT DESERIALIZATION took too long: 39; 
[2019-01-02 10:55:25] [TAG] WARNING STRUCT DESERIALIZATION took too long: 40; 
[2019-01-02 10:55:25] [TAG] WARNING STRUCT DESERIALIZATION took too long: 39; 
[2019-01-02 10:55:25] [TAG] WARNING STRUCT DESERIALIZATION took too long: 77; 
[2019-01-02 10:55:25] [TAG] WARNING STRUCT DESERIALIZATION took too long: 64; 
[2019-01-02 10:55:25] [TAG] WARNING: Struct read time of null took: 109
[2019-01-02 10:55:25] [TAG] warning: reading tag: AIConfig1 took: 126
[2019-01-02 10:55:25] [TAG] WARNING STRUCT DESERIALIZATION took too long: 109; 
[2019-01-02 10:55:25] [TAG] warning: reading tag: null took: 112
[2019-01-02 10:55:25] [TAG] WARNING STRUCT DESERIALIZATION took too long: 101; 
[2019-01-02 10:55:25] [TAG] WARNING STRUCT DESERIALIZATION took too long: 88; 
[2019-01-02 10:55:25] [TAG] warning: reading tag: null took: 112
[2019-01-02 10:55:25] [TAG] WARNING: Struct read time of null took: 108
[2019-01-02 10:55:25] [TAG] WARNING STRUCT DESERIALIZATION took too long: 108; 
[2019-01-02 10:55:25] [TAG] warning: reading tag: null took: 108
[2019-01-02 10:55:25] [SERVER] ###### READING ALL 160 BLUEPRINTS FINISHED! TOOK 341ms
[2019-01-02 10:55:25] [MAIN] INITIALIZATION COMPLETED
[2019-01-02 10:55:26] [RESOURCE] ENQUEING 3D MODELS -160
[2019-01-02 10:55:26] ############## LOADING RESOURCE Sky
[2019-01-02 10:55:26] ############## LOADING RESOURCE Box
[2019-01-02 10:55:26] ############## LOADING RESOURCE Sphere
[2019-01-02 10:55:26] ############## LOADING RESOURCE SphereLowPoly
[2019-01-02 10:55:26] ############## LOADING RESOURCE Cylinder
[2019-01-02 10:55:26] ############## LOADING RESOURCE GeoSphere
[2019-01-02 10:55:26] ############## LOADING RESOURCE Planet
[2019-01-02 10:55:26] ############## LOADING RESOURCE Atmosphere
[2019-01-02 10:55:26] ############## LOADING RESOURCE Asteroid
[2019-01-02 10:55:26] ############## LOADING RESOURCE ExhaustPlum
[2019-01-02 10:55:26] ############## LOADING RESOURCE SimpleBeam
[2019-01-02 10:55:26] ############## LOADING RESOURCE Arrow
[2019-01-02 10:55:26] ############## LOADING RESOURCE BlackHole
[2019-01-02 10:55:26] ############## LOADING RESOURCE Debris00
[2019-01-02 10:55:26] ############## LOADING RESOURCE Tube
[2019-01-02 10:55:26] ############## LOADING RESOURCE CameraDrone
[2019-01-02 10:55:26] ############## LOADING RESOURCE PowerSupplyBeam
[2019-01-02 10:55:26] ############## LOADING RESOURCE BuildInhibitor
[2019-01-02 10:55:26] ############## LOADING RESOURCE HealingBeam
[2019-01-02 10:55:26] ############## LOADING RESOURCE Fabricator
[2019-01-02 10:55:26] ############## LOADING RESOURCE Pistol
[2019-01-02 10:55:26] ############## LOADING RESOURCE Torch
[2019-01-02 10:55:26] ############## LOADING RESOURCE Helmet
[2019-01-02 10:55:26] ############## LOADING RESOURCE MarkerBeam
[2019-01-02 10:55:26] ############## LOADING RESOURCE GrappleBeam
[2019-01-02 10:55:26] ############## LOADING RESOURCE MineTypeA
[2019-01-02 10:55:26] [UTIL] native buffer fetch took 107 ms; invoked GC: true; new size 5616; index: 8
[2019-01-02 10:55:26] [UTIL] native buffer fetch took 60 ms; invoked GC: true; new size 3744; index: 9
[2019-01-02 10:55:26] ############## LOADING RESOURCE MineTypeA-Active
[2019-01-02 10:55:26] [UTIL] native buffer fetch took 77 ms; invoked GC: true; new size 16848; index: 8
[2019-01-02 10:55:26] [UTIL] native buffer fetch took 32 ms; invoked GC: true; new size 11232; index: 9
[2019-01-02 10:55:26] ############## LOADING RESOURCE MineTypeA-LOD-Medium
[2019-01-02 10:55:26] ############## LOADING RESOURCE MineTypeA-LOD-Medium-Active
[2019-01-02 10:55:26] ############## LOADING RESOURCE MineTypeA-LOD-Far
[2019-01-02 10:55:26] ############## LOADING RESOURCE MineTypeA-LOD-Far-Active
[2019-01-02 10:55:26] ############## LOADING RESOURCE MineTypeB
[2019-01-02 10:55:26] ############## LOADING RESOURCE MineTypeB-Active
[2019-01-02 10:55:26] ############## LOADING RESOURCE MineTypeB-LOD-Medium
[2019-01-02 10:55:26] ############## LOADING RESOURCE MineTypeB-LOD-Medium-Active
[2019-01-02 10:55:26] ############## LOADING RESOURCE MineTypeB-LOD-Far
[2019-01-02 10:55:26] ############## LOADING RESOURCE MineTypeB-LOD-Far-Active
[2019-01-02 10:55:26] ############## LOADING RESOURCE MineTypeC
[2019-01-02 10:55:26] ############## LOADING RESOURCE MineTypeC-Active
[2019-01-02 10:55:26] ############## LOADING RESOURCE MineTypeC-LOD-Medium
[2019-01-02 10:55:26] ############## LOADING RESOURCE MineTypeC-LOD-Medium-Active
[2019-01-02 10:55:26] ############## LOADING RESOURCE MineTypeC-LOD-Far
[2019-01-02 10:55:26] ############## LOADING RESOURCE MineTypeC-LOD-Far-Active
[2019-01-02 10:55:26] ############## LOADING RESOURCE Grate
[2019-01-02 10:55:26] ############## LOADING RESOURCE GrateCorner
[2019-01-02 10:55:26] ############## LOADING RESOURCE GrateSlope
[2019-01-02 10:55:26] ############## LOADING RESOURCE GrateWedge
[2019-01-02 10:55:26] ############## LOADING RESOURCE MetalBar
[2019-01-02 10:55:26] ############## LOADING RESOURCE MetalCorner
[2019-01-02 10:55:26] ############## LOADING RESOURCE MushroomLod
[2019-01-02 10:55:26] ############## LOADING RESOURCE ParseenCapsule
[2019-01-02 10:55:26] ############## LOADING RESOURCE Pipe
[2019-01-02 10:55:26] ############## LOADING RESOURCE PipeCross
[2019-01-02 10:55:26] ############## LOADING RESOURCE PipeElbow
[2019-01-02 10:55:26] ############## LOADING RESOURCE PipeTee
[2019-01-02 10:55:26] ############## LOADING RESOURCE SmallActivatorActive
[2019-01-02 10:55:26] ############## LOADING RESOURCE SmallActivatorInactive
[2019-01-02 10:55:26] ############## LOADING RESOURCE SmallButtonActive
[2019-01-02 10:55:26] ############## LOADING RESOURCE SmallButtonInactive
[2019-01-02 10:55:26] ############## LOADING RESOURCE BlackPaint
[2019-01-02 10:55:26] ############## LOADING RESOURCE BluePaint
[2019-01-02 10:55:26] ############## LOADING RESOURCE BrownPaint
[2019-01-02 10:55:26] ############## LOADING RESOURCE GreenPaint
[2019-01-02 10:55:26] ############## LOADING RESOURCE OrangePaint
[2019-01-02 10:55:26] ############## LOADING RESOURCE PurplePaint
[2019-01-02 10:55:26] ############## LOADING RESOURCE RedPaint
[2019-01-02 10:55:26] ############## LOADING RESOURCE YellowPaint
[2019-01-02 10:55:26] ############## LOADING RESOURCE WhitePaint
[2019-01-02 10:55:26] ############## LOADING RESOURCE AdvancedHardener
[2019-01-02 10:55:26] ############## LOADING RESOURCE BastynCapsule
[2019-01-02 10:55:26] ############## LOADING RESOURCE ChabazCapsule
[2019-01-02 10:55:26] ############## LOADING RESOURCE CinnabarCapsule
[2019-01-02 10:55:26] ############## LOADING RESOURCE DolomCapsule
[2019-01-02 10:55:26] ############## LOADING RESOURCE FertikeenCapsule
[2019-01-02 10:55:26] ############## LOADING RESOURCE HattelCapsule
[2019-01-02 10:55:26] ############## LOADING RESOURCE HylatCapsule
[2019-01-02 10:55:26] ############## LOADING RESOURCE JisperCapsule
[2019-01-02 10:55:26] ############## LOADING RESOURCE LarimarCapsule
[2019-01-02 10:55:26] ############## LOADING RESOURCE LukrahCapsule
[2019-01-02 10:55:26] ############## LOADING RESOURCE MacetCapsule
[2019-01-02 10:55:26] ############## LOADING RESOURCE MattiseCapsule
[2019-01-02 10:55:26] ############## LOADING RESOURCE NocxCapsule
[2019-01-02 10:55:26] ############## LOADING RESOURCE RammetCapsule
[2019-01-02 10:55:26] ############## LOADING RESOURCE SapsunCapsule
[2019-01-02 10:55:26] ############## LOADING RESOURCE SertiseCapsule
[2019-01-02 10:55:26] ############## LOADING RESOURCE SintyrCapsule
[2019-01-02 10:55:26] ############## LOADING RESOURCE StandardHardener
[2019-01-02 10:55:26] ############## LOADING RESOURCE SugilCapsule
[2019-01-02 10:55:26] ############## LOADING RESOURCE TektCapsule
[2019-01-02 10:55:26] ############## LOADING RESOURCE ThrensCapsule
[2019-01-02 10:55:26] ############## LOADING RESOURCE VaratCapsule
[2019-01-02 10:55:26] ############## LOADING RESOURCE VarisCapsule
[2019-01-02 10:55:26] ############## LOADING RESOURCE ZercanerCapsule
[2019-01-02 10:55:26] ############## LOADING RESOURCE BlueConsole
[2019-01-02 10:55:26] ############## LOADING RESOURCE BlueConsoleInnerCorner
[2019-01-02 10:55:26] ############## LOADING RESOURCE BlueConsoleOuterCorner
[2019-01-02 10:55:26] ############## LOADING RESOURCE GreenConsoleInnerCorner
[2019-01-02 10:55:26] ############## LOADING RESOURCE GreenConsole
[2019-01-02 10:55:26] ############## LOADING RESOURCE GreenConsoleOuterCorner
[2019-01-02 10:55:26] ############## LOADING RESOURCE OrangeConsole
[2019-01-02 10:55:26] ############## LOADING RESOURCE OrangeConsoleInnerCorner
[2019-01-02 10:55:26] ############## LOADING RESOURCE OrangeConsoleOuterCorner
[2019-01-02 10:55:26] ############## LOADING RESOURCE RedConsole
[2019-01-02 10:55:26] ############## LOADING RESOURCE RedConsoleInnerCorner
[2019-01-02 10:55:26] ############## LOADING RESOURCE RedConsoleOuterCorner
[2019-01-02 10:55:26] ############## LOADING RESOURCE BeaconLightBar
[2019-01-02 10:55:26] ############## LOADING RESOURCE BeaconLightCorner
[2019-01-02 10:55:26] ############## LOADING RESOURCE BlackLightBar
[2019-01-02 10:55:26] ############## LOADING RESOURCE BlackLightCorner
[2019-01-02 10:55:26] ############## LOADING RESOURCE BlueLightBar
[2019-01-02 10:55:26] ############## LOADING RESOURCE BlueLightCorner
[2019-01-02 10:55:26] ############## LOADING RESOURCE GreenLightBar
[2019-01-02 10:55:26] ############## LOADING RESOURCE GreenLightCorner
[2019-01-02 10:55:26] ############## LOADING RESOURCE OrangeLightBar
[2019-01-02 10:55:26] ############## LOADING RESOURCE OrangeLightCorner
[2019-01-02 10:55:26] ############## LOADING RESOURCE PinkLightBar
[2019-01-02 10:55:26] ############## LOADING RESOURCE PinkLightCorner
[2019-01-02 10:55:26] ############## LOADING RESOURCE PurpleLightBar
[2019-01-02 10:55:26] ############## LOADING RESOURCE PurpleLightCorner
[2019-01-02 10:55:26] ############## LOADING RESOURCE RedLightBar
[2019-01-02 10:55:26] ############## LOADING RESOURCE RedLightCorner
[2019-01-02 10:55:26] ############## LOADING RESOURCE TealLightBar
[2019-01-02 10:55:26] ############## LOADING RESOURCE TealLightCorner
[2019-01-02 10:55:26] ############## LOADING RESOURCE YellowLightBar
[2019-01-02 10:55:26] ############## LOADING RESOURCE WhiteLightBar
[2019-01-02 10:55:26] ############## LOADING RESOURCE WhiteLightCorner
[2019-01-02 10:55:26] ############## LOADING RESOURCE YellowLightCorner
[2019-01-02 10:55:26] ############## LOADING RESOURCE BeaconLightRod
[2019-01-02 10:55:26] ############## LOADING RESOURCE BlackLightRod
[2019-01-02 10:55:26] ############## LOADING RESOURCE BlueLightRod
[2019-01-02 10:55:26] ############## LOADING RESOURCE GreenLightRod
[2019-01-02 10:55:26] ############## LOADING RESOURCE OrangeLightRod
[2019-01-02 10:55:26] ############## LOADING RESOURCE PinkLightRod
[2019-01-02 10:55:26] ############## LOADING RESOURCE PurpleLightRod
[2019-01-02 10:55:26] ############## LOADING RESOURCE RedLightRod
[2019-01-02 10:55:26] ############## LOADING RESOURCE TealLightRod
[2019-01-02 10:55:26] ############## LOADING RESOURCE YellowLightRod
[2019-01-02 10:55:26] ############## LOADING RESOURCE WhiteLightRod
[2019-01-02 10:55:26] ############## LOADING RESOURCE CollisionBar
[2019-01-02 10:55:26] ############## LOADING RESOURCE CollisionBarCorner
[2019-01-02 10:55:26] ############## LOADING RESOURCE CollisionCapsule
[2019-01-02 10:55:26] ############## LOADING RESOURCE CollisionConsole
[2019-01-02 10:55:27] [UTIL] native buffer fetch took 69 ms; invoked GC: true; new size 432; index: 15
[2019-01-02 10:55:27] [UTIL] native buffer fetch took 28 ms; invoked GC: true; new size 432; index: 16
[2019-01-02 10:55:27] [UTIL] native buffer fetch took 27 ms; invoked GC: true; new size 432; index: 17
[2019-01-02 10:55:27] [UTIL] native buffer fetch took 28 ms; invoked GC: true; new size 432; index: 18
[2019-01-02 10:55:27] [UTIL] native buffer fetch took 28 ms; invoked GC: true; new size 288; index: 19
[2019-01-02 10:55:27] ############## LOADING RESOURCE CollisionConsoleInnerCorner
[2019-01-02 10:55:27] [UTIL] native buffer fetch took 26 ms; invoked GC: true; new size 144; index: 20
[2019-01-02 10:55:27] [UTIL] native buffer fetch took 27 ms; invoked GC: true; new size 144; index: 24
[2019-01-02 10:55:27] [UTIL] native buffer fetch took 28 ms; invoked GC: true; new size 432; index: 25
[2019-01-02 10:55:27] [UTIL] native buffer fetch took 32 ms; invoked GC: true; new size 432; index: 26
[2019-01-02 10:55:27] [UTIL] native buffer fetch took 28 ms; invoked GC: true; new size 432; index: 27
[2019-01-02 10:55:27] [UTIL] native buffer fetch took 29 ms; invoked GC: true; new size 432; index: 28
[2019-01-02 10:55:27] ############## LOADING RESOURCE CollisionConsoleOuterCorner
[2019-01-02 10:55:27] ############## LOADING RESOURCE CollisionGrate
[2019-01-02 10:55:27] [UTIL] native buffer fetch took 61 ms; invoked GC: true; new size 432; index: 35
[2019-01-02 10:55:27] [UTIL] native buffer fetch took 29 ms; invoked GC: true; new size 432; index: 36
[2019-01-02 10:55:27] ############## LOADING RESOURCE CollisionGrateCorner
[2019-01-02 10:55:27] ############## LOADING RESOURCE CollisionGrateSlope
[2019-01-02 10:55:27] ############## LOADING RESOURCE CollisionGrateWedge
[2019-01-02 10:55:27] ############## LOADING RESOURCE CollisionPipe
[2019-01-02 10:55:27] ############## LOADING RESOURCE CollisionPipeCross
[2019-01-02 10:55:27] ############## LOADING RESOURCE CollisionPipeElbow
[2019-01-02 10:55:27] ############## LOADING RESOURCE CollisionPipeTee
[2019-01-02 10:55:27] ############## LOADING RESOURCE CollisionRod
[2019-01-02 10:55:27] ############## LOADING RESOURCE CollisionSmallButton
[2019-01-02 10:55:27] ############## LOADING RESOURCE Konata
[2019-01-02 10:55:27] ############## LOADING RESOURCE PlayerMdl
[2019-01-02 10:55:27] ############## LOADING RESOURCE HoppyLegs
[2019-01-02 10:55:27] ############## LOADING RESOURCE HoppyBody
[2019-01-02 10:55:27] ############## LOADING RESOURCE LegsArag
[2019-01-02 10:55:27] ############## LOADING RESOURCE TorsoShell
[2019-01-02 10:55:27] ############## LOADING RESOURCE ElementDataInitialization
[2019-01-02 10:55:27] [SERVER] initializing 
[2019-01-02 10:55:27] java.lang.Exception: Server Shutdown: false
[2019-01-02 10:55:27] 	at org.schema.schine.network.server.ServerState.setShutdown(SourceFile:291)
[2019-01-02 10:55:27] 	at obfuscated.aqv.run(SourceFile:1611)
[2019-01-02 10:55:27] 	at java.lang.Thread.run(Thread.java:748)
[2019-01-02 10:55:27] java.lang.Exception: Server created: true
[2019-01-02 10:55:27] 	at org.schema.schine.network.server.ServerState.setCreated(SourceFile:299)
[2019-01-02 10:55:27] 	at org.schema.schine.network.server.ServerState.<init>(SourceFile:51)
[2019-01-02 10:55:27] 	at obfuscated.bcF.<init>(SourceFile:300)
[2019-01-02 10:55:27] 	at obfuscated.aqv.run(SourceFile:1613)
[2019-01-02 10:55:27] 	at java.lang.Thread.run(Thread.java:748)
[2019-01-02 10:55:27] [SERVER] Server State Created!
[2019-01-02 10:55:28] [INIT] Seed File: /home/starmade/starmade/StarMade/./server-database/world0/.seed
[2019-01-02 10:55:28] [SQL] Fetching connection (may take some if game crashed on the run before)
[2019-01-02 10:55:28] [SQL] connection successfull
[2019-01-02 10:55:28] [FLEETABLE] Migration check: VARBINARY
[2019-01-02 10:55:28] [DATABASE] ENTITIES UID SIZE: 128
[2019-01-02 10:55:28] [DATABASE] FTL UID SIZE: 128
[2019-01-02 10:55:28] [DATABASE] SYSTEMS UID SIZE: 128
[2019-01-02 10:55:28] Server(0) Reading CHAT CHANNEL ROUTER /home/starmade/starmade/StarMade/./server-database/world0/chatchannels.tag
[2019-01-02 10:55:28] [MINE] IDGEN = 181
[2019-01-02 10:55:28] [SERVER] Request Thread pool size is: 10
[2019-01-02 10:55:28] EXPLOSION DATA: aggregation data: dim size: 128; total Memory used: 4 MB; max memory: 21.3 GB
[2019-01-02 10:55:29] [EXPLOSION] DATA: ray info data: dim size: 16; total instances used: 4096
[2019-01-02 10:55:29] [EXPLOSION] Array init took 0 ms
[2019-01-02 10:55:29] [EXPLOSION] 'Ray' File read took 1ms
[2019-01-02 10:55:29] [EXPLOSION] DATA: sizeOrder size: 10485760 -> 40 MB
[2019-01-02 10:55:29] [EXPLOSION] 'Order' File read took 45 ms
[2019-01-02 10:55:29] [SERVER] port 4242 is open
[2019-01-02 10:55:29] [SERVER] USING TCP... 
[2019-01-02 10:55:29] [SERVER][NPCFACTIONS] Using Faction Config File /home/starmade/starmade/StarMade/./server-database/world0/npcFactions/Scavengers/npcConfig.xml
[2019-01-02 10:55:29] [SERVER] ###### READING ALL BLUEPRINTS!
[2019-01-02 10:55:29] [SERVER] ###### READING ALL 19 BLUEPRINTS FINISHED! TOOK 4ms
[2019-01-02 10:55:29] [SERVER][NPCFACTIONS] Using Faction Config File /home/starmade/starmade/StarMade/./server-database/world0/npcFactions/Trading Guild/npcConfig.xml
[2019-01-02 10:55:29] [SERVER] ###### READING ALL BLUEPRINTS!
[2019-01-02 10:55:29] [SERVER] ###### READING ALL 14 BLUEPRINTS FINISHED! TOOK 10ms
[2019-01-02 10:55:29] [SERVER][NPCFACTIONS] Using Faction Config File /home/starmade/starmade/StarMade/./server-database/world0/npcFactions/Outcasts/npcConfig.xml
[2019-01-02 10:55:29] [SERVER] ###### READING ALL BLUEPRINTS!
[2019-01-02 10:55:29] [SERVER] ###### READING ALL 13 BLUEPRINTS FINISHED! TOOK 4ms
[2019-01-02 10:55:29] [SERVER][FACTION][NPC] laoding diplomacy from tag. Entries; 51
[2019-01-02 10:55:29] [SERVER][FACTION] LOADED NPC INV: Faction [id=-9999999, name=Outcasts, description=The Outcasts is a loose organization comprised of many different alien species. The harshness of space has left these people without a home, and so they rely on each to survive. The Outcasts are not particularly strong, but treat outsiders with justifiable wariness. The Outcasts are spread thin across the stars and seek to avoid the attention of others., size: 0; FP: 100] Inventory: (Type8; Param -9999999; SlotCount: 180)
[2019-01-02 10:55:29] [SERVER][FACTION][NPC] laoding diplomacy from tag. Entries; 51
[2019-01-02 10:55:29] [SERVER][FACTION] LOADED NPC INV: Faction [id=-9999998, name=Scavengers, description=The Scavengers are a violent people. They care only for themselves, and are willing to do whatever it takes to achieve their goals. Space is a bleak place, and it has driven them to the extremes.Their unwillingness to work with others leaves them at a disadvantage. As a result, the Scavengers are fairly weak. They are little more than a nuisance to many other factions., size: 0; FP: 100] Inventory: (Type8; Param -9999998; SlotCount: 175)
[2019-01-02 10:55:29] [SERVER][FACTION][NPC] laoding diplomacy from tag. Entries; 52
[2019-01-02 10:55:29] [SERVER][FACTION] LOADED NPC INV: Faction [id=-10000000, name=Traders, description=The Trading Guild is a collection of large corporations. They work to better themselves primarily through trade and economics.The Trading Guild treats others with neutrality, and they hardly care who or what they sell their products to. Their wealth grants them strength, but they are a relatively peaceful faction., size: 0; FP: 100] Inventory: (Type8; Param -10000000; SlotCount: 195)
[2019-01-02 10:55:29] [SERVER][FACTION] News Statistics:
[2019-01-02 10:55:29] [SERVER][FACTION][NEWS] Faction [id=-1, name=Pirates, description=Ravaging space pirates, size: 0; FP: 100]: Amount: 1
[2019-01-02 10:55:29] [SERVER][FACTION][NEWS] Faction [id=-1007, name=Enemy Fauna Fac 7, description=An Enemy Fanua Faction, size: 0; FP: 100]: Amount: 1
[2019-01-02 10:55:29] [SERVER][FACTION][NEWS] Faction [id=-1005, name=Enemy Fauna Fac 5, description=An Enemy Fanua Faction, size: 0; FP: 100]: Amount: 1
[2019-01-02 10:55:29] [SERVER][FACTION][NEWS] Faction [id=-1002, name=Enemy Fauna Fac 2, description=An Enemy Fanua Faction, size: 0; FP: 100]: Amount: 1
[2019-01-02 10:55:29] [SERVER][FACTION][NEWS] Faction [id=-1006, name=Enemy Fauna Fac 6, description=An Enemy Fanua Faction, size: 0; FP: 100]: Amount: 1
[2019-01-02 10:55:29] [SERVER][FACTION][NEWS] Faction [id=-1001, name=Enemy Fauna Fac 1, description=An Enemy Fanua Faction, size: 0; FP: 100]: Amount: 1
[2019-01-02 10:55:29] [SERVER][FACTION][NEWS] Faction [id=-1004, name=Enemy Fauna Fac 4, description=An Enemy Fanua Faction, size: 0; FP: 100]: Amount: 1
[2019-01-02 10:55:29] [SERVER][FACTION][NEWS] Faction [id=-1003, name=Enemy Fauna Fac 3, description=An Enemy Fanua Faction, size: 0; FP: 100]: Amount: 1
[2019-01-02 10:55:29] [SERVER][FACTION][NEWS] Faction [id=10005, name=The Aethi Imperium, description=Faction name, size: 1; FP: 10745]: Amount: 1
[2019-01-02 10:55:29] [SERVER][FACTION][NEWS] Faction [id=-1000, name=Enemy Fauna Fac 0, description=An Enemy Fanua Faction, size: 0; FP: 100]: Amount: 1
[2019-01-02 10:55:29] [SERVER][FACION][TAG] loaded relation offer RelOffer[a=-9999999, b=-1002, rel=NEUTRAL]
[2019-01-02 10:55:29] [SERVER][FACION][TAG] loaded relation offer RelOffer[a=-9999998, b=-1005, rel=NEUTRAL]
[2019-01-02 10:55:29] [SERVER][FACION][TAG] loaded relation offer RelOffer[a=-10000000, b=-1004, rel=NEUTRAL]
[2019-01-02 10:55:29] [SERVER][FACION][TAG] loaded relation offer RelOffer[a=-10000000, b=-1007, rel=NEUTRAL]
[2019-01-02 10:55:29] [SERVER][FACION][TAG] loaded relation offer RelOffer[a=-10000000, b=-1005, rel=NEUTRAL]
[2019-01-02 10:55:29] [SERVER][FACION][TAG] loaded relation offer RelOffer[a=-9999999, b=-1006, rel=NEUTRAL]
[2019-01-02 10:55:29] [SERVER][FACION][TAG] loaded relation offer RelOffer[a=-9999998, b=-1007, rel=NEUTRAL]
[2019-01-02 10:55:29] [SERVER][FACION][TAG] loaded relation offer RelOffer[a=-10000000, b=-1006, rel=NEUTRAL]
[2019-01-02 10:55:29] [SERVER][FACION][TAG] loaded relation offer RelOffer[a=-9999999, b=-1, rel=NEUTRAL]
[2019-01-02 10:55:29] [SERVER][FACION][TAG] loaded relation offer RelOffer[a=-9999999, b=-1005, rel=NEUTRAL]
[2019-01-02 10:55:29] [SERVER][FACION][TAG] loaded relation offer RelOffer[a=-9999998, b=-1002, rel=NEUTRAL]
[2019-01-02 10:55:29] [SERVER][FACION][TAG] loaded relation offer RelOffer[a=-10000000, b=-1002, rel=NEUTRAL]
[2019-01-02 10:55:29] [SERVER][FACION][TAG] loaded relation offer RelOffer[a=-9999999, b=-1001, rel=NEUTRAL]
[2019-01-02 10:55:29] [SERVER][FACION][TAG] loaded relation offer RelOffer[a=-9999998, b=-1004, rel=NEUTRAL]
[2019-01-02 10:55:29] [SERVER][FACION][TAG] loaded relation offer RelOffer[a=-9999998, b=-1003, rel=NEUTRAL]
[2019-01-02 10:55:29] [SERVER][FACION][TAG] loaded relation offer RelOffer[a=-9999999, b=-1000, rel=NEUTRAL]
[2019-01-02 10:55:29] [SERVER][FACION][TAG] loaded relation offer RelOffer[a=-10000000, b=-1001, rel=NEUTRAL]
[2019-01-02 10:55:29] [SERVER][FACION][TAG] loaded relation offer RelOffer[a=-10000000, b=-1, rel=NEUTRAL]
[2019-01-02 10:55:29] [SERVER][FACION][TAG] loaded relation offer RelOffer[a=-9999998, b=-1006, rel=NEUTRAL]
[2019-01-02 10:55:29] [SERVER][FACION][TAG] loaded relation offer RelOffer[a=-9999998, b=-1001, rel=NEUTRAL]
[2019-01-02 10:55:29] [SERVER][FACION][TAG] loaded relation offer RelOffer[a=-9999999, b=-1007, rel=NEUTRAL]
[2019-01-02 10:55:29] [SERVER][FACION][TAG] loaded relation offer RelOffer[a=-9999998, b=-1, rel=NEUTRAL]
[2019-01-02 10:55:29] [SERVER][FACION][TAG] loaded relation offer RelOffer[a=-10000000, b=-1003, rel=NEUTRAL]
[2019-01-02 10:55:29] [SERVER][FACION][TAG] loaded relation offer RelOffer[a=-9999999, b=-1003, rel=NEUTRAL]
[2019-01-02 10:55:29] [SERVER][FACION][TAG] loaded relation offer RelOffer[a=-9999999, b=-1004, rel=NEUTRAL]
[2019-01-02 10:55:29] [SERVER][FACION][TAG] loaded relation offer RelOffer[a=-10000000, b=-1000, rel=NEUTRAL]
[2019-01-02 10:55:29] [SERVER][FACION][TAG] loaded relation offer RelOffer[a=-9999998, b=-1000, rel=NEUTRAL]
[2019-01-02 10:55:29] [SERVER][CATALOG] READ RAW BLUEPRINTS: 160
[2019-01-02 10:55:29] [RULES] no rules read from disk: /home/starmade/starmade/StarMade/rules.xml
[2019-01-02 10:55:29] [RULES][PROPERTIES] no properties read. File doesn't exist: /home/starmade/starmade/StarMade/server-database/world0/ruleproperties.tag; Will be created on save
[2019-01-02 10:55:29] [SIM] loading simulation group type: 0: SimulationGroup[NULL_PROGRAM]

[2019-01-02 10:55:29] [ServerListener] Server initialization OK... now waiting for connections
[2019-01-02 10:55:29] [SERVERCONTROLLER][INIT] (listenerId[0]) SERVER STARTED UPDATING
[2019-01-02 10:55:29] [SERVER] SERVER INIT FINISHED
[2019-01-02 10:55:29] [SERVER][CATALOG] Deflated Catalog from 14917 kb to 5047 kb
[2019-01-02 10:55:29] [SERVER][UPDATE] WARNING: handleQueuedSynchronizedObjects update took 68 on Server(0)
[2019-01-02 10:55:29] [RULESET] serializing all Rules and properties.
[2019-01-02 10:55:29] [NT] Big FullUpdate: 54716 bytes: SenableGameState(1)
[2019-01-02 10:55:43] [SERVERSOCKET] Connection made. starting new processor 62913, /174.58.17.168; local: 4242, /158.69.122.144, keepalive false
[2019-01-02 10:55:43] [SERVER] ListenerId[0] connection registered (TRunning: 1/0/0) 0
[2019-01-02 10:55:43] [SERVER][PROCESSOR] client setup completed for PID: 0. listening for input
[2019-01-02 10:55:43] [SERVER] This client is an info ping (server-lists): /174.58.17.168; PID: 0
[2019-01-02 10:55:43] [SERVER] SCHEDULED DISCONNECT EXECUTING
[2019-01-02 10:55:43] [SERVER] Executing scheduled disconnect!; ProcessorID: 0
[2019-01-02 10:55:43] [SERVER][DISCONNECT] Client 'Info-Pinger (server-lists)' HAS BEEN DISCONNECTED . PROBE: true; ProcessorID: 0
[2019-01-02 10:55:43] [SERVER] PROBE SUCCESSFULLY EXECUTED. STOPPING PROCESSOR. (Ping of a Starter to start server): PID 0
[2019-01-02 10:55:58] [CLIENT] Admin parameter 0: 300
[2019-01-02 10:55:58] [CLIENT] Admin parameter 1: Shutting down server..
[2019-01-02 10:55:58] [ADMIN COMMAND] START_COUNTDOWN from org.schema.schine.network.server.AdminLocalClient@4654438c params: [300, Shutting down server..]
[2019-01-02 10:55:59] [SERVER-LOCAL-ADMIN] END; broadcasted as server message: Server shutting down in 300 seconds! 
[2019-01-02 10:55:59] [ADMIN COMMAND] FORCE_SAVE from org.schema.schine.network.server.AdminLocalClient@4654438c params: []
[2019-01-02 10:55:59] [SERVER] SERVER AUTOSAVE START. Dumping server State!
[2019-01-02 10:55:59] [SERVER] WRITING ADDITIONAL ENTITIES
[2019-01-02 10:55:59] [IO][COPY] FILE FROM /home/starmade/starmade/StarMade/./server-database/world0/FACTIONS.fac to /home/starmade/starmade/StarMade/./server-database/world0/FACTIONS.fac.old
[2019-01-02 10:55:59] [SERVER] DELETING ORIGINALFILE TO REPLACE WITH NEW ONE: true; /home/starmade/starmade/StarMade/./server-database/world0/FACTIONS.fac
[2019-01-02 10:55:59] [IO][COPY] FILE FROM /home/starmade/starmade/StarMade/./server-database/world0/tmp/FACTIONS.fac.tmp to /home/starmade/starmade/StarMade/./server-database/world0/FACTIONS.fac
[2019-01-02 10:55:59] [IO][COPY] FILE FROM /home/starmade/starmade/StarMade/./server-database/world0/CATALOG.cat to /home/starmade/starmade/StarMade/./server-database/world0/CATALOG.cat.old
[2019-01-02 10:55:59] [SERVER] DELETING ORIGINALFILE TO REPLACE WITH NEW ONE: true; /home/starmade/starmade/StarMade/./server-database/world0/CATALOG.cat
[2019-01-02 10:55:59] [IO][COPY] FILE FROM /home/starmade/starmade/StarMade/./server-database/world0/tmp/CATALOG.cat.tmp to /home/starmade/starmade/StarMade/./server-database/world0/CATALOG.cat
[2019-01-02 10:55:59] [IO][COPY] FILE FROM /home/starmade/starmade/StarMade/./server-database/world0/chatchannels.tag to /home/starmade/starmade/StarMade/./server-database/world0/chatchannels.tag.old
[2019-01-02 10:55:59] [SERVER] DELETING ORIGINALFILE TO REPLACE WITH NEW ONE: true; /home/starmade/starmade/StarMade/./server-database/world0/chatchannels.tag
[2019-01-02 10:55:59] [IO][COPY] FILE FROM /home/starmade/starmade/StarMade/./server-database/world0/tmp/chatchannels.tag.tmp to /home/starmade/starmade/StarMade/./server-database/world0/chatchannels.tag
[2019-01-02 10:55:59] [IO][COPY] FILE FROM /home/starmade/starmade/StarMade/./server-database/world0/TRADING.tag to /home/starmade/starmade/StarMade/./server-database/world0/TRADING.tag.old
[2019-01-02 10:55:59] [SERVER] DELETING ORIGINALFILE TO REPLACE WITH NEW ONE: true; /home/starmade/starmade/StarMade/./server-database/world0/TRADING.tag
[2019-01-02 10:55:59] [IO][COPY] FILE FROM /home/starmade/starmade/StarMade/./server-database/world0/tmp/TRADING.tag.tmp to /home/starmade/starmade/StarMade/./server-database/world0/TRADING.tag
[2019-01-02 10:55:59] [SERVER] WRITING ADDITIONAL ENTITIES DONE
[2019-01-02 10:55:59] [SIM][TAG] WRITING GROUP SimulationGroup
->[TradingRouteSimulationProgram->WaitingTimed]
; [ENTITY_SHIP_MOB_SIM_Artillery turrent_165_0rl0, ENTITY_SHIP_MOB_SIM_Artillery turrent_165_0rl0rl00, ENTITY_SHIP_MOB_SIM_TURRENT_165_1, ENTITY_SHIP_MOB_SIM_TURRENT_165_1rl0, ENTITY_SHIP_MOB_SIM_test-turret-0_165_2, ENTITY_SHIP_MOB_SIM_test-turret-0_165_2rl0, ENTITY_SHIP_MOB_SIM_derps-wall-brick-ship-thingy_165_3]
[2019-01-02 10:55:59] [IO][COPY] FILE FROM /home/starmade/starmade/StarMade/./server-database/world0/SIMULATION_STATE.sim to /home/starmade/starmade/StarMade/./server-database/world0/SIMULATION_STATE.sim.old
[2019-01-02 10:55:59] [SERVER] DELETING ORIGINALFILE TO REPLACE WITH NEW ONE: true; /home/starmade/starmade/StarMade/./server-database/world0/SIMULATION_STATE.sim
[2019-01-02 10:55:59] [IO][COPY] FILE FROM /home/starmade/starmade/StarMade/./server-database/world0/tmp/SIMULATION_STATE.sim.tmp to /home/starmade/starmade/StarMade/./server-database/world0/SIMULATION_STATE.sim
[2019-01-02 10:55:59] [SERVER] SERVER AUTOSAVE END. ServerState saved!
[2019-01-02 10:56:42] [SERVER][UNIVERSE] LOADING SECTOR... (-3, -3, -1)
[2019-01-02 10:56:42] [DATABASE] LOADED ENTITIES: {EntityUID [uid=ENTITY_SHIP_MOB_SIM_Artillery turrent_165_0rl0, id=121983, spawnedOnlyInDb=true, type=SHIP], EntityUID [uid=ENTITY_SHIP_MOB_SIM_test-turret-0_165_2rl0, id=121988, spawnedOnlyInDb=true, type=SHIP], EntityUID [uid=ENTITY_SHIP_MOB_SIM_Artillery turrent_165_0rl0rl00, id=121984, spawnedOnlyInDb=true, type=SHIP], EntityUID [uid=ENTITY_SHIP_MOB_SIM_TURRENT_165_1rl0, id=121986, spawnedOnlyInDb=true, type=SHIP], EntityUID [uid=ENTITY_SHIP_MOB_SIM_derps-wall-brick-ship-thingy_165_3, id=121989, spawnedOnlyInDb=true, type=SHIP], EntityUID [uid=ENTITY_SHIP_MOB_SIM_TURRENT_165_1, id=121985, spawnedOnlyInDb=true, type=SHIP], EntityUID [uid=ENTITY_SHIP_MOB_SIM_test-turret-0_165_2, id=121987, spawnedOnlyInDb=true, type=SHIP]}
[2019-01-02 10:56:42] [SERVER][SECTOR] (-3, -3, -1) LOADED UIDs: ENTITY_SHIP_MOB_SIM_Artillery turrent_165_0rl0(dbId 121983); ENTITY_SHIP_MOB_SIM_Artillery turrent_165_0rl0rl00(dbId 121984); ENTITY_SHIP_MOB_SIM_test-turret-0_165_2rl0(dbId 121988); ENTITY_SHIP_MOB_SIM_TURRENT_165_1rl0(dbId 121986); ENTITY_SHIP_MOB_SIM_derps-wall-brick-ship-thingy_165_3(dbId 121989); ENTITY_SHIP_MOB_SIM_TURRENT_165_1(dbId 121985); ENTITY_SHIP_MOB_SIM_test-turret-0_165_2(dbId 121987)
[2019-01-02 10:56:42] [UNIVERSE] creation time: 150 ms
[2019-01-02 10:56:42] [SERVER][NPCFACTIONS] no previous file existed. Generating NPC factions freshly
[2019-01-02 10:56:42] [SERVER][SECTOR] Deferred loading of database spawned entity: EntityUID [uid=ENTITY_SHIP_MOB_SIM_Artillery turrent_165_0rl0, id=121983, spawnedOnlyInDb=true, type=SHIP]
[2019-01-02 10:56:42] [SERVER][SECTOR] Deferred loading of database spawned entity: EntityUID [uid=ENTITY_SHIP_MOB_SIM_Artillery turrent_165_0rl0rl00, id=121984, spawnedOnlyInDb=true, type=SHIP]
[2019-01-02 10:56:42] [SERVER][SECTOR] Deferred loading of database spawned entity: EntityUID [uid=ENTITY_SHIP_MOB_SIM_test-turret-0_165_2rl0, id=121988, spawnedOnlyInDb=true, type=SHIP]
[2019-01-02 10:56:42] [SERVER][SECTOR] Deferred loading of database spawned entity: EntityUID [uid=ENTITY_SHIP_MOB_SIM_TURRENT_165_1rl0, id=121986, spawnedOnlyInDb=true, type=SHIP]
[2019-01-02 10:56:42] [SERVER][SECTOR] Deferred loading of database spawned entity: EntityUID [uid=ENTITY_SHIP_MOB_SIM_derps-wall-brick-ship-thingy_165_3, id=121989, spawnedOnlyInDb=true, type=SHIP]
[2019-01-02 10:56:42] [SERVER][SECTOR] Deferred loading of database spawned entity: EntityUID [uid=ENTITY_SHIP_MOB_SIM_TURRENT_165_1, id=121985, spawnedOnlyInDb=true, type=SHIP]
[2019-01-02 10:56:42] [SERVER][SECTOR] Deferred loading of database spawned entity: EntityUID [uid=ENTITY_SHIP_MOB_SIM_test-turret-0_165_2, id=121987, spawnedOnlyInDb=true, type=SHIP]
[2019-01-02 10:56:42] [SERVER][UNIVERSE] WARNING: LOADING SECTOR TOOK SOME TIME... (-3, -3, -1): STATS: inst 84ms, loadDB 1ms, add 158ms, entity 5ms
[2019-01-02 10:56:42] [SERVER][TERRAIN_STRUCTURE] Reading config...
[2019-01-02 10:56:42] [TERRAIN_STRUCTURE] Could not read terrain structure config file, using defaults
[2019-01-02 10:56:42] [SERVER][TERRAIN_STRUCTURE] Writing config...
[2019-01-02 10:56:42] [TERRAIN_STRUCTURE] Could not write terrain structure config file
[2019-01-02 10:56:42] java.io.FileNotFoundException: ./blueprints-terrain/config.cfg (No such file or directory)
[2019-01-02 10:56:42] 	at java.io.FileOutputStream.open0(Native Method)
[2019-01-02 10:56:42] 	at java.io.FileOutputStream.open(FileOutputStream.java:270)
[2019-01-02 10:56:42] 	at java.io.FileOutputStream.<init>(FileOutputStream.java:213)
[2019-01-02 10:56:42] 	at java.io.FileOutputStream.<init>(FileOutputStream.java:162)
[2019-01-02 10:56:42] 	at java.io.PrintWriter.<init>(PrintWriter.java:263)
[2019-01-02 10:56:42] 	at obfuscated.baV.a(SourceFile:132)
[2019-01-02 10:56:42] 	at obfuscated.aZM.<init>(SourceFile:49)
[2019-01-02 10:56:42] 	at obfuscated.asg.<init>(SourceFile:302)
[2019-01-02 10:56:42] 	at obfuscated.asx.<init>(SourceFile:169)
[2019-01-02 10:56:42] 	at org.schema.game.common.controller.EditableSendableSegmentController.<init>(SourceFile:115)
[2019-01-02 10:56:42] 	at obfuscated.arD.<init>(SourceFile:87)
[2019-01-02 10:56:42] 	at obfuscated.asK.<init>(SourceFile:108)
[2019-01-02 10:56:42] 	at org.schema.game.common.data.world.Universe.loadEntity(SourceFile:364)
[2019-01-02 10:56:42] 	at obfuscated.aMN.a(SourceFile:1524)
[2019-01-02 10:56:42] 	at obfuscated.aMN.a(SourceFile:1491)
[2019-01-02 10:56:42] 	at org.schema.game.common.data.world.Universe.update(SourceFile:1178)
[2019-01-02 10:56:42] 	at org.schema.game.server.controller.GameServerController.update(SourceFile:1318)
[2019-01-02 10:56:42] 	at org.schema.schine.network.server.ServerController.run(SourceFile:275)
[2019-01-02 10:56:42] 	at java.lang.Thread.run(Thread.java:748)
[2019-01-02 10:56:42] [TERRAIN_STRUCTURE] Multi blueprint structure "GenericTree/genericTree" found 0 blueprints
[2019-01-02 10:56:42] [TERRAIN_STRUCTURE] Multi blueprint structure "EarthOak/earthOak" found 0 blueprints
[2019-01-02 10:56:42] [TERRAIN_STRUCTURE] Multi blueprint structure "DeadTreeGeneric/deadTree" found 0 blueprints
[2019-01-02 10:56:42] [TERRAIN_STRUCTURE] Multi blueprint structure "DeadOak/deadOak" found 0 blueprints
[2019-01-02 10:56:42] [TERRAIN_STRUCTURE] Building terrain structure blueprint: bigTree/tree
[2019-01-02 10:56:42] [TERRAIN_STRUCTURE] NO FILE: /home/starmade/starmade/StarMade/blueprints-terrain/bigTree/tree.smd3
[2019-01-02 10:56:42] [TERRAIN_STRUCTURE] Building terrain structure blueprint: bpTest/bpTest
[2019-01-02 10:56:42] [TERRAIN_STRUCTURE] NO FILE: /home/starmade/starmade/StarMade/blueprints-terrain/bpTest/bpTest.smd3
[2019-01-02 10:56:42] [TERRAIN_STRUCTURE] Building terrain structure blueprint: TownTest/TownTest
[2019-01-02 10:56:42] [TERRAIN_STRUCTURE] NO FILE: /home/starmade/starmade/StarMade/blueprints-terrain/TownTest/TownTest.smd3
[2019-01-02 10:56:42] [TERRAIN_STRUCTURE] Multi blueprint structure "EarthOak/oak" found 0 blueprints
[2019-01-02 10:56:42] NM: UnitCalcStyle
[2019-01-02 10:56:42] NM: ReactorLevelCalcStyle
[2019-01-02 10:56:42] NM: UnitCalcStyle
[2019-01-02 10:56:42] NM: UnitCalcStyle
[2019-01-02 10:56:42] NM: MissileCapacityElementManager$MissileCapacityReloadMode
[2019-01-02 10:56:42] NM: UnitCalcStyle
[2019-01-02 10:56:42] NM: UnitCalcStyle
[2019-01-02 10:56:42] [SERVER][RAIL] Ship[Artillery turrent 165-0](3) Expected to dock {}
[2019-01-02 10:56:42] [SERVER][SECTOR][LOADING_ENTITY] WARNING: Sector[2](-3, -3, -1) loading entity: ENTITY_SHIP_MOB_SIM_Artillery turrent_165_0rl0 took long: 182ms
[2019-01-02 10:56:42] [SERVER][RAIL] loaded rail relation from tag: (ConnectRequest): [UNLOADED: ENTITY_SHIP_MOB_SIM_Artillery turrent_165_0rl0rl00 (21, 16, 13) Rail Docker(663)] -> [UNLOADED: ENTITY_SHIP_MOB_SIM_Artillery turrent_165_0rl0 (22, 20, 16) Rail Turret Axis(665)]
[2019-01-02 10:56:42] [SERVER][RAIL] Ship[MOB_SIM_Artillery turrent_165_0rl0rl00](4) Expected to dock {}
[2019-01-02 10:56:42] [SERVER][RAIL] loaded rail relation from tag: (ConnectRequest): [UNLOADED: ENTITY_SHIP_MOB_SIM_test-turret-0_165_2rl0 (16, 16, 17) Rail Docker(663)] -> [UNLOADED: ENTITY_SHIP_MOB_SIM_test-turret-0_165_2 (17, 25, 16) Rail Turret Axis(665)]
[2019-01-02 10:56:42] [SERVER][RAIL] Ship[MOB_SIM_test-turret-0_165_2rl0](5) Expected to dock {}
[2019-01-02 10:56:42] [SERVER][RAIL] loaded rail relation from tag: (ConnectRequest): [UNLOADED: ENTITY_SHIP_MOB_SIM_TURRENT_165_1rl0 (21, 16, 13) Rail Docker(663)] -> [UNLOADED: ENTITY_SHIP_MOB_SIM_TURRENT_165_1 (22, 20, 16) Rail Turret Axis(665)]
[2019-01-02 10:56:42] [SERVER][RAIL] Ship[MOB_SIM_TURRENT_165_1rl0](6) Expected to dock {}
[2019-01-02 10:56:42] [SERVER][RAIL] Ship[derps-wall-brick-ship-thingy 165-3](7) Expected to dock {}
[2019-01-02 10:56:42] [SERVER][RAIL] Ship[TURRENT 165-1](8) Expected to dock {}
[2019-01-02 10:56:42] [SERVER][RAIL] Ship[test-turret-0 165-2](9) Expected to dock {}
[2019-01-02 10:56:42] [SERVER][UPDATE] WARNING: UNIVERSE update took 198
[2019-01-02 10:56:42] [SERVER][SHIP] Collision Avoidance for: Ship[Artillery turrent 165-0](3): (0, -8150, -7990)
[2019-01-02 10:56:42] [SERVER][SHIP] Collision Avoidance for: Ship[MOB_SIM_Artillery turrent_165_0rl0rl00](4): (-540, -8480, -8290)
[2019-01-02 10:56:42] [SERVER][SHIP] Collision Avoidance for: Ship[MOB_SIM_test-turret-0_165_2rl0](5): (300, -7850, -7430)
[2019-01-02 10:56:42] [SERVER][SHIP] Collision Avoidance for: Ship[MOB_SIM_TURRENT_165_1rl0](6): (-1170, -7970, -8940)
[2019-01-02 10:56:42] [SERVER][SHIP] Collision Avoidance for: Ship[derps-wall-brick-ship-thingy 165-3](7): (-390, -8090, -7450)
[2019-01-02 10:56:42] [SERVER][SHIP] Collision Avoidance for: Ship[TURRENT 165-1](8): (-1020, -8090, -8250)
[2019-01-02 10:56:42] [SERVER][SHIP] Collision Avoidance for: Ship[test-turret-0 165-2](9): (-210, -7580, -7550)
[2019-01-02 10:56:42] [SERVER][UPDATE] WARNING: handleQueuedSynchronizedObjects update took 18 on Server(0)
[2019-01-02 10:56:42] GET GLOBAL RULES {}; 0
[2019-01-02 10:56:42] Server(0); Ship[test-turret-0 165-2](9) ON RULE CHANGED: []
[2019-01-02 10:56:42] Server(0) Ship[test-turret-0 165-2](9) [ONRULECHANGE] INDIVIDUAL RULES 0; MAP: {}
[2019-01-02 10:56:42] Server(0) Ship[test-turret-0 165-2](9) [ONRULECHANGE] RESULT: TOTAL: 0; globalSets: 0; individualSets: 0;
[2019-01-02 10:56:42] CHEKCING ALL RULES FOR SERVER
[2019-01-02 10:56:42] GET GLOBAL RULES {}; 0
[2019-01-02 10:56:42] Server(0); Ship[MOB_SIM_test-turret-0_165_2rl0](5) ON RULE CHANGED: []
[2019-01-02 10:56:42] Server(0) Ship[MOB_SIM_test-turret-0_165_2rl0](5) [ONRULECHANGE] INDIVIDUAL RULES 0; MAP: {}
[2019-01-02 10:56:42] Server(0) Ship[MOB_SIM_test-turret-0_165_2rl0](5) [ONRULECHANGE] RESULT: TOTAL: 0; globalSets: 0; individualSets: 0;
[2019-01-02 10:56:42] CHEKCING ALL RULES FOR SERVER
[2019-01-02 10:56:42] GET GLOBAL RULES {}; 0
[2019-01-02 10:56:42] Server(0); Ship[TURRENT 165-1](8) ON RULE CHANGED: []
[2019-01-02 10:56:42] Server(0) Ship[TURRENT 165-1](8) [ONRULECHANGE] INDIVIDUAL RULES 0; MAP: {}
[2019-01-02 10:56:42] Server(0) Ship[TURRENT 165-1](8) [ONRULECHANGE] RESULT: TOTAL: 0; globalSets: 0; individualSets: 0;
[2019-01-02 10:56:42] CHEKCING ALL RULES FOR SERVER
[2019-01-02 10:56:42] GET GLOBAL RULES {}; 0
[2019-01-02 10:56:42] Server(0); Ship[MOB_SIM_TURRENT_165_1rl0](6) ON RULE CHANGED: []
[2019-01-02 10:56:42] Server(0) Ship[MOB_SIM_TURRENT_165_1rl0](6) [ONRULECHANGE] INDIVIDUAL RULES 0; MAP: {}
[2019-01-02 10:56:42] Server(0) Ship[MOB_SIM_TURRENT_165_1rl0](6) [ONRULECHANGE] RESULT: TOTAL: 0; globalSets: 0; individualSets: 0;
[2019-01-02 10:56:42] CHEKCING ALL RULES FOR SERVER
[2019-01-02 10:56:42] GET GLOBAL RULES {}; 0
[2019-01-02 10:56:42] Server(0); Ship[Artillery turrent 165-0](3) ON RULE CHANGED: []
[2019-01-02 10:56:42] Server(0) Ship[Artillery turrent 165-0](3) [ONRULECHANGE] INDIVIDUAL RULES 0; MAP: {}
[2019-01-02 10:56:42] Server(0) Ship[Artillery turrent 165-0](3) [ONRULECHANGE] RESULT: TOTAL: 0; globalSets: 0; individualSets: 0;
[2019-01-02 10:56:42] CHEKCING ALL RULES FOR SERVER
[2019-01-02 10:56:42] GET GLOBAL RULES {}; 0
[2019-01-02 10:56:42] Server(0); Ship[MOB_SIM_Artillery turrent_165_0rl0rl00](4) ON RULE CHANGED: []
[2019-01-02 10:56:42] Server(0) Ship[MOB_SIM_Artillery turrent_165_0rl0rl00](4) [ONRULECHANGE] INDIVIDUAL RULES 0; MAP: {}
[2019-01-02 10:56:42] Server(0) Ship[MOB_SIM_Artillery turrent_165_0rl0rl00](4) [ONRULECHANGE] RESULT: TOTAL: 0; globalSets: 0; individualSets: 0;
[2019-01-02 10:56:42] CHEKCING ALL RULES FOR SERVER
[2019-01-02 10:56:42] GET GLOBAL RULES {}; 0
[2019-01-02 10:56:42] Server(0); Ship[derps-wall-brick-ship-thingy 165-3](7) ON RULE CHANGED: []
[2019-01-02 10:56:42] Server(0) Ship[derps-wall-brick-ship-thingy 165-3](7) [ONRULECHANGE] INDIVIDUAL RULES 0; MAP: {}
[2019-01-02 10:56:42] Server(0) Ship[derps-wall-brick-ship-thingy 165-3](7) [ONRULECHANGE] RESULT: TOTAL: 0; globalSets: 0; individualSets: 0;
[2019-01-02 10:56:42] CHEKCING ALL RULES FOR SERVER
[2019-01-02 10:56:42] [SECTORSWITCH] Not changing sector for object with pending rail request: Ship[TURRENT 165-1](8)
[2019-01-02 10:56:42] [SECTORSWITCH] Not changing sector for object with pending rail request: Ship[MOB_SIM_TURRENT_165_1rl0](6)
[2019-01-02 10:56:42] [SECTORSWITCH] Not changing sector for object with pending rail request: Ship[MOB_SIM_Artillery turrent_165_0rl0rl00](4)
[2019-01-02 10:56:46] [SIM][AI] RETURNING HOME TO (45, 45, 42)
[2019-01-02 10:56:46] [SERVER][UNIVERSE] LOADING SECTOR... (-3, -3, -2)
[2019-01-02 10:56:46] [SERVER][SECTOR] (-3, -3, -2) LOADED UIDs: 
[2019-01-02 10:56:46] [SECTOR] NEW SECTOR IS PROTECTED FROM SPAWNING ANY ENEMIES
[2019-01-02 10:56:48] [HP][SAVE] saved Ship[TURRENT 165-1](8); Reactors: true; HP: long 0/0; int 0/0; using long false
[2019-01-02 10:56:48] [IO][COPY] FILE FROM /home/starmade/starmade/StarMade/./server-database/world0/ENTITY_SHIP_MOB_SIM_TURRENT_165_1.ent to /home/starmade/starmade/StarMade/./server-database/world0/ENTITY_SHIP_MOB_SIM_TURRENT_165_1.ent.old
[2019-01-02 10:56:48] [SERVER] DELETING ORIGINALFILE TO REPLACE WITH NEW ONE: true; /home/starmade/starmade/StarMade/./server-database/world0/ENTITY_SHIP_MOB_SIM_TURRENT_165_1.ent
[2019-01-02 10:56:48] [IO][COPY] FILE FROM /home/starmade/starmade/StarMade/./server-database/world0/tmp/ENTITY_SHIP_MOB_SIM_TURRENT_165_1.ent.tmp to /home/starmade/starmade/StarMade/./server-database/world0/ENTITY_SHIP_MOB_SIM_TURRENT_165_1.ent
[2019-01-02 10:56:48] [SERVER][DEBUG] WRITTEN Ship[TURRENT 165-1](8); lastWrite 0; written segments: 0
[2019-01-02 10:56:48] [HP][SAVE] saved Ship[MOB_SIM_TURRENT_165_1rl0](6); Reactors: true; HP: long 0/0; int 0/0; using long false
[2019-01-02 10:56:48] [IO][COPY] FILE FROM /home/starmade/starmade/StarMade/./server-database/world0/ENTITY_SHIP_MOB_SIM_TURRENT_165_1rl0.ent to /home/starmade/starmade/StarMade/./server-database/world0/ENTITY_SHIP_MOB_SIM_TURRENT_165_1rl0.ent.old
[2019-01-02 10:56:48] [SERVER] DELETING ORIGINALFILE TO REPLACE WITH NEW ONE: true; /home/starmade/starmade/StarMade/./server-database/world0/ENTITY_SHIP_MOB_SIM_TURRENT_165_1rl0.ent
[2019-01-02 10:56:48] [IO][COPY] FILE FROM /home/starmade/starmade/StarMade/./server-database/world0/tmp/ENTITY_SHIP_MOB_SIM_TURRENT_165_1rl0.ent.tmp to /home/starmade/starmade/StarMade/./server-database/world0/ENTITY_SHIP_MOB_SIM_TURRENT_165_1rl0.ent
[2019-01-02 10:56:48] [SERVER][DEBUG] WRITTEN Ship[MOB_SIM_TURRENT_165_1rl0](6); lastWrite 0; written segments: 0
[2019-01-02 10:56:58] [SECTOR][CLEANUP] removing entities and Sector[11](-3, -3, -2): Sector[11](-3, -3, -2); Sector[11](-3, -3, -2)
[2019-01-02 10:56:58] [SERVER] waiting for sector Sector[11](-3, -3, -2) entities to be cleaned up [Ship[TURRENT 165-1](8), Ship[MOB_SIM_TURRENT_165_1rl0](6)]
[2019-01-02 10:56:58] [UNIVERSE] WARNING SECTOR CLEANUP TIME: 7; QUEUE: 1; InactSectors: 1
[2019-01-02 10:56:58] [ENTITIES] removed object from loaded state Ship[TURRENT 165-1](8); 8
[2019-01-02 10:56:58] [DELETE][Server(0)] Sendable 8(Ship[TURRENT 165-1](8)) Physically DELETING DONE and Notified!
[2019-01-02 10:56:58] [ENTITIES] removed object from loaded state Ship[MOB_SIM_TURRENT_165_1rl0](6); 6
[2019-01-02 10:56:58] [DELETE][Server(0)] Sendable 6(Ship[MOB_SIM_TURRENT_165_1rl0](6)) Physically DELETING DONE and Notified!
[2019-01-02 10:56:58] [ENTITIES] removed object from loaded state [SERVER RemoteSector(11) false; (-3, -3, -2)]; 11
[2019-01-02 10:56:58] [DELETE][Server(0)] Sendable 11([SERVER RemoteSector(11) false; (-3, -3, -2)]) Physically DELETING DONE and Notified!
[2019-01-02 10:57:02] [HP][SAVE] saved Ship[test-turret-0 165-2](9); Reactors: true; HP: long 0/0; int 0/0; using long false
[2019-01-02 10:57:02] [IO][COPY] FILE FROM /home/starmade/starmade/StarMade/./server-database/world0/ENTITY_SHIP_MOB_SIM_test-turret-0_165_2.ent to /home/starmade/starmade/StarMade/./server-database/world0/ENTITY_SHIP_MOB_SIM_test-turret-0_165_2.ent.old
[2019-01-02 10:57:02] [SERVER] DELETING ORIGINALFILE TO REPLACE WITH NEW ONE: true; /home/starmade/starmade/StarMade/./server-database/world0/ENTITY_SHIP_MOB_SIM_test-turret-0_165_2.ent
[2019-01-02 10:57:02] [IO][COPY] FILE FROM /home/starmade/starmade/StarMade/./server-database/world0/tmp/ENTITY_SHIP_MOB_SIM_test-turret-0_165_2.ent.tmp to /home/starmade/starmade/StarMade/./server-database/world0/ENTITY_SHIP_MOB_SIM_test-turret-0_165_2.ent
[2019-01-02 10:57:02] [SERVER][DEBUG] WRITTEN Ship[test-turret-0 165-2](9); lastWrite 0; written segments: 0
[2019-01-02 10:57:02] [HP][SAVE] saved Ship[MOB_SIM_test-turret-0_165_2rl0](5); Reactors: true; HP: long 0/0; int 0/0; using long false
[2019-01-02 10:57:02] [IO][COPY] FILE FROM /home/starmade/starmade/StarMade/./server-database/world0/ENTITY_SHIP_MOB_SIM_test-turret-0_165_2rl0.ent to /home/starmade/starmade/StarMade/./server-database/world0/ENTITY_SHIP_MOB_SIM_test-turret-0_165_2rl0.ent.old
[2019-01-02 10:57:02] [SERVER] DELETING ORIGINALFILE TO REPLACE WITH NEW ONE: true; /home/starmade/starmade/StarMade/./server-database/world0/ENTITY_SHIP_MOB_SIM_test-turret-0_165_2rl0.ent
[2019-01-02 10:57:02] [IO][COPY] FILE FROM /home/starmade/starmade/StarMade/./server-database/world0/tmp/ENTITY_SHIP_MOB_SIM_test-turret-0_165_2rl0.ent.tmp to /home/starmade/starmade/StarMade/./server-database/world0/ENTITY_SHIP_MOB_SIM_test-turret-0_165_2rl0.ent
[2019-01-02 10:57:02] [SERVER][DEBUG] WRITTEN Ship[MOB_SIM_test-turret-0_165_2rl0](5); lastWrite 0; written segments: 0
[2019-01-02 10:57:02] [HP][SAVE] saved Ship[Artillery turrent 165-0](3); Reactors: true; HP: long 0/0; int 0/0; using long false
[2019-01-02 10:57:02] [IO][COPY] FILE FROM /home/starmade/starmade/StarMade/./server-database/world0/ENTITY_SHIP_MOB_SIM_Artillery turrent_165_0rl0.ent to /home/starmade/starmade/StarMade/./server-database/world0/ENTITY_SHIP_MOB_SIM_Artillery turrent_165_0rl0.ent.old
[2019-01-02 10:57:02] [SERVER] DELETING ORIGINALFILE TO REPLACE WITH NEW ONE: true; /home/starmade/starmade/StarMade/./server-database/world0/ENTITY_SHIP_MOB_SIM_Artillery turrent_165_0rl0.ent
[2019-01-02 10:57:02] [IO][COPY] FILE FROM /home/starmade/starmade/StarMade/./server-database/world0/tmp/ENTITY_SHIP_MOB_SIM_Artillery turrent_165_0rl0.ent.tmp to /home/starmade/starmade/StarMade/./server-database/world0/ENTITY_SHIP_MOB_SIM_Artillery turrent_165_0rl0.ent
[2019-01-02 10:57:02] [SERVER][DEBUG] WRITTEN Ship[Artillery turrent 165-0](3); lastWrite 0; written segments: 0
[2019-01-02 10:57:02] [HP][SAVE] saved Ship[MOB_SIM_Artillery turrent_165_0rl0rl00](4); Reactors: true; HP: long 0/0; int 0/0; using long false
[2019-01-02 10:57:02] [IO][COPY] FILE FROM /home/starmade/starmade/StarMade/./server-database/world0/ENTITY_SHIP_MOB_SIM_Artillery turrent_165_0rl0rl00.ent to /home/starmade/starmade/StarMade/./server-database/world0/ENTITY_SHIP_MOB_SIM_Artillery turrent_165_0rl0rl00.ent.old
[2019-01-02 10:57:02] [SERVER] DELETING ORIGINALFILE TO REPLACE WITH NEW ONE: true; /home/starmade/starmade/StarMade/./server-database/world0/ENTITY_SHIP_MOB_SIM_Artillery turrent_165_0rl0rl00.ent
[2019-01-02 10:57:02] [IO][COPY] FILE FROM /home/starmade/starmade/StarMade/./server-database/world0/tmp/ENTITY_SHIP_MOB_SIM_Artillery turrent_165_0rl0rl00.ent.tmp to /home/starmade/starmade/StarMade/./server-database/world0/ENTITY_SHIP_MOB_SIM_Artillery turrent_165_0rl0rl00.ent
[2019-01-02 10:57:02] [SERVER][DEBUG] WRITTEN Ship[MOB_SIM_Artillery turrent_165_0rl0rl00](4); lastWrite 0; written segments: 0
[2019-01-02 10:57:02] [HP][SAVE] saved Ship[derps-wall-brick-ship-thingy 165-3](7); Reactors: true; HP: long 0/0; int 0/0; using long false
[2019-01-02 10:57:02] [IO][COPY] FILE FROM /home/starmade/starmade/StarMade/./server-database/world0/ENTITY_SHIP_MOB_SIM_derps-wall-brick-ship-thingy_165_3.ent to /home/starmade/starmade/StarMade/./server-database/world0/ENTITY_SHIP_MOB_SIM_derps-wall-brick-ship-thingy_165_3.ent.old
[2019-01-02 10:57:02] [SERVER] DELETING ORIGINALFILE TO REPLACE WITH NEW ONE: true; /home/starmade/starmade/StarMade/./server-database/world0/ENTITY_SHIP_MOB_SIM_derps-wall-brick-ship-thingy_165_3.ent
[2019-01-02 10:57:02] [IO][COPY] FILE FROM /home/starmade/starmade/StarMade/./server-database/world0/tmp/ENTITY_SHIP_MOB_SIM_derps-wall-brick-ship-thingy_165_3.ent.tmp to /home/starmade/starmade/StarMade/./server-database/world0/ENTITY_SHIP_MOB_SIM_derps-wall-brick-ship-thingy_165_3.ent
[2019-01-02 10:57:02] [SERVER][DEBUG] WRITTEN Ship[derps-wall-brick-ship-thingy 165-3](7); lastWrite 0; written segments: 0
[2019-01-02 10:57:12] [SECTOR][CLEANUP] removing entities and Sector[2](-3, -3, -1): Sector[2](-3, -3, -1); Sector[2](-3, -3, -1)
[2019-01-02 10:57:12] [SERVER] waiting for sector Sector[2](-3, -3, -1) entities to be cleaned up [Ship[test-turret-0 165-2](9), Ship[MOB_SIM_test-turret-0_165_2rl0](5), Ship[Artillery turrent 165-0](3), Ship[MOB_SIM_Artillery turrent_165_0rl0rl00](4), Ship[derps-wall-brick-ship-thingy 165-3](7)]
[2019-01-02 10:57:12] [ENTITIES] removed object from loaded state Ship[test-turret-0 165-2](9); 9
[2019-01-02 10:57:12] [DELETE][Server(0)] Sendable 9(Ship[test-turret-0 165-2](9)) Physically DELETING DONE and Notified!
[2019-01-02 10:57:12] [ENTITIES] removed object from loaded state Ship[MOB_SIM_test-turret-0_165_2rl0](5); 5
[2019-01-02 10:57:12] [DELETE][Server(0)] Sendable 5(Ship[MOB_SIM_test-turret-0_165_2rl0](5)) Physically DELETING DONE and Notified!
[2019-01-02 10:57:12] [ENTITIES] removed object from loaded state Ship[Artillery turrent 165-0](3); 3
[2019-01-02 10:57:12] [DELETE][Server(0)] Sendable 3(Ship[Artillery turrent 165-0](3)) Physically DELETING DONE and Notified!
[2019-01-02 10:57:12] [ENTITIES] removed object from loaded state Ship[MOB_SIM_Artillery turrent_165_0rl0rl00](4); 4
[2019-01-02 10:57:12] [DELETE][Server(0)] Sendable 4(Ship[MOB_SIM_Artillery turrent_165_0rl0rl00](4)) Physically DELETING DONE and Notified!
[2019-01-02 10:57:12] [ENTITIES] removed object from loaded state Ship[derps-wall-brick-ship-thingy 165-3](7); 7
[2019-01-02 10:57:12] [DELETE][Server(0)] Sendable 7(Ship[derps-wall-brick-ship-thingy 165-3](7)) Physically DELETING DONE and Notified!
[2019-01-02 10:57:12] [ENTITIES] removed object from loaded state [SERVER RemoteSector(2) false; (-3, -3, -1)]; 2
[2019-01-02 10:57:12] [DELETE][Server(0)] Sendable 2([SERVER RemoteSector(2) false; (-3, -3, -1)]) Physically DELETING DONE and Notified!
[2019-01-02 10:57:33] [SERVERSOCKET] Connection made. starting new processor 54459, /2.232.253.139; local: 4242, /158.69.122.144, keepalive false
[2019-01-02 10:57:33] [SERVER] ListenerId[0] connection registered (TRunning: 0/0/0) 1
[2019-01-02 10:57:33] [SERVER][PROCESSOR] client setup completed for PID: 1. listening for input
[2019-01-02 10:57:33] [SERVER] This client is an info ping (server-lists): /2.232.253.139; PID: 1
[2019-01-02 10:57:33] [SERVER] SCHEDULED DISCONNECT EXECUTING
[2019-01-02 10:57:33] [SERVER] Executing scheduled disconnect!; ProcessorID: 1
[2019-01-02 10:57:33] [SERVER][DISCONNECT] Client 'Info-Pinger (server-lists)' HAS BEEN DISCONNECTED . PROBE: true; ProcessorID: 1
[2019-01-02 10:57:33] [SERVER] PROBE SUCCESSFULLY EXECUTED. STOPPING PROCESSOR. (Ping of a Starter to start server): PID 1
[2019-01-02 10:57:45] [SERVER][UPDATE] WARNING: UNIVERSE update took 47
[2019-01-02 10:59:29] [FACTIONMANAGER] MAKING FACTION TURN: Wed Jan 02 09:59:29 EST 2019; 27; Turn: 60.0
[2019-01-02 10:59:29] [FACTIONMANAGER] faction update took: 7ms
[2019-01-02 11:00:30] [Simulation] disbanding sim group: SimulationGroup
->[TradingRouteSimulationProgram->Disbanding]

[2019-01-02 11:00:30] [DATABASE] REMOVING SEGCONTROLLER: MOB_SIM_Artillery turrent_165_0rl0; returned: 1; fleet dbId: 121983
[2019-01-02 11:00:30] [SERVER][SEGMENTCONTROLLER][SIMGROUP] PERMANENTLY DELETING ENTITY: ENTITY_SHIP_MOB_SIM_Artillery turrent_165_0rl0.ent
[2019-01-02 11:00:30] [DATABASE] REMOVING SEGCONTROLLER: MOB_SIM_Artillery turrent_165_0rl0rl00; returned: 1; fleet dbId: 121984
[2019-01-02 11:00:30] [SERVER][SEGMENTCONTROLLER][SIMGROUP] PERMANENTLY DELETING ENTITY: ENTITY_SHIP_MOB_SIM_Artillery turrent_165_0rl0rl00.ent
[2019-01-02 11:00:30] [DATABASE] REMOVING SEGCONTROLLER: MOB_SIM_TURRENT_165_1; returned: 1; fleet dbId: 121985
[2019-01-02 11:00:30] [SERVER][SEGMENTCONTROLLER][SIMGROUP] PERMANENTLY DELETING ENTITY: ENTITY_SHIP_MOB_SIM_TURRENT_165_1.ent
[2019-01-02 11:00:30] [DATABASE] REMOVING SEGCONTROLLER: MOB_SIM_TURRENT_165_1rl0; returned: 1; fleet dbId: 121986
[2019-01-02 11:00:30] [SERVER][SEGMENTCONTROLLER][SIMGROUP] PERMANENTLY DELETING ENTITY: ENTITY_SHIP_MOB_SIM_TURRENT_165_1rl0.ent
[2019-01-02 11:00:30] [DATABASE] REMOVING SEGCONTROLLER: MOB_SIM_test-turret-0_165_2; returned: 1; fleet dbId: 121987
[2019-01-02 11:00:30] [SERVER][SEGMENTCONTROLLER][SIMGROUP] PERMANENTLY DELETING ENTITY: ENTITY_SHIP_MOB_SIM_test-turret-0_165_2.ent
[2019-01-02 11:00:30] [DATABASE] REMOVING SEGCONTROLLER: MOB_SIM_test-turret-0_165_2rl0; returned: 1; fleet dbId: 121988
[2019-01-02 11:00:30] [SERVER][SEGMENTCONTROLLER][SIMGROUP] PERMANENTLY DELETING ENTITY: ENTITY_SHIP_MOB_SIM_test-turret-0_165_2rl0.ent
[2019-01-02 11:00:30] [DATABASE] REMOVING SEGCONTROLLER: MOB_SIM_derps-wall-brick-ship-thingy_165_3; returned: 1; fleet dbId: 121989
[2019-01-02 11:00:30] [SERVER][SEGMENTCONTROLLER][SIMGROUP] PERMANENTLY DELETING ENTITY: ENTITY_SHIP_MOB_SIM_derps-wall-brick-ship-thingy_165_3.ent
[2019-01-02 11:00:59] [SERVER] SERVER AUTOSAVE START. Dumping server State!
[2019-01-02 11:00:59] [SERVER] WRITING ADDITIONAL ENTITIES
[2019-01-02 11:00:59] [IO][COPY] FILE FROM /home/starmade/starmade/StarMade/./server-database/world0/FACTIONS.fac to /home/starmade/starmade/StarMade/./server-database/world0/FACTIONS.fac.old
[2019-01-02 11:00:59] [SERVER] DELETING ORIGINALFILE TO REPLACE WITH NEW ONE: true; /home/starmade/starmade/StarMade/./server-database/world0/FACTIONS.fac
[2019-01-02 11:00:59] [IO][COPY] FILE FROM /home/starmade/starmade/StarMade/./server-database/world0/tmp/FACTIONS.fac.tmp to /home/starmade/starmade/StarMade/./server-database/world0/FACTIONS.fac
[2019-01-02 11:00:59] [IO][COPY] FILE FROM /home/starmade/starmade/StarMade/./server-database/world0/CATALOG.cat to /home/starmade/starmade/StarMade/./server-database/world0/CATALOG.cat.old
[2019-01-02 11:00:59] [SERVER] DELETING ORIGINALFILE TO REPLACE WITH NEW ONE: true; /home/starmade/starmade/StarMade/./server-database/world0/CATALOG.cat
[2019-01-02 11:00:59] [IO][COPY] FILE FROM /home/starmade/starmade/StarMade/./server-database/world0/tmp/CATALOG.cat.tmp to /home/starmade/starmade/StarMade/./server-database/world0/CATALOG.cat
[2019-01-02 11:00:59] [IO][COPY] FILE FROM /home/starmade/starmade/StarMade/./server-database/world0/NPCFACTIONS_0_0_0.tag to /home/starmade/starmade/StarMade/./server-database/world0/NPCFACTIONS_0_0_0.tag.old
[2019-01-02 11:00:59] [SERVER] DELETING ORIGINALFILE TO REPLACE WITH NEW ONE: true; /home/starmade/starmade/StarMade/./server-database/world0/NPCFACTIONS_0_0_0.tag
[2019-01-02 11:00:59] [IO][COPY] FILE FROM /home/starmade/starmade/StarMade/./server-database/world0/tmp/NPCFACTIONS_0_0_0.tag.tmp to /home/starmade/starmade/StarMade/./server-database/world0/NPCFACTIONS_0_0_0.tag
[2019-01-02 11:00:59] [IO][COPY] FILE FROM /home/starmade/starmade/StarMade/./server-database/world0/chatchannels.tag to /home/starmade/starmade/StarMade/./server-database/world0/chatchannels.tag.old
[2019-01-02 11:00:59] [SERVER] DELETING ORIGINALFILE TO REPLACE WITH NEW ONE: true; /home/starmade/starmade/StarMade/./server-database/world0/chatchannels.tag
[2019-01-02 11:00:59] [IO][COPY] FILE FROM /home/starmade/starmade/StarMade/./server-database/world0/tmp/chatchannels.tag.tmp to /home/starmade/starmade/StarMade/./server-database/world0/chatchannels.tag
[2019-01-02 11:00:59] [IO][COPY] FILE FROM /home/starmade/starmade/StarMade/./server-database/world0/TRADING.tag to /home/starmade/starmade/StarMade/./server-database/world0/TRADING.tag.old
[2019-01-02 11:00:59] [SERVER] DELETING ORIGINALFILE TO REPLACE WITH NEW ONE: true; /home/starmade/starmade/StarMade/./server-database/world0/TRADING.tag
[2019-01-02 11:00:59] [IO][COPY] FILE FROM /home/starmade/starmade/StarMade/./server-database/world0/tmp/TRADING.tag.tmp to /home/starmade/starmade/StarMade/./server-database/world0/TRADING.tag
[2019-01-02 11:00:59] [SERVER] WRITING ADDITIONAL ENTITIES DONE
[2019-01-02 11:00:59] [IO][COPY] FILE FROM /home/starmade/starmade/StarMade/./server-database/world0/SIMULATION_STATE.sim to /home/starmade/starmade/StarMade/./server-database/world0/SIMULATION_STATE.sim.old
[2019-01-02 11:00:59] [SERVER] DELETING ORIGINALFILE TO REPLACE WITH NEW ONE: true; /home/starmade/starmade/StarMade/./server-database/world0/SIMULATION_STATE.sim
[2019-01-02 11:00:59] [IO][COPY] FILE FROM /home/starmade/starmade/StarMade/./server-database/world0/tmp/SIMULATION_STATE.sim.tmp to /home/starmade/starmade/StarMade/./server-database/world0/SIMULATION_STATE.sim
[2019-01-02 11:00:59] [SERVER] SERVER AUTOSAVE END. ServerState saved!
[2019-01-02 11:00:59] [CLIENT] Admin parameter 0: 1
[2019-01-02 11:00:59] [ADMIN COMMAND] SHUTDOWN from org.schema.schine.network.server.AdminLocalClient@4654438c params: [1]
[2019-01-02 11:01:00] [SERVER] SCHEDULED SHUTDOWN NOW EXECUTING. EXITING SERVER!
[2019-01-02 11:01:00] [SERVER] now executing regular shutdown
[2019-01-02 11:01:00] java.lang.Exception: Server Shutdown: true
[2019-01-02 11:01:00] 	at org.schema.schine.network.server.ServerState.setShutdown(SourceFile:291)
[2019-01-02 11:01:00] 	at org.schema.game.server.controller.GameServerController.update(SourceFile:840)
[2019-01-02 11:01:00] 	at org.schema.schine.network.server.ServerController.run(SourceFile:275)
[2019-01-02 11:01:00] 	at java.lang.Thread.run(Thread.java:748)
[2019-01-02 11:01:00] [SERVER][SHUTDOWN] shutting down element collection thread
[2019-01-02 11:01:00] [SERVER][SHUTDOWN] shutting down pathfinding threads
[2019-01-02 11:01:00] [SERVER][SHUTDOWN] shutting down universe
[2019-01-02 11:01:00] [SERVER][SHUTDOWN] shutting segment request thread
[2019-01-02 11:01:00] [SERVER][SHUTDOWN] shutting down simulation
[2019-01-02 11:01:00] [SERVER][SHUTDOWN] shutting down active checker
[2019-01-02 11:01:00] [SIMPLANNER] Sleep has been interrupted
[2019-01-02 11:01:00] [SERVER][SHUTDOWN] shutting down sysin listener
[2019-01-02 11:01:00] [SERVER][SHUTDOWN] shutting down mob thread
[2019-01-02 11:01:00] [SERVER][SHUTDOWN] shutting down game map provider
[2019-01-02 11:01:00] [SERVER][SHUTDOWN] Stopping to listen!
[2019-01-02 11:01:00] [SERVER] Stopping Listener
[2019-01-02 11:01:00] [SERVER] Stopped Listener
[2019-01-02 11:01:00] [SERVER][SHUTDOWN] disconnecting all clients!
[2019-01-02 11:01:00] [SERVER][SHUTDOWN] Dumping server State!
[2019-01-02 11:01:00] [SERVER] WRITING ADDITIONAL ENTITIES
[2019-01-02 11:01:00] [IO][COPY] FILE FROM /home/starmade/starmade/StarMade/./server-database/world0/FACTIONS.fac to /home/starmade/starmade/StarMade/./server-database/world0/FACTIONS.fac.old
[2019-01-02 11:01:00] [SERVER] DELETING ORIGINALFILE TO REPLACE WITH NEW ONE: true; /home/starmade/starmade/StarMade/./server-database/world0/FACTIONS.fac
[2019-01-02 11:01:00] [IO][COPY] FILE FROM /home/starmade/starmade/StarMade/./server-database/world0/tmp/FACTIONS.fac.tmp to /home/starmade/starmade/StarMade/./server-database/world0/FACTIONS.fac
[2019-01-02 11:01:00] [IO][COPY] FILE FROM /home/starmade/starmade/StarMade/./server-database/world0/CATALOG.cat to /home/starmade/starmade/StarMade/./server-database/world0/CATALOG.cat.old
[2019-01-02 11:01:00] [SERVER] DELETING ORIGINALFILE TO REPLACE WITH NEW ONE: true; /home/starmade/starmade/StarMade/./server-database/world0/CATALOG.cat
[2019-01-02 11:01:00] [IO][COPY] FILE FROM /home/starmade/starmade/StarMade/./server-database/world0/tmp/CATALOG.cat.tmp to /home/starmade/starmade/StarMade/./server-database/world0/CATALOG.cat
[2019-01-02 11:01:00] [IO][COPY] FILE FROM /home/starmade/starmade/StarMade/./server-database/world0/NPCFACTIONS_0_0_0.tag to /home/starmade/starmade/StarMade/./server-database/world0/NPCFACTIONS_0_0_0.tag.old
[2019-01-02 11:01:00] [SERVER] DELETING ORIGINALFILE TO REPLACE WITH NEW ONE: true; /home/starmade/starmade/StarMade/./server-database/world0/NPCFACTIONS_0_0_0.tag
[2019-01-02 11:01:00] [IO][COPY] FILE FROM /home/starmade/starmade/StarMade/./server-database/world0/tmp/NPCFACTIONS_0_0_0.tag.tmp to /home/starmade/starmade/StarMade/./server-database/world0/NPCFACTIONS_0_0_0.tag
[2019-01-02 11:01:00] [IO][COPY] FILE FROM /home/starmade/starmade/StarMade/./server-database/world0/chatchannels.tag to /home/starmade/starmade/StarMade/./server-database/world0/chatchannels.tag.old
[2019-01-02 11:01:00] [SERVER] DELETING ORIGINALFILE TO REPLACE WITH NEW ONE: true; /home/starmade/starmade/StarMade/./server-database/world0/chatchannels.tag
[2019-01-02 11:01:00] [IO][COPY] FILE FROM /home/starmade/starmade/StarMade/./server-database/world0/tmp/chatchannels.tag.tmp to /home/starmade/starmade/StarMade/./server-database/world0/chatchannels.tag
[2019-01-02 11:01:00] [IO][COPY] FILE FROM /home/starmade/starmade/StarMade/./server-database/world0/TRADING.tag to /home/starmade/starmade/StarMade/./server-database/world0/TRADING.tag.old
[2019-01-02 11:01:00] [SERVER] DELETING ORIGINALFILE TO REPLACE WITH NEW ONE: true; /home/starmade/starmade/StarMade/./server-database/world0/TRADING.tag
[2019-01-02 11:01:00] [IO][COPY] FILE FROM /home/starmade/starmade/StarMade/./server-database/world0/tmp/TRADING.tag.tmp to /home/starmade/starmade/StarMade/./server-database/world0/TRADING.tag
[2019-01-02 11:01:00] [SERVER] WRITING ADDITIONAL ENTITIES DONE
[2019-01-02 11:01:00] [IO][COPY] FILE FROM /home/starmade/starmade/StarMade/./server-database/world0/SIMULATION_STATE.sim to /home/starmade/starmade/StarMade/./server-database/world0/SIMULATION_STATE.sim.old
[2019-01-02 11:01:00] [SERVER] DELETING ORIGINALFILE TO REPLACE WITH NEW ONE: true; /home/starmade/starmade/StarMade/./server-database/world0/SIMULATION_STATE.sim
[2019-01-02 11:01:00] [IO][COPY] FILE FROM /home/starmade/starmade/StarMade/./server-database/world0/tmp/SIMULATION_STATE.sim.tmp to /home/starmade/starmade/StarMade/./server-database/world0/SIMULATION_STATE.sim
[2019-01-02 11:01:00] [SERVER] WAITING FOR LOGIN THREAD POOL TO TERMINATE; Active: 0
[2019-01-02 11:01:00] [SERVER] SERVER LOGIN THREAD POOL TERMINATED
[2019-01-02 11:01:00] [SERVER] KILLING ACTIVE EXPLOSION THREADS; Active: 0
[2019-01-02 11:01:00] java.lang.Exception: ServerEntityWriterThread Shutdown
[2019-01-02 11:01:00] 	at org.schema.schine.network.server.ServerEntityWriterThread.shutdown(SourceFile:38)
[2019-01-02 11:01:00] 	at org.schema.game.common.data.world.Universe.writeToDatabase(SourceFile:1461)
[2019-01-02 11:01:00] 	at org.schema.game.server.controller.GameServerController.a(SourceFile:2887)
[2019-01-02 11:01:00] 	at org.schema.game.server.controller.GameServerController.onShutDown(SourceFile:2000)
[2019-01-02 11:01:00] 	at org.schema.game.server.controller.GameServerController.update(SourceFile:841)
[2019-01-02 11:01:00] 	at org.schema.schine.network.server.ServerController.run(SourceFile:275)
[2019-01-02 11:01:00] 	at java.lang.Thread.run(Thread.java:748)
[2019-01-02 11:01:00] [SERVER] Server Write Queue: 0; 0; []
[2019-01-02 11:01:00] [SERVER] WAITING FOR WRITING QUEUE TO FINISH; Active: 0
[2019-01-02 11:01:00] [SERVER] writing queue finished
[2019-01-02 11:01:00] [SERVER] Server Write Queue: 0; 0; []
[2019-01-02 11:01:00] [SERVER] SERVER THREAD QUEUE TERMINATED
[2019-01-02 11:01:00] [SERVER] Server Write Queue: 0; 0; []
[2019-01-02 11:01:00] [SERVER][SHUTDOWN] all queued writing jobs finished. closing database
[2019-01-02 11:01:04] [SERVER][SHUTDOWN] database closed successfully
[2019-01-02 11:01:04] [SERVER][SHUTDOWN] ServerState saved!
[2019-01-02 11:01:04] java.lang.Exception: ServerEntityWriterThread Shutdown
[2019-01-02 11:01:04] 	at org.schema.schine.network.server.ServerEntityWriterThread.shutdown(SourceFile:38)
[2019-01-02 11:01:04] 	at org.schema.game.server.controller.GameServerController.onShutDown(SourceFile:2044)
[2019-01-02 11:01:04] 	at org.schema.game.server.controller.GameServerController.update(SourceFile:841)
[2019-01-02 11:01:04] 	at org.schema.schine.network.server.ServerController.run(SourceFile:275)
[2019-01-02 11:01:04] 	at java.lang.Thread.run(Thread.java:748)
[2019-01-02 11:01:04] java.lang.Exception: Server created: false
[2019-01-02 11:01:04] 	at org.schema.schine.network.server.ServerState.setCreated(SourceFile:299)
[2019-01-02 11:01:04] 	at org.schema.game.server.controller.GameServerController.onShutDown(SourceFile:2049)
[2019-01-02 11:01:04] 	at org.schema.game.server.controller.GameServerController.update(SourceFile:841)
[2019-01-02 11:01:04] 	at org.schema.schine.network.server.ServerController.run(SourceFile:275)
[2019-01-02 11:01:04] 	at java.lang.Thread.run(Thread.java:748)
[2019-01-02 11:01:04] [SERVER][SHUTDOWN] ServerState.created set to false
[2019-01-02 11:01:04] java.lang.Exception: System.exit() called
[2019-01-02 11:01:04] 	at org.schema.game.server.controller.GameServerController.update(SourceFile:849)
[2019-01-02 11:01:04] 	at org.schema.schine.network.server.ServerController.run(SourceFile:275)
[2019-01-02 11:01:04] 	at java.lang.Thread.run(Thread.java:748)
