[2019-04-23 18:40:13] STARMADE SERVER VERSION: 0.201.378; Build(20190420_091741)
[2019-04-23 18:40:13] STARMADE SERVER STARTED: Tue Apr 23 18:40:13 EDT 2019
[2019-04-23 18:41:11] [SERVERSOCKET] Incoming connection: 55271, /174.58.17.168 -> 4242, /158.69.122.144
[2019-04-23 18:41:11] [AUTH] authenticating Ithirahad; useAuth: true; requireAuth: true
[2019-04-23 18:41:11] [AUTH] Protection status of Ithirahad is ProtectedUplinkName [username=Ithirahad, timeProtected=1556059127197] -> protected = true
[2019-04-23 18:41:11] [AUTH] PROTECTING USER ithirahad under uplink id Ithirahad
[2019-04-23 18:41:12] [LOGIN] logged in RegisteredClient: Ithirahad (1) [Ithirahad]connected: true (/174.58.17.168:55271)
[2019-04-23 18:41:35] [ADMINCOMMAND] #CONSOLE# used: 'SERVER_MESSAGE_TO' with args [info, Ithirahad,  Welcome to The QuickFire Initiative! ]
[2019-04-23 18:42:15] [FACTION] Relationship Offer accepted: 21474832185032705 between Rel[a=-9999999, b=-9999998, rel=NEUTRAL]; Outcasts AND Scavengers; CODEA: 21474832185032705; CODEB: 21474834332516351
[2019-04-23 18:42:15] [FACTION] Relationship Offer accepted: 21474836479999998 between Rel[a=-10000000, b=-9999998, rel=NEUTRAL]; Traders AND Scavengers; CODEA: 21474836479999998; CODEB: 21474832185032706
[2019-04-23 18:42:15] [FACTION] Relationship Offer accepted: 21474834332516353 between Rel[a=-10000000, b=-9999999, rel=NEUTRAL]; Traders AND Outcasts; CODEA: 21474834332516353; CODEB: 21474836479999999
[2019-04-23 18:45:44] [ADMINCOMMAND] #CONSOLE# used: 'SERVER_MESSAGE_TO' with args [plain, Ithirahad,  [QuickBot]: Welcome to The QuickFire Initiative. ]
[2019-04-23 18:46:24] [ADMINCOMMAND] #CONSOLE# used: 'START_COUNTDOWN' with args [10, Shutting down server..]
[2019-04-23 18:46:25] [ADMINCOMMAND] #CONSOLE# used: 'FORCE_SAVE' with args []
[2019-04-23 18:46:35] [ADMINCOMMAND] #CONSOLE# used: 'SHUTDOWN' with args [1]
[2019-04-23 18:46:36] [SHUTDOWN] Shutting down server
[2019-04-23 18:46:36] [SHUTDOWN] shutting down element collection thread
[2019-04-23 18:46:36] [SHUTDOWN] shutting down pathfinding threads
[2019-04-23 18:46:36] [SHUTDOWN] shutting down universe
[2019-04-23 18:46:36] [SHUTDOWN] shutting down segment request thread
[2019-04-23 18:46:36] [SHUTDOWN] shutting down simulation
[2019-04-23 18:46:36] [SHUTDOWN] shutting down active checker
[2019-04-23 18:46:36] [SHUTDOWN] shutting sysin listener
[2019-04-23 18:46:36] [SHUTDOWN] shutting down mob thread
[2019-04-23 18:46:36] [SHUTDOWN] shutting down game map provider
[2019-04-23 18:46:36] [SHUTDOWN] server stop listening
[2019-04-23 18:46:36] [SHUTDOWN] disconnecting all clients
[2019-04-23 18:46:36] [SHUTDOWN] writing current universe STARTED
[2019-04-23 18:46:36] [DISCONNECT] Client 'RegisteredClient: Ithirahad (1) [Ithirahad]connected: true' IP(/174.58.17.168:55271) HAS BEEN DISCONNECTED . PROBE: false; ProcessorID: 0
[2019-04-23 18:46:43] [SHUTDOWN] database closed successfully
[2019-04-23 18:46:43] [SHUTDOWN] writing current universe FINISHED
