[2019-05-31 13:09:01] STARMADE SERVER VERSION: 0.201.378; Build(20190420_091741)
[2019-05-31 13:09:01] STARMADE SERVER STARTED: Fri May 31 13:09:01 EDT 2019
[2019-05-31 13:25:27] [SERVERSOCKET] Incoming connection: 62204, /174.58.17.168 -> 4242, /158.69.122.144
[2019-05-31 13:25:28] [AUTH] authenticating Ithirahad; useAuth: true; requireAuth: true
[2019-05-31 13:25:29] [AUTH] Protection status of Ithirahad is ProtectedUplinkName [username=Ithirahad, timeProtected=1559319912156] -> protected = true
[2019-05-31 13:25:29] [AUTH] PROTECTING USER ithirahad under uplink id Ithirahad
[2019-05-31 13:25:30] [LOGIN] logged in RegisteredClient: Ithirahad (1) [Ithirahad]connected: true (/174.58.17.168:62204)
[2019-05-31 13:25:59] [ADMINCOMMAND] #CONSOLE# used: 'SERVER_MESSAGE_TO' with args [info, Ithirahad,  Welcome to The QuickFire Initiative! ]
[2019-05-31 13:26:02] [ADMINCOMMAND] #CONSOLE# used: 'SERVER_MESSAGE_TO' with args [plain, Ithirahad,  [QuickBot]: Welcome to The QuickFire Initiative. ]
[2019-05-31 13:36:44] [BLUEPRINT][SAVE] Ithirahad saved: "turreted missile tester"
[2019-05-31 13:42:50] [RENAME] Ithirahad changed object name: "Quickfire_missile_test_rig_1559270062980" to "Test Bombardier"
[2019-05-31 13:43:08] [ADMINCOMMAND] Ithirahad used: 'FACTION_SET_ENTITY' with args [-1]
[2019-05-31 13:43:48] [ADMINCOMMAND] Ithirahad used: 'DESTROY_ENTITY' with args []
[2019-05-31 13:43:48] [ADMIN COMMAND] destroying entity: Ship[Rail Dock 1559323879368](219)
[2019-05-31 13:43:58] [ADMINCOMMAND] Ithirahad used: 'DESTROY_ENTITY_DOCK' with args []
[2019-05-31 13:43:58] [ADMIN COMMAND] destroying entity: Ship[Quickfire_testing_ship_9k_1559170421268](37)
[2019-05-31 13:44:01] [ADMINCOMMAND] Ithirahad used: 'DESTROY_ENTITY_DOCK' with args []
[2019-05-31 13:44:01] [ADMIN COMMAND] destroying entity: Ship[QF new cannontest](36)
[2019-05-31 13:44:02] [ADMINCOMMAND] Ithirahad used: 'DESTROY_ENTITY_DOCK' with args []
[2019-05-31 13:44:02] [ADMIN COMMAND] destroying entity: Ship[Scypio_1559246472740](77)
[2019-05-31 13:49:13] [ADMINCOMMAND] Ithirahad used: 'SAVE' with args [boom]
[2019-05-31 13:54:28] [ADMINCOMMAND] Ithirahad used: 'DESTROY_ENTITY_DOCK' with args []
[2019-05-31 13:54:28] [ADMIN COMMAND] destroying entity: Ship[Quickfire_test_target_3tmr_1559320852455](79)
[2019-05-31 13:54:40] [ADMINCOMMAND] Ithirahad used: 'LOAD_AS_FACTION' with args [Quickfire_test_target_3tmr, Quickfire_test_target_3tmr_1559325277737, 10005]
[2019-05-31 13:54:40] [BLUEPRINT][LOAD] <admin> loaded Quickfire_test_target_3tmr as "Quickfire_test_target_3tmr_1559325277737" in (23, -19, 21) as faction 10005
[2019-05-31 13:54:40] [DEATH] Ithirahad has been killed by 'Responsible: Rail Dock 1559323944869[Pirates]'; controllable: Ship[Rail Dock 1559323944869](221)
[2019-05-31 13:54:40] [DEATH] Ithirahad has been killed by 'Responsible: Rail Dock 1559323944869[Pirates]'; controllable: Ship[Rail Dock 1559323944869](221)
[2019-05-31 13:54:40] [DEATH] Ithirahad has been killed by 'Responsible: Rail Dock 1559323944869[Pirates]'; controllable: Ship[Rail Dock 1559323944869](221)
[2019-05-31 13:54:47] [ADMINCOMMAND] #CONSOLE# used: 'SERVER_MESSAGE_TO' with args [plain, Ithirahad,  [QuickBot]: Welcome to The QuickFire Initiative. ]
[2019-05-31 13:54:50] [ADMINCOMMAND] Ithirahad used: 'SEARCH' with args [bombardier]
[2019-05-31 13:54:56] [ADMINCOMMAND] Ithirahad used: 'CHANGE_SECTOR' with args [23, -19, 21]
[2019-05-31 14:00:34] [BLUEPRINT][SAVE] Ithirahad saved: "tower target"
[2019-05-31 14:01:23] [ADMINCOMMAND] Ithirahad used: 'GOD_MODE' with args [Ithirahad, true]
[2019-05-31 14:04:45] [ADMINCOMMAND] Ithirahad used: 'GOD_MODE' with args [Ithirahad, false]
[2019-05-31 14:05:44] [ADMINCOMMAND] #CONSOLE# used: 'START_COUNTDOWN' with args [400, Shutting down server..]
[2019-05-31 14:05:44] [ADMINCOMMAND] #CONSOLE# used: 'FORCE_SAVE' with args []
[2019-05-31 14:09:21] [ADMINCOMMAND] Ithirahad used: 'DESTROY_ENTITY_DOCK' with args []
[2019-05-31 14:09:21] [ADMIN COMMAND] destroying entity: Ship[Test Bombardier](80)
[2019-05-31 14:09:30] [ADMINCOMMAND] Ithirahad used: 'CHANGE_SECTOR' with args [6, 27, 7]
[2019-05-31 14:09:38] [ADMINCOMMAND] Ithirahad used: 'CHANGE_SECTOR' with args [6, 28, 12]
[2019-05-31 14:09:38] [BLUEPRINT][LOAD] <system> loaded Temporary Factory as "Temporary Factory 1 " in (5, 27, 13) as faction 0
[2019-05-31 14:12:25] [ADMINCOMMAND] #CONSOLE# used: 'SHUTDOWN' with args [1]
[2019-05-31 14:12:26] [SHUTDOWN] Shutting down server
[2019-05-31 14:12:26] [SHUTDOWN] shutting down element collection thread
[2019-05-31 14:12:26] [SHUTDOWN] shutting down pathfinding threads
[2019-05-31 14:12:26] [SHUTDOWN] shutting down universe
[2019-05-31 14:12:26] [SHUTDOWN] shutting down segment request thread
[2019-05-31 14:12:26] [SHUTDOWN] shutting down simulation
[2019-05-31 14:12:26] [SHUTDOWN] shutting down active checker
[2019-05-31 14:12:26] [SHUTDOWN] shutting sysin listener
[2019-05-31 14:12:26] [SHUTDOWN] shutting down mob thread
[2019-05-31 14:12:26] [SHUTDOWN] shutting down game map provider
[2019-05-31 14:12:26] [SHUTDOWN] server stop listening
[2019-05-31 14:12:26] [SHUTDOWN] disconnecting all clients
[2019-05-31 14:12:26] [SHUTDOWN] writing current universe STARTED
[2019-05-31 14:12:26] [DISCONNECT] Client 'RegisteredClient: Ithirahad (1) [Ithirahad]connected: true' IP(/174.58.17.168:62204) HAS BEEN DISCONNECTED . PROBE: false; ProcessorID: 0
[2019-05-31 14:12:33] [SHUTDOWN] database closed successfully
[2019-05-31 14:12:33] [SHUTDOWN] writing current universe FINISHED
