[2019-05-31 14:37:45] STARMADE SERVER VERSION: 0.201.378; Build(20190420_091741)
[2019-05-31 14:37:45] STARMADE SERVER STARTED: Fri May 31 14:37:45 EDT 2019
[2019-05-31 14:38:00] [SERVERSOCKET] Incoming connection: 62852, /174.58.17.168 -> 4242, /158.69.122.144
[2019-05-31 14:38:01] [AUTH] authenticating Ithirahad; useAuth: true; requireAuth: true
[2019-05-31 14:38:01] [AUTH] Protection status of Ithirahad is ProtectedUplinkName [username=Ithirahad, timeProtected=1559326485025] -> protected = true
[2019-05-31 14:38:01] [AUTH] PROTECTING USER ithirahad under uplink id Ithirahad
[2019-05-31 14:38:02] [LOGIN] logged in RegisteredClient: Ithirahad (1) [Ithirahad]connected: true (/174.58.17.168:62852)
[2019-05-31 14:38:05] [ADMINCOMMAND] #CONSOLE# used: 'SERVER_MESSAGE_TO' with args [info, Ithirahad,  Welcome to The QuickFire Initiative! ]
[2019-05-31 14:38:06] [ADMINCOMMAND] #CONSOLE# used: 'SERVER_MESSAGE_TO' with args [plain, Ithirahad,  [QuickBot]: Welcome to The QuickFire Initiative. ]
[2019-05-31 14:38:16] [ADMINCOMMAND] Ithirahad used: 'DESTROY_ENTITY_DOCK' with args []
[2019-05-31 14:38:16] [ADMIN COMMAND] destroying entity: Ship[Quickfire_test_target_3tmr_1559325277737](36)
[2019-05-31 14:43:10] [DISCONNECT] Client 'RegisteredClient: Ithirahad (1) [Ithirahad]connected: true' IP(/174.58.17.168:62852) HAS BEEN DISCONNECTED . PROBE: false; ProcessorID: 0
[2019-05-31 14:43:10] [LOGOUT] logging out client ID RegisteredClient: Ithirahad (1) [Ithirahad]connected: true
[2019-05-31 14:43:22] [ADMINCOMMAND] #CONSOLE# used: 'START_COUNTDOWN' with args [600, Shutting down server..]
[2019-05-31 14:43:22] [ADMINCOMMAND] #CONSOLE# used: 'FORCE_SAVE' with args []
[2019-05-31 14:53:23] [ADMINCOMMAND] #CONSOLE# used: 'SHUTDOWN' with args [1]
[2019-05-31 14:53:24] [SHUTDOWN] Shutting down server
[2019-05-31 14:53:24] [SHUTDOWN] shutting down element collection thread
[2019-05-31 14:53:24] [SHUTDOWN] shutting down pathfinding threads
[2019-05-31 14:53:24] [SHUTDOWN] shutting down universe
[2019-05-31 14:53:24] [SHUTDOWN] shutting down segment request thread
[2019-05-31 14:53:24] [SHUTDOWN] shutting down simulation
[2019-05-31 14:53:24] [SHUTDOWN] shutting down active checker
[2019-05-31 14:53:24] [SHUTDOWN] shutting sysin listener
[2019-05-31 14:53:24] [SHUTDOWN] shutting down mob thread
[2019-05-31 14:53:24] [SHUTDOWN] shutting down game map provider
[2019-05-31 14:53:24] [SHUTDOWN] server stop listening
[2019-05-31 14:53:24] [SHUTDOWN] disconnecting all clients
[2019-05-31 14:53:24] [SHUTDOWN] writing current universe STARTED
[2019-05-31 14:53:31] [SHUTDOWN] database closed successfully
[2019-05-31 14:53:31] [SHUTDOWN] writing current universe FINISHED
