[2019-08-16 00:49:03] STARMADE SERVER VERSION: 0.201.378; Build(20190420_091741)
[2019-08-16 00:49:03] STARMADE SERVER STARTED: Fri Aug 16 00:49:03 EDT 2019
[2019-08-16 00:49:37] [SERVERSOCKET] Incoming connection: 53876, /73.27.218.112 -> 4242, /158.69.122.144
[2019-08-16 00:49:37] [AUTH] authenticating Ithirahad; useAuth: true; requireAuth: true
[2019-08-16 00:49:37] [AUTH] Protection status of Ithirahad is ProtectedUplinkName [username=Ithirahad, timeProtected=1565930335194] -> protected = true
[2019-08-16 00:49:37] [AUTH] PROTECTING USER ithirahad under uplink id Ithirahad
[2019-08-16 00:49:38] [LOGIN] logged in RegisteredClient: Ithirahad (1) [Ithirahad]connected: true (/73.27.218.112:53876)
[2019-08-16 00:49:42] [ADMINCOMMAND] #CONSOLE# used: 'SERVER_MESSAGE_TO' with args [info, Ithirahad,  Welcome to The QuickFire Initiative! ]
[2019-08-16 00:49:44] [ADMINCOMMAND] #CONSOLE# used: 'SERVER_MESSAGE_TO' with args [plain, Ithirahad,  [QuickBot]: Welcome to The QuickFire Initiative. ]
[2019-08-16 00:52:05] [ADMINCOMMAND] #CONSOLE# used: 'START_COUNTDOWN' with args [0, Shutting down server..]
[2019-08-16 00:52:06] [ADMINCOMMAND] #CONSOLE# used: 'SHUTDOWN' with args [1]
[2019-08-16 00:52:07] [SHUTDOWN] Shutting down server
[2019-08-16 00:52:07] [SHUTDOWN] shutting down element collection thread
[2019-08-16 00:52:07] [SHUTDOWN] shutting down pathfinding threads
[2019-08-16 00:52:07] [SHUTDOWN] shutting down universe
[2019-08-16 00:52:07] [SHUTDOWN] shutting down segment request thread
[2019-08-16 00:52:07] [SHUTDOWN] shutting down simulation
[2019-08-16 00:52:07] [SHUTDOWN] shutting down active checker
[2019-08-16 00:52:07] [SHUTDOWN] shutting sysin listener
[2019-08-16 00:52:07] [SHUTDOWN] shutting down mob thread
[2019-08-16 00:52:07] [SHUTDOWN] shutting down game map provider
[2019-08-16 00:52:07] [SHUTDOWN] server stop listening
[2019-08-16 00:52:07] [SHUTDOWN] disconnecting all clients
[2019-08-16 00:52:07] [SHUTDOWN] writing current universe STARTED
[2019-08-16 00:52:07] [DISCONNECT] Client 'RegisteredClient: Ithirahad (1) [Ithirahad]connected: true' IP(/73.27.218.112:53876) HAS BEEN DISCONNECTED . PROBE: false; ProcessorID: 0
[2019-08-16 00:52:17] [SHUTDOWN] database closed successfully
[2019-08-16 00:52:17] [SHUTDOWN] writing current universe FINISHED
