[2019-05-31 14:12:40] STARMADE SERVER VERSION: 0.201.378; Build(20190420_091741)
[2019-05-31 14:12:40] STARMADE SERVER STARTED: Fri May 31 14:12:40 EDT 2019
[2019-05-31 14:14:42] [SERVERSOCKET] Incoming connection: 62628, /174.58.17.168 -> 4242, /158.69.122.144
[2019-05-31 14:14:43] [AUTH] authenticating Ithirahad; useAuth: true; requireAuth: true
[2019-05-31 14:14:45] [AUTH] Protection status of Ithirahad is ProtectedUplinkName [username=Ithirahad, timeProtected=1559323529581] -> protected = true
[2019-05-31 14:14:45] [AUTH] PROTECTING USER ithirahad under uplink id Ithirahad
[2019-05-31 14:14:45] [LOGIN] logged in RegisteredClient: Ithirahad (1) [Ithirahad]connected: true (/174.58.17.168:62628)
[2019-05-31 14:14:48] [ADMINCOMMAND] #CONSOLE# used: 'SERVER_MESSAGE_TO' with args [info, Ithirahad,  Welcome to The QuickFire Initiative! ]
[2019-05-31 14:21:27] [ADMINCOMMAND] #CONSOLE# used: 'SERVER_MESSAGE_TO' with args [plain, Ithirahad,  [QuickBot]: Welcome to The QuickFire Initiative. ]
[2019-05-31 14:21:53] [ADMINCOMMAND] Ithirahad used: 'LOAD_AS_FACTION' with args [turreted missile tester, turreted missile tester_1559326908383, 10005]
[2019-05-31 14:21:53] [BLUEPRINT][LOAD] <admin> loaded turreted missile tester as "turreted missile tester_1559326908383" in (6, 28, 12) as faction 10005
[2019-05-31 14:22:16] [ADMINCOMMAND] Ithirahad used: 'FACTION_SET_ENTITY' with args [-1]
[2019-05-31 14:22:56] [ADMINCOMMAND] Ithirahad used: 'CHANGE_SECTOR_SELECTED' with args [30, 60, 101]
[2019-05-31 14:23:02] [ADMINCOMMAND] Ithirahad used: 'CHANGE_SECTOR' with args [30, 60, 101]
[2019-05-31 14:26:39] [ADMINCOMMAND] Ithirahad used: 'LOAD_AS_FACTION' with args [tower target, tower target_1559327197136, 10005]
[2019-05-31 14:26:39] [BLUEPRINT][LOAD] <admin> loaded tower target as "tower target_1559327197136" in (30, 60, 100) as faction 10005
[2019-05-31 14:27:01] [DISCONNECT] Client 'RegisteredClient: Ithirahad (1) [Ithirahad]connected: true' IP(/174.58.17.168:62628) HAS BEEN DISCONNECTED . PROBE: false; ProcessorID: 0
[2019-05-31 14:27:01] [LOGOUT] logging out client ID RegisteredClient: Ithirahad (1) [Ithirahad]connected: true
[2019-05-31 14:32:29] [ADMINCOMMAND] #CONSOLE# used: 'START_COUNTDOWN' with args [300, Shutting down server..]
[2019-05-31 14:32:30] [ADMINCOMMAND] #CONSOLE# used: 'FORCE_SAVE' with args []
[2019-05-31 14:37:30] [ADMINCOMMAND] #CONSOLE# used: 'SHUTDOWN' with args [1]
[2019-05-31 14:37:31] [SHUTDOWN] Shutting down server
[2019-05-31 14:37:31] [SHUTDOWN] shutting down element collection thread
[2019-05-31 14:37:31] [SHUTDOWN] shutting down pathfinding threads
[2019-05-31 14:37:31] [SHUTDOWN] shutting down universe
[2019-05-31 14:37:31] [SHUTDOWN] shutting down segment request thread
[2019-05-31 14:37:31] [SHUTDOWN] shutting down simulation
[2019-05-31 14:37:31] [SHUTDOWN] shutting down active checker
[2019-05-31 14:37:31] [SHUTDOWN] shutting sysin listener
[2019-05-31 14:37:31] [SHUTDOWN] shutting down mob thread
[2019-05-31 14:37:31] [SHUTDOWN] shutting down game map provider
[2019-05-31 14:37:31] [SHUTDOWN] server stop listening
[2019-05-31 14:37:31] [SHUTDOWN] disconnecting all clients
[2019-05-31 14:37:31] [SHUTDOWN] writing current universe STARTED
[2019-05-31 14:37:38] [SHUTDOWN] database closed successfully
[2019-05-31 14:37:38] [SHUTDOWN] writing current universe FINISHED
