[2019-03-09 14:48:25] STARMADE SERVER VERSION: 0.201.364; Build(20190219_163910)
[2019-03-09 14:48:25] STARMADE SERVER STARTED: Sat Mar 09 14:48:25 EST 2019
[2019-03-09 14:49:39] [FACTION] Relationship Offer accepted: 21474834332516353 between Rel[a=-10000000, b=-9999999, rel=NEUTRAL]; Traders AND Outcasts; CODEA: 21474834332516353; CODEB: 21474836479999999
[2019-03-09 14:50:18] [FACTION] Relationship Offer accepted: 21474832185032705 between Rel[a=-9999999, b=-9999998, rel=NEUTRAL]; Outcasts AND Scavengers; CODEA: 21474832185032705; CODEB: 21474834332516351
[2019-03-09 14:50:18] [FACTION] Relationship Offer accepted: 21474836479999998 between Rel[a=-10000000, b=-9999998, rel=NEUTRAL]; Traders AND Scavengers; CODEA: 21474836479999998; CODEB: 21474832185032706
[2019-03-09 15:54:50] [ADMINCOMMAND] #CONSOLE# used: 'START_COUNTDOWN' with args [900, Shutting down server..]
[2019-03-09 15:54:51] [ADMINCOMMAND] #CONSOLE# used: 'FORCE_SAVE' with args []
[2019-03-09 16:09:51] [ADMINCOMMAND] #CONSOLE# used: 'SHUTDOWN' with args [1]
[2019-03-09 16:09:52] [SHUTDOWN] Shutting down server
[2019-03-09 16:09:52] [SHUTDOWN] shutting down element collection thread
[2019-03-09 16:09:52] [SHUTDOWN] shutting down pathfinding threads
[2019-03-09 16:09:52] [SHUTDOWN] shutting down universe
[2019-03-09 16:09:52] [SHUTDOWN] shutting down segment request thread
[2019-03-09 16:09:52] [SHUTDOWN] shutting down simulation
[2019-03-09 16:09:52] [SHUTDOWN] shutting down active checker
[2019-03-09 16:09:52] [SHUTDOWN] shutting sysin listener
[2019-03-09 16:09:52] [SHUTDOWN] shutting down mob thread
[2019-03-09 16:09:52] [SHUTDOWN] shutting down game map provider
[2019-03-09 16:09:52] [SHUTDOWN] server stop listening
[2019-03-09 16:09:52] [SHUTDOWN] disconnecting all clients
[2019-03-09 16:09:52] [SHUTDOWN] writing current universe STARTED
[2019-03-09 16:09:57] [SHUTDOWN] database closed successfully
[2019-03-09 16:09:57] [SHUTDOWN] writing current universe FINISHED
