[2019-05-31 14:53:38] STARMADE SERVER VERSION: 0.201.378; Build(20190420_091741)
[2019-05-31 14:53:38] STARMADE SERVER STARTED: Fri May 31 14:53:38 EDT 2019
[2019-05-31 14:55:47] [SERVERSOCKET] Incoming connection: 63101, /174.58.17.168 -> 4242, /158.69.122.144
[2019-05-31 14:55:48] [AUTH] authenticating Ithirahad; useAuth: true; requireAuth: true
[2019-05-31 14:55:49] [AUTH] Protection status of Ithirahad is ProtectedUplinkName [username=Ithirahad, timeProtected=1559327881997] -> protected = true
[2019-05-31 14:55:49] [AUTH] PROTECTING USER ithirahad under uplink id Ithirahad
[2019-05-31 14:55:49] [LOGIN] logged in RegisteredClient: Ithirahad (1) [Ithirahad]connected: true (/174.58.17.168:63101)
[2019-05-31 14:55:53] [ADMINCOMMAND] #CONSOLE# used: 'SERVER_MESSAGE_TO' with args [info, Ithirahad,  Welcome to The QuickFire Initiative! ]
[2019-05-31 14:56:15] [ADMINCOMMAND] #CONSOLE# used: 'SERVER_MESSAGE_TO' with args [plain, Ithirahad,  [QuickBot]: Welcome to The QuickFire Initiative. ]
[2019-05-31 15:00:51] [ADMINCOMMAND] Ithirahad used: 'GOD_MODE' with args [Ithirahad, true]
[2019-05-31 15:01:11] [ADMINCOMMAND] Ithirahad used: 'LOAD_AS_FACTION' with args [tower target, tower target_1559329269107, 10005]
[2019-05-31 15:01:11] [BLUEPRINT][LOAD] <admin> loaded tower target as "tower target_1559329269107" in (31, 59, 102) as faction 10005
[2019-05-31 15:02:27] [ADMINCOMMAND] #CONSOLE# used: 'START_COUNTDOWN' with args [600, Shutting down server..]
[2019-05-31 15:02:27] [ADMINCOMMAND] #CONSOLE# used: 'FORCE_SAVE' with args []
[2019-05-31 15:12:28] [ADMINCOMMAND] #CONSOLE# used: 'SHUTDOWN' with args [1]
[2019-05-31 15:12:29] [SHUTDOWN] Shutting down server
[2019-05-31 15:12:29] [SHUTDOWN] shutting down element collection thread
[2019-05-31 15:12:29] [SHUTDOWN] shutting down pathfinding threads
[2019-05-31 15:12:29] [SHUTDOWN] shutting down universe
[2019-05-31 15:12:29] [SHUTDOWN] shutting down segment request thread
[2019-05-31 15:12:29] [SHUTDOWN] shutting down simulation
[2019-05-31 15:12:29] [SHUTDOWN] shutting down active checker
[2019-05-31 15:12:29] [SHUTDOWN] shutting sysin listener
[2019-05-31 15:12:29] [SHUTDOWN] shutting down mob thread
[2019-05-31 15:12:29] [SHUTDOWN] shutting down game map provider
[2019-05-31 15:12:29] [SHUTDOWN] server stop listening
[2019-05-31 15:12:29] [SHUTDOWN] disconnecting all clients
[2019-05-31 15:12:29] [SHUTDOWN] writing current universe STARTED
[2019-05-31 15:12:29] [DISCONNECT] Client 'RegisteredClient: Ithirahad (1) [Ithirahad]connected: true' IP(/174.58.17.168:63101) HAS BEEN DISCONNECTED . PROBE: false; ProcessorID: 0
[2019-05-31 15:12:36] [SHUTDOWN] database closed successfully
[2019-05-31 15:12:36] [SHUTDOWN] writing current universe FINISHED
