[2019-06-01 15:37:21] STARMADE SERVER VERSION: 0.201.378; Build(20190420_091741)
[2019-06-01 15:37:21] STARMADE SERVER STARTED: Sat Jun 01 15:37:21 EDT 2019
[2019-06-01 15:40:03] [FACTION] Relationship Offer accepted: 21474836479999999 between Rel[a=-10000000, b=-9999999, rel=NEUTRAL]; Traders AND Outcasts; CODEA: 21474836479999999; CODEB: 21474834332516353
[2019-06-01 15:40:03] [FACTION] Relationship Offer accepted: 21474834332516351 between Rel[a=-9999999, b=-9999998, rel=NEUTRAL]; Outcasts AND Scavengers; CODEA: 21474834332516351; CODEB: 21474832185032705
[2019-06-01 15:40:03] [FACTION] Relationship Offer accepted: 21474832185032706 between Rel[a=-10000000, b=-9999998, rel=NEUTRAL]; Traders AND Scavengers; CODEA: 21474832185032706; CODEB: 21474836479999998
[2019-06-01 15:55:44] [SERVERSOCKET] Incoming connection: 59550, /174.58.17.168 -> 4242, /158.69.122.144
[2019-06-01 15:55:44] [AUTH] authenticating Ithirahad; useAuth: true; requireAuth: true
[2019-06-01 15:55:45] [AUTH] Protection status of Ithirahad is ProtectedUplinkName [username=Ithirahad, timeProtected=1559415552564] -> protected = true
[2019-06-01 15:55:45] [AUTH] PROTECTING USER ithirahad under uplink id Ithirahad
[2019-06-01 15:55:45] [LOGIN] logged in RegisteredClient: Ithirahad (1) [Ithirahad]connected: true (/174.58.17.168:59550)
[2019-06-01 15:56:15] [ADMINCOMMAND] #CONSOLE# used: 'SERVER_MESSAGE_TO' with args [info, Ithirahad,  Welcome to The QuickFire Initiative! ]
[2019-06-01 15:59:23] [ADMINCOMMAND] #CONSOLE# used: 'SERVER_MESSAGE_TO' with args [plain, Ithirahad,  [QuickBot]: Welcome to The QuickFire Initiative. ]
[2019-06-01 16:05:12] [DISCONNECT] Client 'RegisteredClient: Ithirahad (1) [Ithirahad]connected: true' IP(/174.58.17.168:59550) HAS BEEN DISCONNECTED . PROBE: false; ProcessorID: 0
[2019-06-01 16:05:12] [LOGOUT] logging out client ID RegisteredClient: Ithirahad (1) [Ithirahad]connected: true
[2019-06-01 16:05:52] [ADMINCOMMAND] #CONSOLE# used: 'START_COUNTDOWN' with args [10, Shutting down server..]
[2019-06-01 16:05:53] [ADMINCOMMAND] #CONSOLE# used: 'FORCE_SAVE' with args []
[2019-06-01 16:06:03] [ADMINCOMMAND] #CONSOLE# used: 'SHUTDOWN' with args [1]
[2019-06-01 16:06:04] [SHUTDOWN] Shutting down server
[2019-06-01 16:06:04] [SHUTDOWN] shutting down element collection thread
[2019-06-01 16:06:04] [SHUTDOWN] shutting down pathfinding threads
[2019-06-01 16:06:04] [SHUTDOWN] shutting down universe
[2019-06-01 16:06:04] [SHUTDOWN] shutting down segment request thread
[2019-06-01 16:06:04] [SHUTDOWN] shutting down simulation
[2019-06-01 16:06:04] [SHUTDOWN] shutting down active checker
[2019-06-01 16:06:04] [SHUTDOWN] shutting sysin listener
[2019-06-01 16:06:04] [SHUTDOWN] shutting down mob thread
[2019-06-01 16:06:04] [SHUTDOWN] shutting down game map provider
[2019-06-01 16:06:04] [SHUTDOWN] server stop listening
[2019-06-01 16:06:04] [SHUTDOWN] disconnecting all clients
[2019-06-01 16:06:04] [SHUTDOWN] writing current universe STARTED
[2019-06-01 16:06:11] [SHUTDOWN] database closed successfully
[2019-06-01 16:06:11] [SHUTDOWN] writing current universe FINISHED
